{"C:\\Users\\ADMIN\\Desktop\\sgu25_doan_ktpm\\server_app\\API\\Controller\\category.controller.js": {"path":"C:\\Users\\ADMIN\\Desktop\\sgu25_doan_ktpm\\server_app\\API\\Controller\\category.controller.js","statementMap":{"0":{"start":{"line":1,"column":17},"end":{"line":1,"column":49}},"1":{"start":{"line":3,"column":0},"end":{"line":10,"column":2}},"2":{"start":{"line":5,"column":21},"end":{"line":5,"column":42}},"3":{"start":{"line":8,"column":4},"end":{"line":8,"column":23}}},"fnMap":{"0":{"name":"(anonymous_0)","decl":{"start":{"line":3,"column":23},"end":{"line":3,"column":24}},"loc":{"start":{"line":3,"column":43},"end":{"line":10,"column":1}},"line":3}},"branchMap":{},"s":{"0":0,"1":0,"2":0,"3":0},"f":{"0":0},"b":{}}
,"C:\\Users\\ADMIN\\Desktop\\sgu25_doan_ktpm\\server_app\\API\\Controller\\comment.controller.js": {"path":"C:\\Users\\ADMIN\\Desktop\\sgu25_doan_ktpm\\server_app\\API\\Controller\\comment.controller.js","statementMap":{"0":{"start":{"line":1,"column":16},"end":{"line":1,"column":47}},"1":{"start":{"line":5,"column":0},"end":{"line":13,"column":2}},"2":{"start":{"line":7,"column":23},"end":{"line":7,"column":36}},"3":{"start":{"line":9,"column":28},"end":{"line":9,"column":94}},"4":{"start":{"line":11,"column":4},"end":{"line":11,"column":30}},"5":{"start":{"line":17,"column":0},"end":{"line":33,"column":2}},"6":{"start":{"line":19,"column":23},"end":{"line":19,"column":36}},"7":{"start":{"line":22,"column":17},"end":{"line":27,"column":5}},"8":{"start":{"line":29,"column":4},"end":{"line":29,"column":31}},"9":{"start":{"line":31,"column":4},"end":{"line":31,"column":27}}},"fnMap":{"0":{"name":"(anonymous_0)","decl":{"start":{"line":5,"column":23},"end":{"line":5,"column":24}},"loc":{"start":{"line":5,"column":43},"end":{"line":13,"column":1}},"line":5},"1":{"name":"(anonymous_1)","decl":{"start":{"line":17,"column":30},"end":{"line":17,"column":31}},"loc":{"start":{"line":17,"column":50},"end":{"line":33,"column":1}},"line":17}},"branchMap":{},"s":{"0":0,"1":0,"2":0,"3":0,"4":0,"5":0,"6":0,"7":0,"8":0,"9":0},"f":{"0":0,"1":0},"b":{}}
,"C:\\Users\\ADMIN\\Desktop\\sgu25_doan_ktpm\\server_app\\API\\Controller\\delivery.controller.js": {"path":"C:\\Users\\ADMIN\\Desktop\\sgu25_doan_ktpm\\server_app\\API\\Controller\\delivery.controller.js","statementMap":{"0":{"start":{"line":1,"column":17},"end":{"line":1,"column":49}},"1":{"start":{"line":3,"column":0},"end":{"line":9,"column":2}},"2":{"start":{"line":5,"column":21},"end":{"line":5,"column":52}},"3":{"start":{"line":7,"column":4},"end":{"line":7,"column":23}},"4":{"start":{"line":11,"column":0},"end":{"line":19,"column":2}},"5":{"start":{"line":13,"column":15},"end":{"line":13,"column":28}},"6":{"start":{"line":15,"column":21},"end":{"line":15,"column":64}},"7":{"start":{"line":17,"column":4},"end":{"line":17,"column":23}}},"fnMap":{"0":{"name":"(anonymous_0)","decl":{"start":{"line":3,"column":31},"end":{"line":3,"column":32}},"loc":{"start":{"line":3,"column":51},"end":{"line":9,"column":1}},"line":3},"1":{"name":"(anonymous_1)","decl":{"start":{"line":11,"column":30},"end":{"line":11,"column":31}},"loc":{"start":{"line":11,"column":50},"end":{"line":19,"column":1}},"line":11}},"branchMap":{},"s":{"0":0,"1":0,"2":0,"3":0,"4":0,"5":0,"6":0,"7":0},"f":{"0":0,"1":0},"b":{}}
,"C:\\Users\\ADMIN\\Desktop\\sgu25_doan_ktpm\\server_app\\API\\Controller\\detail_order.controller.js": {"path":"C:\\Users\\ADMIN\\Desktop\\sgu25_doan_ktpm\\server_app\\API\\Controller\\detail_order.controller.js","statementMap":{"0":{"start":{"line":1,"column":21},"end":{"line":1,"column":57}},"1":{"start":{"line":5,"column":0},"end":{"line":13,"column":2}},"2":{"start":{"line":7,"column":21},"end":{"line":7,"column":34}},"3":{"start":{"line":9,"column":25},"end":{"line":9,"column":95}},"4":{"start":{"line":11,"column":4},"end":{"line":11,"column":27}},"5":{"start":{"line":16,"column":0},"end":{"line":22,"column":2}},"6":{"start":{"line":18,"column":4},"end":{"line":18,"column":40}},"7":{"start":{"line":20,"column":4},"end":{"line":20,"column":27}}},"fnMap":{"0":{"name":"(anonymous_0)","decl":{"start":{"line":5,"column":24},"end":{"line":5,"column":25}},"loc":{"start":{"line":5,"column":44},"end":{"line":13,"column":1}},"line":5},"1":{"name":"(anonymous_1)","decl":{"start":{"line":16,"column":35},"end":{"line":16,"column":36}},"loc":{"start":{"line":16,"column":55},"end":{"line":22,"column":1}},"line":16}},"branchMap":{},"s":{"0":0,"1":0,"2":0,"3":0,"4":0,"5":0,"6":0,"7":0},"f":{"0":0,"1":0},"b":{}}
,"C:\\Users\\ADMIN\\Desktop\\sgu25_doan_ktpm\\server_app\\API\\Controller\\note.controller.js": {"path":"C:\\Users\\ADMIN\\Desktop\\sgu25_doan_ktpm\\server_app\\API\\Controller\\note.controller.js","statementMap":{"0":{"start":{"line":1,"column":13},"end":{"line":1,"column":41}},"1":{"start":{"line":3,"column":0},"end":{"line":9,"column":2}},"2":{"start":{"line":5,"column":17},"end":{"line":5,"column":44}},"3":{"start":{"line":7,"column":4},"end":{"line":7,"column":19}},"4":{"start":{"line":11,"column":0},"end":{"line":19,"column":2}},"5":{"start":{"line":13,"column":15},"end":{"line":13,"column":28}},"6":{"start":{"line":15,"column":17},"end":{"line":15,"column":48}},"7":{"start":{"line":17,"column":4},"end":{"line":17,"column":19}}},"fnMap":{"0":{"name":"(anonymous_0)","decl":{"start":{"line":3,"column":31},"end":{"line":3,"column":32}},"loc":{"start":{"line":3,"column":51},"end":{"line":9,"column":1}},"line":3},"1":{"name":"(anonymous_1)","decl":{"start":{"line":11,"column":30},"end":{"line":11,"column":31}},"loc":{"start":{"line":11,"column":50},"end":{"line":19,"column":1}},"line":11}},"branchMap":{},"s":{"0":0,"1":0,"2":0,"3":0,"4":0,"5":0,"6":0,"7":0},"f":{"0":0,"1":0},"b":{}}
,"C:\\Users\\ADMIN\\Desktop\\sgu25_doan_ktpm\\server_app\\API\\Controller\\order.controller.js": {"path":"C:\\Users\\ADMIN\\Desktop\\sgu25_doan_ktpm\\server_app\\API\\Controller\\order.controller.js","statementMap":{"0":{"start":{"line":1,"column":15},"end":{"line":1,"column":38}},"1":{"start":{"line":2,"column":15},"end":{"line":2,"column":32}},"2":{"start":{"line":4,"column":14},"end":{"line":4,"column":43}},"3":{"start":{"line":5,"column":21},"end":{"line":5,"column":57}},"4":{"start":{"line":6,"column":16},"end":{"line":6,"column":47}},"5":{"start":{"line":9,"column":0},"end":{"line":15,"column":2}},"6":{"start":{"line":11,"column":18},"end":{"line":11,"column":46}},"7":{"start":{"line":13,"column":4},"end":{"line":13,"column":20}},"8":{"start":{"line":17,"column":0},"end":{"line":46,"column":2}},"9":{"start":{"line":19,"column":18},"end":{"line":19,"column":97}},"10":{"start":{"line":22,"column":21},"end":{"line":23,"column":344}},"11":{"start":{"line":25,"column":22},"end":{"line":25,"column":24}},"12":{"start":{"line":27,"column":4},"end":{"line":36,"column":5}},"13":{"start":{"line":27,"column":17},"end":{"line":27,"column":18}},"14":{"start":{"line":28,"column":8},"end":{"line":35,"column":20}},"15":{"start":{"line":38,"column":23},"end":{"line":39,"column":178}},"16":{"start":{"line":42,"column":4},"end":{"line":42,"column":74}},"17":{"start":{"line":44,"column":4},"end":{"line":44,"column":37}},"18":{"start":{"line":48,"column":0},"end":{"line":56,"column":2}},"19":{"start":{"line":50,"column":20},"end":{"line":50,"column":33}},"20":{"start":{"line":52,"column":18},"end":{"line":52,"column":80}},"21":{"start":{"line":54,"column":4},"end":{"line":54,"column":20}},"22":{"start":{"line":58,"column":0},"end":{"line":66,"column":2}},"23":{"start":{"line":60,"column":21},"end":{"line":60,"column":34}},"24":{"start":{"line":62,"column":18},"end":{"line":62,"column":103}},"25":{"start":{"line":64,"column":4},"end":{"line":64,"column":20}},"26":{"start":{"line":68,"column":0},"end":{"line":102,"column":2}},"27":{"start":{"line":70,"column":22},"end":{"line":70,"column":56}},"28":{"start":{"line":71,"column":22},"end":{"line":71,"column":40}},"29":{"start":{"line":72,"column":19},"end":{"line":72,"column":34}},"30":{"start":{"line":73,"column":22},"end":{"line":73,"column":40}},"31":{"start":{"line":74,"column":22},"end":{"line":74,"column":40}},"32":{"start":{"line":75,"column":25},"end":{"line":75,"column":46}},"33":{"start":{"line":76,"column":20},"end":{"line":76,"column":36}},"34":{"start":{"line":77,"column":20},"end":{"line":77,"column":36}},"35":{"start":{"line":78,"column":22},"end":{"line":78,"column":40}},"36":{"start":{"line":79,"column":22},"end":{"line":79,"column":40}},"37":{"start":{"line":80,"column":24},"end":{"line":80,"column":44}},"38":{"start":{"line":81,"column":20},"end":{"line":81,"column":36}},"39":{"start":{"line":82,"column":22},"end":{"line":82,"column":40}},"40":{"start":{"line":83,"column":25},"end":{"line":83,"column":46}},"41":{"start":{"line":84,"column":20},"end":{"line":84,"column":36}},"42":{"start":{"line":86,"column":16},"end":{"line":86,"column":333}},"43":{"start":{"line":88,"column":20},"end":{"line":90,"column":22}},"44":{"start":{"line":92,"column":4},"end":{"line":95,"column":5}},"45":{"start":{"line":93,"column":8},"end":{"line":93,"column":51}},"46":{"start":{"line":94,"column":8},"end":{"line":94,"column":15}},"47":{"start":{"line":96,"column":4},"end":{"line":100,"column":5}},"48":{"start":{"line":97,"column":8},"end":{"line":97,"column":31}},"49":{"start":{"line":99,"column":8},"end":{"line":99,"column":40}},"50":{"start":{"line":197,"column":0},"end":{"line":204,"column":2}},"51":{"start":{"line":198,"column":4},"end":{"line":203,"column":5}},"52":{"start":{"line":199,"column":25},"end":{"line":199,"column":47}},"53":{"start":{"line":200,"column":8},"end":{"line":200,"column":27}},"54":{"start":{"line":202,"column":8},"end":{"line":202,"column":55}},"55":{"start":{"line":207,"column":0},"end":{"line":224,"column":2}},"56":{"start":{"line":208,"column":4},"end":{"line":223,"column":5}},"57":{"start":{"line":210,"column":23},"end":{"line":215,"column":10}},"58":{"start":{"line":217,"column":8},"end":{"line":220,"column":11}},"59":{"start":{"line":222,"column":8},"end":{"line":222,"column":55}},"60":{"start":{"line":227,"column":0},"end":{"line":243,"column":2}},"61":{"start":{"line":228,"column":4},"end":{"line":242,"column":5}},"62":{"start":{"line":230,"column":29},"end":{"line":230,"column":55}},"63":{"start":{"line":233,"column":30},"end":{"line":233,"column":63}},"64":{"start":{"line":235,"column":8},"end":{"line":239,"column":11}},"65":{"start":{"line":241,"column":8},"end":{"line":241,"column":55}}},"fnMap":{"0":{"name":"(anonymous_0)","decl":{"start":{"line":9,"column":28},"end":{"line":9,"column":29}},"loc":{"start":{"line":9,"column":48},"end":{"line":15,"column":1}},"line":9},"1":{"name":"(anonymous_1)","decl":{"start":{"line":17,"column":27},"end":{"line":17,"column":28}},"loc":{"start":{"line":17,"column":47},"end":{"line":46,"column":1}},"line":17},"2":{"name":"(anonymous_2)","decl":{"start":{"line":48,"column":27},"end":{"line":48,"column":28}},"loc":{"start":{"line":48,"column":47},"end":{"line":56,"column":1}},"line":48},"3":{"name":"(anonymous_3)","decl":{"start":{"line":58,"column":28},"end":{"line":58,"column":29}},"loc":{"start":{"line":58,"column":48},"end":{"line":66,"column":1}},"line":58},"4":{"name":"(anonymous_4)","decl":{"start":{"line":68,"column":27},"end":{"line":68,"column":28}},"loc":{"start":{"line":68,"column":47},"end":{"line":102,"column":1}},"line":68},"5":{"name":"(anonymous_5)","decl":{"start":{"line":197,"column":30},"end":{"line":197,"column":31}},"loc":{"start":{"line":197,"column":50},"end":{"line":204,"column":1}},"line":197},"6":{"name":"(anonymous_6)","decl":{"start":{"line":207,"column":38},"end":{"line":207,"column":39}},"loc":{"start":{"line":207,"column":58},"end":{"line":224,"column":1}},"line":207},"7":{"name":"(anonymous_7)","decl":{"start":{"line":227,"column":34},"end":{"line":227,"column":35}},"loc":{"start":{"line":227,"column":54},"end":{"line":243,"column":1}},"line":227}},"branchMap":{"0":{"loc":{"start":{"line":92,"column":4},"end":{"line":95,"column":5}},"type":"if","locations":[{"start":{"line":92,"column":4},"end":{"line":95,"column":5}},{"start":{},"end":{}}],"line":92},"1":{"loc":{"start":{"line":96,"column":4},"end":{"line":100,"column":5}},"type":"if","locations":[{"start":{"line":96,"column":4},"end":{"line":100,"column":5}},{"start":{"line":98,"column":11},"end":{"line":100,"column":5}}],"line":96}},"s":{"0":0,"1":0,"2":0,"3":0,"4":0,"5":0,"6":0,"7":0,"8":0,"9":0,"10":0,"11":0,"12":0,"13":0,"14":0,"15":0,"16":0,"17":0,"18":0,"19":0,"20":0,"21":0,"22":0,"23":0,"24":0,"25":0,"26":0,"27":0,"28":0,"29":0,"30":0,"31":0,"32":0,"33":0,"34":0,"35":0,"36":0,"37":0,"38":0,"39":0,"40":0,"41":0,"42":0,"43":0,"44":0,"45":0,"46":0,"47":0,"48":0,"49":0,"50":0,"51":0,"52":0,"53":0,"54":0,"55":0,"56":0,"57":0,"58":0,"59":0,"60":0,"61":0,"62":0,"63":0,"64":0,"65":0},"f":{"0":0,"1":0,"2":0,"3":0,"4":0,"5":0,"6":0,"7":0},"b":{"0":[0,0],"1":[0,0]}}
,"C:\\Users\\ADMIN\\Desktop\\sgu25_doan_ktpm\\server_app\\API\\Controller\\product.controller.js": {"path":"C:\\Users\\ADMIN\\Desktop\\sgu25_doan_ktpm\\server_app\\API\\Controller\\product.controller.js","statementMap":{"0":{"start":{"line":1,"column":17},"end":{"line":1,"column":48}},"1":{"start":{"line":2,"column":17},"end":{"line":2,"column":49}},"2":{"start":{"line":5,"column":0},"end":{"line":10,"column":2}},"3":{"start":{"line":7,"column":21},"end":{"line":7,"column":42}},"4":{"start":{"line":9,"column":4},"end":{"line":9,"column":23}},"5":{"start":{"line":13,"column":0},"end":{"line":21,"column":2}},"6":{"start":{"line":15,"column":19},"end":{"line":15,"column":35}},"7":{"start":{"line":17,"column":21},"end":{"line":17,"column":60}},"8":{"start":{"line":19,"column":4},"end":{"line":19,"column":23}},"9":{"start":{"line":24,"column":0},"end":{"line":37,"column":2}},"10":{"start":{"line":26,"column":24},"end":{"line":26,"column":45}},"11":{"start":{"line":30,"column":4},"end":{"line":34,"column":5}},"12":{"start":{"line":31,"column":8},"end":{"line":31,"column":50}},"13":{"start":{"line":33,"column":8},"end":{"line":33,"column":78}},"14":{"start":{"line":36,"column":4},"end":{"line":36,"column":32}},"15":{"start":{"line":40,"column":0},"end":{"line":48,"column":2}},"16":{"start":{"line":42,"column":15},"end":{"line":42,"column":28}},"17":{"start":{"line":44,"column":20},"end":{"line":44,"column":55}},"18":{"start":{"line":46,"column":4},"end":{"line":46,"column":22}},"19":{"start":{"line":52,"column":0},"end":{"line":95,"column":2}},"20":{"start":{"line":55,"column":17},"end":{"line":55,"column":46}},"21":{"start":{"line":58,"column":26},"end":{"line":58,"column":56}},"22":{"start":{"line":61,"column":26},"end":{"line":61,"column":42}},"23":{"start":{"line":64,"column":21},"end":{"line":64,"column":39}},"24":{"start":{"line":67,"column":16},"end":{"line":67,"column":42}},"25":{"start":{"line":68,"column":14},"end":{"line":68,"column":34}},"26":{"start":{"line":73,"column":4},"end":{"line":77,"column":5}},"27":{"start":{"line":74,"column":8},"end":{"line":74,"column":41}},"28":{"start":{"line":76,"column":8},"end":{"line":76,"column":66}},"29":{"start":{"line":79,"column":29},"end":{"line":79,"column":55}},"30":{"start":{"line":82,"column":4},"end":{"line":93,"column":5}},"31":{"start":{"line":84,"column":8},"end":{"line":84,"column":37}},"32":{"start":{"line":87,"column":22},"end":{"line":90,"column":10}},"33":{"start":{"line":88,"column":12},"end":{"line":89,"column":90}},"34":{"start":{"line":92,"column":8},"end":{"line":92,"column":26}},"35":{"start":{"line":98,"column":0},"end":{"line":120,"column":2}},"36":{"start":{"line":100,"column":17},"end":{"line":100,"column":31}},"37":{"start":{"line":102,"column":18},"end":{"line":102,"column":33}},"38":{"start":{"line":104,"column":19},"end":{"line":104,"column":35}},"39":{"start":{"line":107,"column":18},"end":{"line":107,"column":36}},"40":{"start":{"line":108,"column":16},"end":{"line":108,"column":28}},"41":{"start":{"line":110,"column":21},"end":{"line":110,"column":42}},"42":{"start":{"line":112,"column":20},"end":{"line":114,"column":6}},"43":{"start":{"line":113,"column":8},"end":{"line":113,"column":85}},"44":{"start":{"line":116,"column":31},"end":{"line":116,"column":56}},"45":{"start":{"line":118,"column":4},"end":{"line":118,"column":33}}},"fnMap":{"0":{"name":"(anonymous_0)","decl":{"start":{"line":5,"column":23},"end":{"line":5,"column":24}},"loc":{"start":{"line":5,"column":43},"end":{"line":10,"column":1}},"line":5},"1":{"name":"(anonymous_1)","decl":{"start":{"line":13,"column":24},"end":{"line":13,"column":25}},"loc":{"start":{"line":13,"column":44},"end":{"line":21,"column":1}},"line":13},"2":{"name":"(anonymous_2)","decl":{"start":{"line":24,"column":26},"end":{"line":24,"column":27}},"loc":{"start":{"line":24,"column":46},"end":{"line":37,"column":1}},"line":24},"3":{"name":"(anonymous_3)","decl":{"start":{"line":40,"column":24},"end":{"line":40,"column":25}},"loc":{"start":{"line":40,"column":44},"end":{"line":48,"column":1}},"line":40},"4":{"name":"(anonymous_4)","decl":{"start":{"line":52,"column":28},"end":{"line":52,"column":29}},"loc":{"start":{"line":52,"column":48},"end":{"line":95,"column":1}},"line":52},"5":{"name":"(anonymous_5)","decl":{"start":{"line":87,"column":48},"end":{"line":87,"column":49}},"loc":{"start":{"line":87,"column":57},"end":{"line":90,"column":9}},"line":87},"6":{"name":"(anonymous_6)","decl":{"start":{"line":98,"column":23},"end":{"line":98,"column":24}},"loc":{"start":{"line":98,"column":43},"end":{"line":120,"column":1}},"line":98},"7":{"name":"(anonymous_7)","decl":{"start":{"line":112,"column":36},"end":{"line":112,"column":37}},"loc":{"start":{"line":112,"column":45},"end":{"line":114,"column":5}},"line":112}},"branchMap":{"0":{"loc":{"start":{"line":30,"column":4},"end":{"line":34,"column":5}},"type":"if","locations":[{"start":{"line":30,"column":4},"end":{"line":34,"column":5}},{"start":{"line":32,"column":9},"end":{"line":34,"column":5}}],"line":30},"1":{"loc":{"start":{"line":55,"column":17},"end":{"line":55,"column":46}},"type":"binary-expr","locations":[{"start":{"line":55,"column":17},"end":{"line":55,"column":41}},{"start":{"line":55,"column":45},"end":{"line":55,"column":46}}],"line":55},"2":{"loc":{"start":{"line":58,"column":26},"end":{"line":58,"column":56}},"type":"binary-expr","locations":[{"start":{"line":58,"column":26},"end":{"line":58,"column":51}},{"start":{"line":58,"column":55},"end":{"line":58,"column":56}}],"line":58},"3":{"loc":{"start":{"line":73,"column":4},"end":{"line":77,"column":5}},"type":"if","locations":[{"start":{"line":73,"column":4},"end":{"line":77,"column":5}},{"start":{"line":75,"column":9},"end":{"line":77,"column":5}}],"line":73},"4":{"loc":{"start":{"line":82,"column":4},"end":{"line":93,"column":5}},"type":"if","locations":[{"start":{"line":82,"column":4},"end":{"line":93,"column":5}},{"start":{"line":86,"column":9},"end":{"line":93,"column":5}}],"line":82},"5":{"loc":{"start":{"line":88,"column":19},"end":{"line":89,"column":89}},"type":"binary-expr","locations":[{"start":{"line":88,"column":19},"end":{"line":88,"column":95}},{"start":{"line":89,"column":12},"end":{"line":89,"column":89}}],"line":88}},"s":{"0":1,"1":1,"2":1,"3":2,"4":2,"5":1,"6":0,"7":0,"8":0,"9":1,"10":3,"11":3,"12":1,"13":2,"14":3,"15":1,"16":2,"17":2,"18":2,"19":1,"20":6,"21":6,"22":6,"23":6,"24":6,"25":6,"26":6,"27":5,"28":1,"29":6,"30":6,"31":3,"32":3,"33":9,"34":3,"35":1,"36":4,"37":4,"38":4,"39":4,"40":4,"41":4,"42":4,"43":12,"44":4,"45":4},"f":{"0":2,"1":0,"2":3,"3":2,"4":6,"5":9,"6":4,"7":12},"b":{"0":[1,2],"1":[6,0],"2":[6,0],"3":[5,1],"4":[3,3],"5":[9,5]},"_coverageSchema":"1a1c01bbd47fc00a2c39e90264f33305004495a9","hash":"69a166f30c6b78e308e2319ac06802e3c468d4c1"}
,"C:\\Users\\ADMIN\\Desktop\\sgu25_doan_ktpm\\server_app\\API\\Controller\\stripe.controller.js": {"path":"C:\\Users\\ADMIN\\Desktop\\sgu25_doan_ktpm\\server_app\\API\\Controller\\stripe.controller.js","statementMap":{"0":{"start":{"line":1,"column":0},"end":{"line":1,"column":27}},"1":{"start":{"line":2,"column":15},"end":{"line":2,"column":63}},"2":{"start":{"line":4,"column":25},"end":{"line":110,"column":1}},"3":{"start":{"line":7,"column":8},"end":{"line":39,"column":9}},"4":{"start":{"line":8,"column":49},"end":{"line":8,"column":57}},"5":{"start":{"line":11,"column":12},"end":{"line":15,"column":13}},"6":{"start":{"line":12,"column":16},"end":{"line":14,"column":19}},"7":{"start":{"line":18,"column":34},"end":{"line":27,"column":14}},"8":{"start":{"line":29,"column":12},"end":{"line":32,"column":15}},"9":{"start":{"line":35,"column":12},"end":{"line":35,"column":67}},"10":{"start":{"line":36,"column":12},"end":{"line":38,"column":15}},"11":{"start":{"line":44,"column":8},"end":{"line":65,"column":9}},"12":{"start":{"line":45,"column":40},"end":{"line":45,"column":48}},"13":{"start":{"line":47,"column":12},"end":{"line":51,"column":13}},"14":{"start":{"line":48,"column":16},"end":{"line":50,"column":19}},"15":{"start":{"line":53,"column":34},"end":{"line":53,"column":87}},"16":{"start":{"line":55,"column":12},"end":{"line":58,"column":15}},"17":{"start":{"line":61,"column":12},"end":{"line":61,"column":62}},"18":{"start":{"line":62,"column":12},"end":{"line":64,"column":15}},"19":{"start":{"line":70,"column":8},"end":{"line":108,"column":9}},"20":{"start":{"line":71,"column":24},"end":{"line":71,"column":55}},"21":{"start":{"line":74,"column":12},"end":{"line":79,"column":13}},"22":{"start":{"line":75,"column":16},"end":{"line":75,"column":105}},"23":{"start":{"line":77,"column":16},"end":{"line":77,"column":83}},"24":{"start":{"line":78,"column":16},"end":{"line":78,"column":77}},"25":{"start":{"line":82,"column":12},"end":{"line":99,"column":13}},"26":{"start":{"line":84,"column":42},"end":{"line":84,"column":59}},"27":{"start":{"line":85,"column":20},"end":{"line":85,"column":72}},"28":{"start":{"line":87,"column":20},"end":{"line":87,"column":26}},"29":{"start":{"line":91,"column":42},"end":{"line":91,"column":59}},"30":{"start":{"line":92,"column":20},"end":{"line":92,"column":69}},"31":{"start":{"line":94,"column":20},"end":{"line":94,"column":26}},"32":{"start":{"line":98,"column":20},"end":{"line":98,"column":70}},"33":{"start":{"line":101,"column":12},"end":{"line":101,"column":53}},"34":{"start":{"line":104,"column":12},"end":{"line":104,"column":51}},"35":{"start":{"line":105,"column":12},"end":{"line":107,"column":15}},"36":{"start":{"line":112,"column":0},"end":{"line":112,"column":34}}},"fnMap":{"0":{"name":"(anonymous_0)","decl":{"start":{"line":6,"column":25},"end":{"line":6,"column":26}},"loc":{"start":{"line":6,"column":45},"end":{"line":40,"column":5}},"line":6},"1":{"name":"(anonymous_1)","decl":{"start":{"line":43,"column":20},"end":{"line":43,"column":21}},"loc":{"start":{"line":43,"column":40},"end":{"line":66,"column":5}},"line":43},"2":{"name":"(anonymous_2)","decl":{"start":{"line":69,"column":19},"end":{"line":69,"column":20}},"loc":{"start":{"line":69,"column":39},"end":{"line":109,"column":5}},"line":69}},"branchMap":{"0":{"loc":{"start":{"line":8,"column":28},"end":{"line":8,"column":44}},"type":"default-arg","locations":[{"start":{"line":8,"column":39},"end":{"line":8,"column":44}}],"line":8},"1":{"loc":{"start":{"line":11,"column":12},"end":{"line":15,"column":13}},"type":"if","locations":[{"start":{"line":11,"column":12},"end":{"line":15,"column":13}},{"start":{},"end":{}}],"line":11},"2":{"loc":{"start":{"line":11,"column":16},"end":{"line":11,"column":37}},"type":"binary-expr","locations":[{"start":{"line":11,"column":16},"end":{"line":11,"column":23}},{"start":{"line":11,"column":27},"end":{"line":11,"column":37}}],"line":11},"3":{"loc":{"start":{"line":47,"column":12},"end":{"line":51,"column":13}},"type":"if","locations":[{"start":{"line":47,"column":12},"end":{"line":51,"column":13}},{"start":{},"end":{}}],"line":47},"4":{"loc":{"start":{"line":82,"column":12},"end":{"line":99,"column":13}},"type":"switch","locations":[{"start":{"line":83,"column":16},"end":{"line":88,"column":17}},{"start":{"line":90,"column":16},"end":{"line":95,"column":17}},{"start":{"line":97,"column":16},"end":{"line":98,"column":70}}],"line":82}},"s":{"0":0,"1":0,"2":0,"3":0,"4":0,"5":0,"6":0,"7":0,"8":0,"9":0,"10":0,"11":0,"12":0,"13":0,"14":0,"15":0,"16":0,"17":0,"18":0,"19":0,"20":0,"21":0,"22":0,"23":0,"24":0,"25":0,"26":0,"27":0,"28":0,"29":0,"30":0,"31":0,"32":0,"33":0,"34":0,"35":0,"36":0},"f":{"0":0,"1":0,"2":0},"b":{"0":[0],"1":[0,0],"2":[0,0],"3":[0,0],"4":[0,0,0]}}
,"C:\\Users\\ADMIN\\Desktop\\sgu25_doan_ktpm\\server_app\\API\\Controller\\user.controller.js": {"path":"C:\\Users\\ADMIN\\Desktop\\sgu25_doan_ktpm\\server_app\\API\\Controller\\user.controller.js","statementMap":{"0":{"start":{"line":1,"column":14},"end":{"line":1,"column":42}},"1":{"start":{"line":2,"column":15},"end":{"line":2,"column":34}},"2":{"start":{"line":5,"column":0},"end":{"line":11,"column":2}},"3":{"start":{"line":7,"column":17},"end":{"line":7,"column":35}},"4":{"start":{"line":9,"column":4},"end":{"line":9,"column":19}},"5":{"start":{"line":13,"column":0},"end":{"line":21,"column":2}},"6":{"start":{"line":15,"column":15},"end":{"line":15,"column":28}},"7":{"start":{"line":17,"column":17},"end":{"line":17,"column":49}},"8":{"start":{"line":19,"column":4},"end":{"line":19,"column":19}},"9":{"start":{"line":23,"column":0},"end":{"line":73,"column":2}},"10":{"start":{"line":25,"column":21},"end":{"line":25,"column":39}},"11":{"start":{"line":26,"column":21},"end":{"line":26,"column":39}},"12":{"start":{"line":28,"column":4},"end":{"line":28,"column":39}},"13":{"start":{"line":29,"column":4},"end":{"line":29,"column":55}},"14":{"start":{"line":30,"column":4},"end":{"line":30,"column":49}},"15":{"start":{"line":32,"column":18},"end":{"line":32,"column":63}},"16":{"start":{"line":34,"column":17},"end":{"line":34,"column":52}},"17":{"start":{"line":36,"column":4},"end":{"line":36,"column":86}},"18":{"start":{"line":37,"column":4},"end":{"line":41,"column":5}},"19":{"start":{"line":38,"column":8},"end":{"line":38,"column":57}},"20":{"start":{"line":39,"column":8},"end":{"line":39,"column":60}},"21":{"start":{"line":40,"column":8},"end":{"line":40,"column":113}},"22":{"start":{"line":43,"column":4},"end":{"line":71,"column":5}},"23":{"start":{"line":44,"column":8},"end":{"line":44,"column":43}},"24":{"start":{"line":45,"column":8},"end":{"line":45,"column":40}},"25":{"start":{"line":48,"column":33},"end":{"line":48,"column":101}},"26":{"start":{"line":50,"column":32},"end":{"line":50,"column":37}},"27":{"start":{"line":52,"column":8},"end":{"line":60,"column":9}},"28":{"start":{"line":54,"column":12},"end":{"line":54,"column":50}},"29":{"start":{"line":55,"column":12},"end":{"line":55,"column":78}},"30":{"start":{"line":58,"column":12},"end":{"line":58,"column":53}},"31":{"start":{"line":59,"column":12},"end":{"line":59,"column":61}},"32":{"start":{"line":62,"column":8},"end":{"line":62,"column":69}},"33":{"start":{"line":64,"column":8},"end":{"line":70,"column":9}},"34":{"start":{"line":65,"column":12},"end":{"line":65,"column":48}},"35":{"start":{"line":66,"column":12},"end":{"line":66,"column":27}},"36":{"start":{"line":68,"column":12},"end":{"line":68,"column":40}},"37":{"start":{"line":69,"column":12},"end":{"line":69,"column":37}},"38":{"start":{"line":75,"column":0},"end":{"line":96,"column":2}},"39":{"start":{"line":77,"column":17},"end":{"line":77,"column":69}},"40":{"start":{"line":79,"column":4},"end":{"line":94,"column":5}},"41":{"start":{"line":80,"column":8},"end":{"line":80,"column":43}},"42":{"start":{"line":83,"column":21},"end":{"line":83,"column":43}},"43":{"start":{"line":84,"column":31},"end":{"line":84,"column":73}},"44":{"start":{"line":87,"column":28},"end":{"line":90,"column":9}},"45":{"start":{"line":92,"column":8},"end":{"line":92,"column":40}},"46":{"start":{"line":93,"column":8},"end":{"line":93,"column":38}},"47":{"start":{"line":98,"column":0},"end":{"line":115,"column":2}},"48":{"start":{"line":100,"column":17},"end":{"line":100,"column":59}},"49":{"start":{"line":102,"column":4},"end":{"line":102,"column":38}},"50":{"start":{"line":103,"column":4},"end":{"line":103,"column":38}},"51":{"start":{"line":106,"column":4},"end":{"line":109,"column":5}},"52":{"start":{"line":107,"column":21},"end":{"line":107,"column":43}},"53":{"start":{"line":108,"column":8},"end":{"line":108,"column":67}},"54":{"start":{"line":111,"column":4},"end":{"line":111,"column":16}},"55":{"start":{"line":113,"column":4},"end":{"line":113,"column":27}},"56":{"start":{"line":117,"column":0},"end":{"line":178,"column":2}},"57":{"start":{"line":119,"column":49},"end":{"line":119,"column":57}},"58":{"start":{"line":121,"column":4},"end":{"line":121,"column":49}},"59":{"start":{"line":122,"column":4},"end":{"line":122,"column":36}},"60":{"start":{"line":123,"column":4},"end":{"line":123,"column":46}},"61":{"start":{"line":124,"column":4},"end":{"line":124,"column":46}},"62":{"start":{"line":126,"column":4},"end":{"line":176,"column":5}},"63":{"start":{"line":128,"column":21},"end":{"line":128,"column":57}},"64":{"start":{"line":130,"column":8},"end":{"line":132,"column":9}},"65":{"start":{"line":131,"column":12},"end":{"line":131,"column":86}},"66":{"start":{"line":134,"column":8},"end":{"line":134,"column":50}},"67":{"start":{"line":135,"column":8},"end":{"line":135,"column":62}},"68":{"start":{"line":138,"column":33},"end":{"line":138,"column":101}},"69":{"start":{"line":139,"column":35},"end":{"line":139,"column":40}},"70":{"start":{"line":141,"column":8},"end":{"line":149,"column":9}},"71":{"start":{"line":143,"column":12},"end":{"line":143,"column":56}},"72":{"start":{"line":144,"column":12},"end":{"line":144,"column":84}},"73":{"start":{"line":147,"column":12},"end":{"line":147,"column":56}},"74":{"start":{"line":148,"column":12},"end":{"line":148,"column":67}},"75":{"start":{"line":151,"column":8},"end":{"line":151,"column":67}},"76":{"start":{"line":153,"column":8},"end":{"line":155,"column":9}},"77":{"start":{"line":154,"column":12},"end":{"line":154,"column":83}},"78":{"start":{"line":158,"column":21},"end":{"line":158,"column":43}},"79":{"start":{"line":159,"column":34},"end":{"line":159,"column":70}},"80":{"start":{"line":161,"column":8},"end":{"line":161,"column":63}},"81":{"start":{"line":164,"column":8},"end":{"line":167,"column":10}},"82":{"start":{"line":169,"column":8},"end":{"line":169,"column":53}},"83":{"start":{"line":171,"column":8},"end":{"line":171,"column":72}},"84":{"start":{"line":174,"column":8},"end":{"line":174,"column":57}},"85":{"start":{"line":175,"column":8},"end":{"line":175,"column":80}}},"fnMap":{"0":{"name":"(anonymous_0)","decl":{"start":{"line":5,"column":23},"end":{"line":5,"column":24}},"loc":{"start":{"line":5,"column":42},"end":{"line":11,"column":1}},"line":5},"1":{"name":"(anonymous_1)","decl":{"start":{"line":13,"column":22},"end":{"line":13,"column":23}},"loc":{"start":{"line":13,"column":41},"end":{"line":21,"column":1}},"line":13},"2":{"name":"(anonymous_2)","decl":{"start":{"line":23,"column":24},"end":{"line":23,"column":25}},"loc":{"start":{"line":23,"column":43},"end":{"line":73,"column":1}},"line":23},"3":{"name":"(anonymous_3)","decl":{"start":{"line":75,"column":27},"end":{"line":75,"column":28}},"loc":{"start":{"line":75,"column":46},"end":{"line":96,"column":1}},"line":75},"4":{"name":"(anonymous_4)","decl":{"start":{"line":98,"column":29},"end":{"line":98,"column":30}},"loc":{"start":{"line":98,"column":48},"end":{"line":115,"column":1}},"line":98},"5":{"name":"(anonymous_5)","decl":{"start":{"line":117,"column":33},"end":{"line":117,"column":34}},"loc":{"start":{"line":117,"column":52},"end":{"line":178,"column":1}},"line":117}},"branchMap":{"0":{"loc":{"start":{"line":36,"column":34},"end":{"line":36,"column":84}},"type":"cond-expr","locations":[{"start":{"line":36,"column":41},"end":{"line":36,"column":75}},{"start":{"line":36,"column":78},"end":{"line":36,"column":84}}],"line":36},"1":{"loc":{"start":{"line":37,"column":4},"end":{"line":41,"column":5}},"type":"if","locations":[{"start":{"line":37,"column":4},"end":{"line":41,"column":5}},{"start":{},"end":{}}],"line":37},"2":{"loc":{"start":{"line":40,"column":43},"end":{"line":40,"column":111}},"type":"binary-expr","locations":[{"start":{"line":40,"column":43},"end":{"line":40,"column":75}},{"start":{"line":40,"column":79},"end":{"line":40,"column":111}}],"line":40},"3":{"loc":{"start":{"line":43,"column":4},"end":{"line":71,"column":5}},"type":"if","locations":[{"start":{"line":43,"column":4},"end":{"line":71,"column":5}},{"start":{"line":46,"column":11},"end":{"line":71,"column":5}}],"line":43},"4":{"loc":{"start":{"line":48,"column":33},"end":{"line":48,"column":101}},"type":"binary-expr","locations":[{"start":{"line":48,"column":33},"end":{"line":48,"column":65}},{"start":{"line":48,"column":69},"end":{"line":48,"column":101}}],"line":48},"5":{"loc":{"start":{"line":52,"column":8},"end":{"line":60,"column":9}},"type":"if","locations":[{"start":{"line":52,"column":8},"end":{"line":60,"column":9}},{"start":{"line":56,"column":15},"end":{"line":60,"column":9}}],"line":52},"6":{"loc":{"start":{"line":64,"column":8},"end":{"line":70,"column":9}},"type":"if","locations":[{"start":{"line":64,"column":8},"end":{"line":70,"column":9}},{"start":{"line":67,"column":15},"end":{"line":70,"column":9}}],"line":64},"7":{"loc":{"start":{"line":79,"column":4},"end":{"line":94,"column":5}},"type":"if","locations":[{"start":{"line":79,"column":4},"end":{"line":94,"column":5}},{"start":{"line":81,"column":11},"end":{"line":94,"column":5}}],"line":79},"8":{"loc":{"start":{"line":106,"column":4},"end":{"line":109,"column":5}},"type":"if","locations":[{"start":{"line":106,"column":4},"end":{"line":109,"column":5}},{"start":{},"end":{}}],"line":106},"9":{"loc":{"start":{"line":130,"column":8},"end":{"line":132,"column":9}},"type":"if","locations":[{"start":{"line":130,"column":8},"end":{"line":132,"column":9}},{"start":{},"end":{}}],"line":130},"10":{"loc":{"start":{"line":138,"column":33},"end":{"line":138,"column":101}},"type":"binary-expr","locations":[{"start":{"line":138,"column":33},"end":{"line":138,"column":65}},{"start":{"line":138,"column":69},"end":{"line":138,"column":101}}],"line":138},"11":{"loc":{"start":{"line":141,"column":8},"end":{"line":149,"column":9}},"type":"if","locations":[{"start":{"line":141,"column":8},"end":{"line":149,"column":9}},{"start":{"line":145,"column":15},"end":{"line":149,"column":9}}],"line":141},"12":{"loc":{"start":{"line":153,"column":8},"end":{"line":155,"column":9}},"type":"if","locations":[{"start":{"line":153,"column":8},"end":{"line":155,"column":9}},{"start":{},"end":{}}],"line":153}},"s":{"0":1,"1":1,"2":1,"3":1,"4":1,"5":1,"6":2,"7":2,"8":2,"9":1,"10":4,"11":4,"12":4,"13":4,"14":4,"15":4,"16":4,"17":4,"18":4,"19":3,"20":3,"21":3,"22":4,"23":1,"24":1,"25":3,"26":3,"27":3,"28":3,"29":3,"30":0,"31":0,"32":3,"33":3,"34":2,"35":2,"36":1,"37":1,"38":1,"39":2,"40":2,"41":1,"42":1,"43":1,"44":1,"45":1,"46":1,"47":1,"48":1,"49":1,"50":1,"51":1,"52":1,"53":1,"54":1,"55":1,"56":1,"57":3,"58":3,"59":3,"60":3,"61":3,"62":3,"63":3,"64":3,"65":1,"66":2,"67":2,"68":2,"69":2,"70":2,"71":2,"72":2,"73":0,"74":0,"75":2,"76":2,"77":1,"78":1,"79":1,"80":1,"81":1,"82":1,"83":1,"84":0,"85":0},"f":{"0":1,"1":2,"2":4,"3":2,"4":1,"5":3},"b":{"0":[3,1],"1":[3,1],"2":[3,0],"3":[1,3],"4":[3,0],"5":[3,0],"6":[2,1],"7":[1,1],"8":[1,0],"9":[1,2],"10":[2,0],"11":[2,0],"12":[1,1]},"_coverageSchema":"1a1c01bbd47fc00a2c39e90264f33305004495a9","hash":"a17040af9969db00bab9179db4fcf12deb0c33aa"}
,"C:\\Users\\ADMIN\\Desktop\\sgu25_doan_ktpm\\server_app\\API\\Controller\\admin\\category.controller.js": {"path":"C:\\Users\\ADMIN\\Desktop\\sgu25_doan_ktpm\\server_app\\API\\Controller\\admin\\category.controller.js","statementMap":{"0":{"start":{"line":1,"column":17},"end":{"line":1,"column":52}},"1":{"start":{"line":2,"column":16},"end":{"line":2,"column":50}},"2":{"start":{"line":4,"column":0},"end":{"line":34,"column":2}},"3":{"start":{"line":5,"column":15},"end":{"line":5,"column":44}},"4":{"start":{"line":6,"column":26},"end":{"line":6,"column":42}},"5":{"start":{"line":8,"column":20},"end":{"line":8,"column":50}},"6":{"start":{"line":9,"column":22},"end":{"line":9,"column":74}},"7":{"start":{"line":11,"column":16},"end":{"line":11,"column":36}},"8":{"start":{"line":12,"column":14},"end":{"line":12,"column":28}},"9":{"start":{"line":14,"column":23},"end":{"line":14,"column":44}},"10":{"start":{"line":17,"column":4},"end":{"line":33,"column":5}},"11":{"start":{"line":18,"column":8},"end":{"line":21,"column":11}},"12":{"start":{"line":24,"column":22},"end":{"line":27,"column":10}},"13":{"start":{"line":25,"column":12},"end":{"line":26,"column":83}},"14":{"start":{"line":29,"column":8},"end":{"line":32,"column":11}},"15":{"start":{"line":36,"column":0},"end":{"line":53,"column":2}},"16":{"start":{"line":37,"column":21},"end":{"line":37,"column":42}},"17":{"start":{"line":39,"column":27},"end":{"line":41,"column":6}},"18":{"start":{"line":40,"column":8},"end":{"line":40,"column":80}},"19":{"start":{"line":43,"column":4},"end":{"line":52,"column":5}},"20":{"start":{"line":44,"column":8},"end":{"line":44,"column":45}},"21":{"start":{"line":46,"column":26},"end":{"line":46,"column":40}},"22":{"start":{"line":47,"column":8},"end":{"line":47,"column":108}},"23":{"start":{"line":47,"column":81},"end":{"line":47,"column":104}},"24":{"start":{"line":48,"column":8},"end":{"line":48,"column":46}},"25":{"start":{"line":50,"column":8},"end":{"line":50,"column":27}},"26":{"start":{"line":51,"column":8},"end":{"line":51,"column":52}},"27":{"start":{"line":55,"column":0},"end":{"line":67,"column":2}},"28":{"start":{"line":56,"column":4},"end":{"line":56,"column":27}},"29":{"start":{"line":57,"column":15},"end":{"line":57,"column":27}},"30":{"start":{"line":59,"column":4},"end":{"line":65,"column":7}},"31":{"start":{"line":60,"column":8},"end":{"line":63,"column":9}},"32":{"start":{"line":61,"column":12},"end":{"line":61,"column":35}},"33":{"start":{"line":62,"column":12},"end":{"line":62,"column":19}},"34":{"start":{"line":64,"column":8},"end":{"line":64,"column":40}},"35":{"start":{"line":70,"column":0},"end":{"line":105,"column":2}},"36":{"start":{"line":71,"column":15},"end":{"line":71,"column":44}},"37":{"start":{"line":72,"column":26},"end":{"line":72,"column":42}},"38":{"start":{"line":74,"column":20},"end":{"line":74,"column":50}},"39":{"start":{"line":77,"column":16},"end":{"line":77,"column":36}},"40":{"start":{"line":78,"column":14},"end":{"line":78,"column":28}},"41":{"start":{"line":80,"column":21},"end":{"line":80,"column":72}},"42":{"start":{"line":83,"column":19},"end":{"line":83,"column":92}},"43":{"start":{"line":84,"column":22},"end":{"line":84,"column":58}},"44":{"start":{"line":86,"column":4},"end":{"line":104,"column":5}},"45":{"start":{"line":87,"column":8},"end":{"line":90,"column":11}},"46":{"start":{"line":93,"column":22},"end":{"line":98,"column":10}},"47":{"start":{"line":94,"column":12},"end":{"line":96,"column":83}},"48":{"start":{"line":100,"column":8},"end":{"line":103,"column":11}},"49":{"start":{"line":107,"column":0},"end":{"line":123,"column":2}},"50":{"start":{"line":108,"column":21},"end":{"line":108,"column":42}},"51":{"start":{"line":110,"column":27},"end":{"line":112,"column":6}},"52":{"start":{"line":111,"column":8},"end":{"line":111,"column":105}},"53":{"start":{"line":114,"column":4},"end":{"line":122,"column":5}},"54":{"start":{"line":115,"column":8},"end":{"line":115,"column":45}},"55":{"start":{"line":117,"column":8},"end":{"line":117,"column":108}},"56":{"start":{"line":117,"column":81},"end":{"line":117,"column":104}},"57":{"start":{"line":118,"column":8},"end":{"line":120,"column":11}},"58":{"start":{"line":119,"column":12},"end":{"line":119,"column":51}},"59":{"start":{"line":119,"column":21},"end":{"line":119,"column":51}},"60":{"start":{"line":121,"column":8},"end":{"line":121,"column":54}},"61":{"start":{"line":125,"column":0},"end":{"line":129,"column":2}},"62":{"start":{"line":126,"column":21},"end":{"line":126,"column":67}},"63":{"start":{"line":128,"column":4},"end":{"line":128,"column":23}}},"fnMap":{"0":{"name":"(anonymous_0)","decl":{"start":{"line":4,"column":23},"end":{"line":4,"column":24}},"loc":{"start":{"line":4,"column":43},"end":{"line":34,"column":1}},"line":4},"1":{"name":"(anonymous_1)","decl":{"start":{"line":24,"column":40},"end":{"line":24,"column":41}},"loc":{"start":{"line":24,"column":49},"end":{"line":27,"column":9}},"line":24},"2":{"name":"(anonymous_2)","decl":{"start":{"line":36,"column":24},"end":{"line":36,"column":25}},"loc":{"start":{"line":36,"column":44},"end":{"line":53,"column":1}},"line":36},"3":{"name":"(anonymous_3)","decl":{"start":{"line":39,"column":43},"end":{"line":39,"column":44}},"loc":{"start":{"line":39,"column":50},"end":{"line":41,"column":5}},"line":39},"4":{"name":"(anonymous_4)","decl":{"start":{"line":47,"column":74},"end":{"line":47,"column":75}},"loc":{"start":{"line":47,"column":79},"end":{"line":47,"column":106}},"line":47},"5":{"name":"(anonymous_5)","decl":{"start":{"line":55,"column":24},"end":{"line":55,"column":25}},"loc":{"start":{"line":55,"column":44},"end":{"line":67,"column":1}},"line":55},"6":{"name":"(anonymous_6)","decl":{"start":{"line":59,"column":42},"end":{"line":59,"column":43}},"loc":{"start":{"line":59,"column":51},"end":{"line":65,"column":5}},"line":59},"7":{"name":"(anonymous_7)","decl":{"start":{"line":70,"column":31},"end":{"line":70,"column":32}},"loc":{"start":{"line":70,"column":51},"end":{"line":105,"column":1}},"line":70},"8":{"name":"(anonymous_8)","decl":{"start":{"line":93,"column":38},"end":{"line":93,"column":39}},"loc":{"start":{"line":93,"column":47},"end":{"line":98,"column":9}},"line":93},"9":{"name":"(anonymous_9)","decl":{"start":{"line":107,"column":24},"end":{"line":107,"column":25}},"loc":{"start":{"line":107,"column":44},"end":{"line":123,"column":1}},"line":107},"10":{"name":"(anonymous_10)","decl":{"start":{"line":110,"column":43},"end":{"line":110,"column":44}},"loc":{"start":{"line":110,"column":50},"end":{"line":112,"column":5}},"line":110},"11":{"name":"(anonymous_11)","decl":{"start":{"line":117,"column":74},"end":{"line":117,"column":75}},"loc":{"start":{"line":117,"column":79},"end":{"line":117,"column":106}},"line":117},"12":{"name":"(anonymous_12)","decl":{"start":{"line":118,"column":86},"end":{"line":118,"column":87}},"loc":{"start":{"line":118,"column":106},"end":{"line":120,"column":9}},"line":118},"13":{"name":"(anonymous_13)","decl":{"start":{"line":125,"column":24},"end":{"line":125,"column":25}},"loc":{"start":{"line":125,"column":44},"end":{"line":129,"column":1}},"line":125}},"branchMap":{"0":{"loc":{"start":{"line":5,"column":15},"end":{"line":5,"column":44}},"type":"binary-expr","locations":[{"start":{"line":5,"column":15},"end":{"line":5,"column":39}},{"start":{"line":5,"column":43},"end":{"line":5,"column":44}}],"line":5},"1":{"loc":{"start":{"line":8,"column":20},"end":{"line":8,"column":50}},"type":"binary-expr","locations":[{"start":{"line":8,"column":20},"end":{"line":8,"column":45}},{"start":{"line":8,"column":49},"end":{"line":8,"column":50}}],"line":8},"2":{"loc":{"start":{"line":17,"column":4},"end":{"line":33,"column":5}},"type":"if","locations":[{"start":{"line":17,"column":4},"end":{"line":33,"column":5}},{"start":{"line":23,"column":11},"end":{"line":33,"column":5}}],"line":17},"3":{"loc":{"start":{"line":25,"column":19},"end":{"line":26,"column":82}},"type":"binary-expr","locations":[{"start":{"line":25,"column":19},"end":{"line":25,"column":91}},{"start":{"line":26,"column":16},"end":{"line":26,"column":82}}],"line":25},"4":{"loc":{"start":{"line":43,"column":4},"end":{"line":52,"column":5}},"type":"if","locations":[{"start":{"line":43,"column":4},"end":{"line":52,"column":5}},{"start":{"line":45,"column":11},"end":{"line":52,"column":5}}],"line":43},"5":{"loc":{"start":{"line":60,"column":8},"end":{"line":63,"column":9}},"type":"if","locations":[{"start":{"line":60,"column":8},"end":{"line":63,"column":9}},{"start":{},"end":{}}],"line":60},"6":{"loc":{"start":{"line":71,"column":15},"end":{"line":71,"column":44}},"type":"binary-expr","locations":[{"start":{"line":71,"column":15},"end":{"line":71,"column":39}},{"start":{"line":71,"column":43},"end":{"line":71,"column":44}}],"line":71},"7":{"loc":{"start":{"line":74,"column":20},"end":{"line":74,"column":50}},"type":"binary-expr","locations":[{"start":{"line":74,"column":20},"end":{"line":74,"column":45}},{"start":{"line":74,"column":49},"end":{"line":74,"column":50}}],"line":74},"8":{"loc":{"start":{"line":86,"column":4},"end":{"line":104,"column":5}},"type":"if","locations":[{"start":{"line":86,"column":4},"end":{"line":104,"column":5}},{"start":{"line":92,"column":11},"end":{"line":104,"column":5}}],"line":86},"9":{"loc":{"start":{"line":94,"column":19},"end":{"line":96,"column":82}},"type":"binary-expr","locations":[{"start":{"line":94,"column":19},"end":{"line":94,"column":95}},{"start":{"line":95,"column":16},"end":{"line":95,"column":93}},{"start":{"line":96,"column":16},"end":{"line":96,"column":82}}],"line":94},"10":{"loc":{"start":{"line":111,"column":15},"end":{"line":111,"column":104}},"type":"binary-expr","locations":[{"start":{"line":111,"column":15},"end":{"line":111,"column":79}},{"start":{"line":111,"column":83},"end":{"line":111,"column":104}}],"line":111},"11":{"loc":{"start":{"line":114,"column":4},"end":{"line":122,"column":5}},"type":"if","locations":[{"start":{"line":114,"column":4},"end":{"line":122,"column":5}},{"start":{"line":116,"column":11},"end":{"line":122,"column":5}}],"line":114},"12":{"loc":{"start":{"line":119,"column":12},"end":{"line":119,"column":51}},"type":"if","locations":[{"start":{"line":119,"column":12},"end":{"line":119,"column":51}},{"start":{},"end":{}}],"line":119}},"s":{"0":0,"1":0,"2":0,"3":0,"4":0,"5":0,"6":0,"7":0,"8":0,"9":0,"10":0,"11":0,"12":0,"13":0,"14":0,"15":0,"16":0,"17":0,"18":0,"19":0,"20":0,"21":0,"22":0,"23":0,"24":0,"25":0,"26":0,"27":0,"28":0,"29":0,"30":0,"31":0,"32":0,"33":0,"34":0,"35":0,"36":0,"37":0,"38":0,"39":0,"40":0,"41":0,"42":0,"43":0,"44":0,"45":0,"46":0,"47":0,"48":0,"49":0,"50":0,"51":0,"52":0,"53":0,"54":0,"55":0,"56":0,"57":0,"58":0,"59":0,"60":0,"61":0,"62":0,"63":0},"f":{"0":0,"1":0,"2":0,"3":0,"4":0,"5":0,"6":0,"7":0,"8":0,"9":0,"10":0,"11":0,"12":0,"13":0},"b":{"0":[0,0],"1":[0,0],"2":[0,0],"3":[0,0],"4":[0,0],"5":[0,0],"6":[0,0],"7":[0,0],"8":[0,0],"9":[0,0,0],"10":[0,0],"11":[0,0],"12":[0,0]}}
,"C:\\Users\\ADMIN\\Desktop\\sgu25_doan_ktpm\\server_app\\API\\Controller\\admin\\coupon.controller.js": {"path":"C:\\Users\\ADMIN\\Desktop\\sgu25_doan_ktpm\\server_app\\API\\Controller\\admin\\coupon.controller.js","statementMap":{"0":{"start":{"line":1,"column":15},"end":{"line":1,"column":48}},"1":{"start":{"line":2,"column":14},"end":{"line":2,"column":46}},"2":{"start":{"line":4,"column":0},"end":{"line":35,"column":2}},"3":{"start":{"line":6,"column":15},"end":{"line":6,"column":44}},"4":{"start":{"line":7,"column":26},"end":{"line":7,"column":42}},"5":{"start":{"line":9,"column":20},"end":{"line":9,"column":50}},"6":{"start":{"line":10,"column":22},"end":{"line":10,"column":72}},"7":{"start":{"line":12,"column":16},"end":{"line":12,"column":36}},"8":{"start":{"line":13,"column":14},"end":{"line":13,"column":28}},"9":{"start":{"line":15,"column":19},"end":{"line":15,"column":38}},"10":{"start":{"line":17,"column":4},"end":{"line":33,"column":5}},"11":{"start":{"line":18,"column":8},"end":{"line":21,"column":11}},"12":{"start":{"line":24,"column":22},"end":{"line":27,"column":10}},"13":{"start":{"line":25,"column":12},"end":{"line":26,"column":90}},"14":{"start":{"line":29,"column":8},"end":{"line":32,"column":11}},"15":{"start":{"line":37,"column":0},"end":{"line":43,"column":2}},"16":{"start":{"line":39,"column":4},"end":{"line":39,"column":34}},"17":{"start":{"line":41,"column":4},"end":{"line":41,"column":47}},"18":{"start":{"line":45,"column":0},"end":{"line":60,"column":2}},"19":{"start":{"line":47,"column":15},"end":{"line":47,"column":28}},"20":{"start":{"line":49,"column":19},"end":{"line":49,"column":52}},"21":{"start":{"line":51,"column":4},"end":{"line":51,"column":32}},"22":{"start":{"line":52,"column":4},"end":{"line":52,"column":34}},"23":{"start":{"line":53,"column":4},"end":{"line":53,"column":42}},"24":{"start":{"line":54,"column":4},"end":{"line":54,"column":40}},"25":{"start":{"line":56,"column":4},"end":{"line":56,"column":18}},"26":{"start":{"line":58,"column":4},"end":{"line":58,"column":51}},"27":{"start":{"line":62,"column":0},"end":{"line":70,"column":2}},"28":{"start":{"line":64,"column":15},"end":{"line":64,"column":28}},"29":{"start":{"line":66,"column":4},"end":{"line":66,"column":40}},"30":{"start":{"line":68,"column":4},"end":{"line":68,"column":27}},"31":{"start":{"line":72,"column":0},"end":{"line":80,"column":2}},"32":{"start":{"line":74,"column":15},"end":{"line":74,"column":28}},"33":{"start":{"line":76,"column":19},"end":{"line":76,"column":52}},"34":{"start":{"line":78,"column":4},"end":{"line":78,"column":21}},"35":{"start":{"line":82,"column":0},"end":{"line":197,"column":2}},"36":{"start":{"line":84,"column":17},"end":{"line":84,"column":31}},"37":{"start":{"line":85,"column":20},"end":{"line":85,"column":37}},"38":{"start":{"line":86,"column":25},"end":{"line":86,"column":47}},"39":{"start":{"line":88,"column":4},"end":{"line":88,"column":40}},"40":{"start":{"line":89,"column":4},"end":{"line":89,"column":41}},"41":{"start":{"line":90,"column":4},"end":{"line":90,"column":37}},"42":{"start":{"line":91,"column":4},"end":{"line":91,"column":47}},"43":{"start":{"line":93,"column":19},"end":{"line":93,"column":49}},"44":{"start":{"line":95,"column":4},"end":{"line":95,"column":44}},"45":{"start":{"line":97,"column":4},"end":{"line":100,"column":5}},"46":{"start":{"line":98,"column":8},"end":{"line":98,"column":45}},"47":{"start":{"line":99,"column":8},"end":{"line":99,"column":51}},"48":{"start":{"line":102,"column":24},"end":{"line":102,"column":88}},"49":{"start":{"line":104,"column":4},"end":{"line":104,"column":50}},"50":{"start":{"line":106,"column":4},"end":{"line":109,"column":5}},"51":{"start":{"line":107,"column":8},"end":{"line":107,"column":49}},"52":{"start":{"line":108,"column":8},"end":{"line":108,"column":61}},"53":{"start":{"line":112,"column":4},"end":{"line":192,"column":5}},"54":{"start":{"line":113,"column":25},"end":{"line":113,"column":54}},"55":{"start":{"line":114,"column":28},"end":{"line":114,"column":52}},"56":{"start":{"line":116,"column":8},"end":{"line":116,"column":65}},"57":{"start":{"line":117,"column":8},"end":{"line":117,"column":60}},"58":{"start":{"line":120,"column":28},"end":{"line":134,"column":9}},"59":{"start":{"line":121,"column":29},"end":{"line":121,"column":59}},"60":{"start":{"line":122,"column":25},"end":{"line":122,"column":45}},"61":{"start":{"line":124,"column":12},"end":{"line":131,"column":13}},"62":{"start":{"line":125,"column":16},"end":{"line":125,"column":39}},"63":{"start":{"line":126,"column":19},"end":{"line":131,"column":13}},"64":{"start":{"line":127,"column":16},"end":{"line":127,"column":42}},"65":{"start":{"line":128,"column":19},"end":{"line":131,"column":13}},"66":{"start":{"line":130,"column":16},"end":{"line":130,"column":39}},"67":{"start":{"line":133,"column":12},"end":{"line":133,"column":26}},"68":{"start":{"line":136,"column":22},"end":{"line":136,"column":26}},"69":{"start":{"line":137,"column":27},"end":{"line":137,"column":29}},"70":{"start":{"line":140,"column":27},"end":{"line":140,"column":100}},"71":{"start":{"line":141,"column":8},"end":{"line":179,"column":9}},"72":{"start":{"line":142,"column":30},"end":{"line":142,"column":94}},"73":{"start":{"line":143,"column":30},"end":{"line":143,"column":94}},"74":{"start":{"line":145,"column":12},"end":{"line":145,"column":71}},"75":{"start":{"line":147,"column":12},"end":{"line":150,"column":13}},"76":{"start":{"line":148,"column":16},"end":{"line":148,"column":32}},"77":{"start":{"line":149,"column":16},"end":{"line":149,"column":166}},"78":{"start":{"line":154,"column":29},"end":{"line":154,"column":100}},"79":{"start":{"line":155,"column":12},"end":{"line":178,"column":13}},"80":{"start":{"line":156,"column":34},"end":{"line":156,"column":96}},"81":{"start":{"line":158,"column":16},"end":{"line":158,"column":65}},"82":{"start":{"line":160,"column":16},"end":{"line":163,"column":17}},"83":{"start":{"line":161,"column":20},"end":{"line":161,"column":36}},"84":{"start":{"line":162,"column":20},"end":{"line":162,"column":112}},"85":{"start":{"line":167,"column":33},"end":{"line":167,"column":113}},"86":{"start":{"line":168,"column":16},"end":{"line":177,"column":17}},"87":{"start":{"line":169,"column":38},"end":{"line":169,"column":175}},"88":{"start":{"line":171,"column":20},"end":{"line":171,"column":66}},"89":{"start":{"line":173,"column":20},"end":{"line":176,"column":21}},"90":{"start":{"line":174,"column":24},"end":{"line":174,"column":40}},"91":{"start":{"line":175,"column":24},"end":{"line":175,"column":113}},"92":{"start":{"line":184,"column":8},"end":{"line":191,"column":9}},"93":{"start":{"line":185,"column":12},"end":{"line":185,"column":76}},"94":{"start":{"line":186,"column":12},"end":{"line":190,"column":15}},"95":{"start":{"line":194,"column":4},"end":{"line":194,"column":50}},"96":{"start":{"line":195,"column":4},"end":{"line":195,"column":52}},"97":{"start":{"line":199,"column":0},"end":{"line":211,"column":2}},"98":{"start":{"line":201,"column":15},"end":{"line":201,"column":28}},"99":{"start":{"line":203,"column":19},"end":{"line":203,"column":52}},"100":{"start":{"line":205,"column":4},"end":{"line":205,"column":46}},"101":{"start":{"line":207,"column":4},"end":{"line":207,"column":18}},"102":{"start":{"line":209,"column":4},"end":{"line":209,"column":27}}},"fnMap":{"0":{"name":"(anonymous_0)","decl":{"start":{"line":4,"column":23},"end":{"line":4,"column":24}},"loc":{"start":{"line":4,"column":43},"end":{"line":35,"column":1}},"line":4},"1":{"name":"(anonymous_1)","decl":{"start":{"line":24,"column":36},"end":{"line":24,"column":37}},"loc":{"start":{"line":24,"column":45},"end":{"line":27,"column":9}},"line":24},"2":{"name":"(anonymous_2)","decl":{"start":{"line":37,"column":24},"end":{"line":37,"column":25}},"loc":{"start":{"line":37,"column":44},"end":{"line":43,"column":1}},"line":37},"3":{"name":"(anonymous_3)","decl":{"start":{"line":45,"column":24},"end":{"line":45,"column":25}},"loc":{"start":{"line":45,"column":44},"end":{"line":60,"column":1}},"line":45},"4":{"name":"(anonymous_4)","decl":{"start":{"line":62,"column":24},"end":{"line":62,"column":25}},"loc":{"start":{"line":62,"column":44},"end":{"line":70,"column":1}},"line":62},"5":{"name":"(anonymous_5)","decl":{"start":{"line":72,"column":24},"end":{"line":72,"column":25}},"loc":{"start":{"line":72,"column":44},"end":{"line":80,"column":1}},"line":72},"6":{"name":"(anonymous_6)","decl":{"start":{"line":82,"column":26},"end":{"line":82,"column":27}},"loc":{"start":{"line":82,"column":46},"end":{"line":197,"column":1}},"line":82},"7":{"name":"(anonymous_7)","decl":{"start":{"line":120,"column":28},"end":{"line":120,"column":29}},"loc":{"start":{"line":120,"column":43},"end":{"line":134,"column":9}},"line":120},"8":{"name":"(anonymous_8)","decl":{"start":{"line":199,"column":30},"end":{"line":199,"column":31}},"loc":{"start":{"line":199,"column":50},"end":{"line":211,"column":1}},"line":199}},"branchMap":{"0":{"loc":{"start":{"line":6,"column":15},"end":{"line":6,"column":44}},"type":"binary-expr","locations":[{"start":{"line":6,"column":15},"end":{"line":6,"column":39}},{"start":{"line":6,"column":43},"end":{"line":6,"column":44}}],"line":6},"1":{"loc":{"start":{"line":9,"column":20},"end":{"line":9,"column":50}},"type":"binary-expr","locations":[{"start":{"line":9,"column":20},"end":{"line":9,"column":45}},{"start":{"line":9,"column":49},"end":{"line":9,"column":50}}],"line":9},"2":{"loc":{"start":{"line":17,"column":4},"end":{"line":33,"column":5}},"type":"if","locations":[{"start":{"line":17,"column":4},"end":{"line":33,"column":5}},{"start":{"line":23,"column":11},"end":{"line":33,"column":5}}],"line":17},"3":{"loc":{"start":{"line":25,"column":19},"end":{"line":26,"column":89}},"type":"binary-expr","locations":[{"start":{"line":25,"column":19},"end":{"line":25,"column":87}},{"start":{"line":26,"column":16},"end":{"line":26,"column":89}}],"line":25},"4":{"loc":{"start":{"line":97,"column":4},"end":{"line":100,"column":5}},"type":"if","locations":[{"start":{"line":97,"column":4},"end":{"line":100,"column":5}},{"start":{},"end":{}}],"line":97},"5":{"loc":{"start":{"line":106,"column":4},"end":{"line":109,"column":5}},"type":"if","locations":[{"start":{"line":106,"column":4},"end":{"line":109,"column":5}},{"start":{},"end":{}}],"line":106},"6":{"loc":{"start":{"line":112,"column":4},"end":{"line":192,"column":5}},"type":"if","locations":[{"start":{"line":112,"column":4},"end":{"line":192,"column":5}},{"start":{},"end":{}}],"line":112},"7":{"loc":{"start":{"line":112,"column":8},"end":{"line":112,"column":39}},"type":"binary-expr","locations":[{"start":{"line":112,"column":8},"end":{"line":112,"column":23}},{"start":{"line":112,"column":27},"end":{"line":112,"column":39}}],"line":112},"8":{"loc":{"start":{"line":124,"column":12},"end":{"line":131,"column":13}},"type":"if","locations":[{"start":{"line":124,"column":12},"end":{"line":131,"column":13}},{"start":{"line":126,"column":19},"end":{"line":131,"column":13}}],"line":124},"9":{"loc":{"start":{"line":124,"column":16},"end":{"line":124,"column":66}},"type":"binary-expr","locations":[{"start":{"line":124,"column":16},"end":{"line":124,"column":39}},{"start":{"line":124,"column":43},"end":{"line":124,"column":66}}],"line":124},"10":{"loc":{"start":{"line":126,"column":19},"end":{"line":131,"column":13}},"type":"if","locations":[{"start":{"line":126,"column":19},"end":{"line":131,"column":13}},{"start":{"line":128,"column":19},"end":{"line":131,"column":13}}],"line":126},"11":{"loc":{"start":{"line":126,"column":23},"end":{"line":126,"column":78}},"type":"binary-expr","locations":[{"start":{"line":126,"column":23},"end":{"line":126,"column":50}},{"start":{"line":126,"column":54},"end":{"line":126,"column":78}}],"line":126},"12":{"loc":{"start":{"line":128,"column":19},"end":{"line":131,"column":13}},"type":"if","locations":[{"start":{"line":128,"column":19},"end":{"line":131,"column":13}},{"start":{},"end":{}}],"line":128},"13":{"loc":{"start":{"line":141,"column":8},"end":{"line":179,"column":9}},"type":"if","locations":[{"start":{"line":141,"column":8},"end":{"line":179,"column":9}},{"start":{"line":153,"column":13},"end":{"line":179,"column":9}}],"line":141},"14":{"loc":{"start":{"line":142,"column":59},"end":{"line":142,"column":92}},"type":"cond-expr","locations":[{"start":{"line":142,"column":84},"end":{"line":142,"column":87}},{"start":{"line":142,"column":90},"end":{"line":142,"column":92}}],"line":142},"15":{"loc":{"start":{"line":143,"column":59},"end":{"line":143,"column":92}},"type":"cond-expr","locations":[{"start":{"line":143,"column":84},"end":{"line":143,"column":87}},{"start":{"line":143,"column":90},"end":{"line":143,"column":92}}],"line":143},"16":{"loc":{"start":{"line":147,"column":12},"end":{"line":150,"column":13}},"type":"if","locations":[{"start":{"line":147,"column":12},"end":{"line":150,"column":13}},{"start":{},"end":{}}],"line":147},"17":{"loc":{"start":{"line":147,"column":16},"end":{"line":147,"column":66}},"type":"binary-expr","locations":[{"start":{"line":147,"column":16},"end":{"line":147,"column":39}},{"start":{"line":147,"column":43},"end":{"line":147,"column":66}}],"line":147},"18":{"loc":{"start":{"line":155,"column":12},"end":{"line":178,"column":13}},"type":"if","locations":[{"start":{"line":155,"column":12},"end":{"line":178,"column":13}},{"start":{"line":166,"column":17},"end":{"line":178,"column":13}}],"line":155},"19":{"loc":{"start":{"line":156,"column":61},"end":{"line":156,"column":94}},"type":"cond-expr","locations":[{"start":{"line":156,"column":86},"end":{"line":156,"column":89}},{"start":{"line":156,"column":92},"end":{"line":156,"column":94}}],"line":156},"20":{"loc":{"start":{"line":160,"column":16},"end":{"line":163,"column":17}},"type":"if","locations":[{"start":{"line":160,"column":16},"end":{"line":163,"column":17}},{"start":{},"end":{}}],"line":160},"21":{"loc":{"start":{"line":168,"column":16},"end":{"line":177,"column":17}},"type":"if","locations":[{"start":{"line":168,"column":16},"end":{"line":177,"column":17}},{"start":{},"end":{}}],"line":168},"22":{"loc":{"start":{"line":169,"column":65},"end":{"line":169,"column":173}},"type":"cond-expr","locations":[{"start":{"line":169,"column":93},"end":{"line":169,"column":96}},{"start":{"line":169,"column":99},"end":{"line":169,"column":173}}],"line":169},"23":{"loc":{"start":{"line":169,"column":99},"end":{"line":169,"column":173}},"type":"cond-expr","locations":[{"start":{"line":169,"column":161},"end":{"line":169,"column":168}},{"start":{"line":169,"column":171},"end":{"line":169,"column":173}}],"line":169},"24":{"loc":{"start":{"line":169,"column":99},"end":{"line":169,"column":158}},"type":"binary-expr","locations":[{"start":{"line":169,"column":99},"end":{"line":169,"column":128}},{"start":{"line":169,"column":132},"end":{"line":169,"column":158}}],"line":169},"25":{"loc":{"start":{"line":173,"column":20},"end":{"line":176,"column":21}},"type":"if","locations":[{"start":{"line":173,"column":20},"end":{"line":176,"column":21}},{"start":{},"end":{}}],"line":173},"26":{"loc":{"start":{"line":184,"column":8},"end":{"line":191,"column":9}},"type":"if","locations":[{"start":{"line":184,"column":8},"end":{"line":191,"column":9}},{"start":{},"end":{}}],"line":184}},"s":{"0":0,"1":0,"2":0,"3":0,"4":0,"5":0,"6":0,"7":0,"8":0,"9":0,"10":0,"11":0,"12":0,"13":0,"14":0,"15":0,"16":0,"17":0,"18":0,"19":0,"20":0,"21":0,"22":0,"23":0,"24":0,"25":0,"26":0,"27":0,"28":0,"29":0,"30":0,"31":0,"32":0,"33":0,"34":0,"35":0,"36":0,"37":0,"38":0,"39":0,"40":0,"41":0,"42":0,"43":0,"44":0,"45":0,"46":0,"47":0,"48":0,"49":0,"50":0,"51":0,"52":0,"53":0,"54":0,"55":0,"56":0,"57":0,"58":0,"59":0,"60":0,"61":0,"62":0,"63":0,"64":0,"65":0,"66":0,"67":0,"68":0,"69":0,"70":0,"71":0,"72":0,"73":0,"74":0,"75":0,"76":0,"77":0,"78":0,"79":0,"80":0,"81":0,"82":0,"83":0,"84":0,"85":0,"86":0,"87":0,"88":0,"89":0,"90":0,"91":0,"92":0,"93":0,"94":0,"95":0,"96":0,"97":0,"98":0,"99":0,"100":0,"101":0,"102":0},"f":{"0":0,"1":0,"2":0,"3":0,"4":0,"5":0,"6":0,"7":0,"8":0},"b":{"0":[0,0],"1":[0,0],"2":[0,0],"3":[0,0],"4":[0,0],"5":[0,0],"6":[0,0],"7":[0,0],"8":[0,0],"9":[0,0],"10":[0,0],"11":[0,0],"12":[0,0],"13":[0,0],"14":[0,0],"15":[0,0],"16":[0,0],"17":[0,0],"18":[0,0],"19":[0,0],"20":[0,0],"21":[0,0],"22":[0,0],"23":[0,0],"24":[0,0],"25":[0,0],"26":[0,0]}}
,"C:\\Users\\ADMIN\\Desktop\\sgu25_doan_ktpm\\server_app\\API\\Controller\\admin\\order.controller.js": {"path":"C:\\Users\\ADMIN\\Desktop\\sgu25_doan_ktpm\\server_app\\API\\Controller\\admin\\order.controller.js","statementMap":{"0":{"start":{"line":1,"column":14},"end":{"line":1,"column":46}},"1":{"start":{"line":2,"column":23},"end":{"line":2,"column":62}},"2":{"start":{"line":4,"column":0},"end":{"line":35,"column":2}},"3":{"start":{"line":5,"column":15},"end":{"line":5,"column":44}},"4":{"start":{"line":6,"column":16},"end":{"line":6,"column":17}},"5":{"start":{"line":8,"column":19},"end":{"line":8,"column":35}},"6":{"start":{"line":10,"column":20},"end":{"line":10,"column":50}},"7":{"start":{"line":12,"column":16},"end":{"line":12,"column":36}},"8":{"start":{"line":13,"column":14},"end":{"line":13,"column":28}},"9":{"start":{"line":16,"column":4},"end":{"line":20,"column":5}},"10":{"start":{"line":17,"column":8},"end":{"line":17,"column":135}},"11":{"start":{"line":19,"column":8},"end":{"line":19,"column":117}},"12":{"start":{"line":22,"column":22},"end":{"line":22,"column":56}},"13":{"start":{"line":24,"column":4},"end":{"line":26,"column":7}},"14":{"start":{"line":25,"column":8},"end":{"line":25,"column":37}},"15":{"start":{"line":28,"column":4},"end":{"line":32,"column":7}},"16":{"start":{"line":37,"column":0},"end":{"line":68,"column":2}},"17":{"start":{"line":38,"column":15},"end":{"line":38,"column":44}},"18":{"start":{"line":39,"column":26},"end":{"line":39,"column":42}},"19":{"start":{"line":41,"column":20},"end":{"line":41,"column":50}},"20":{"start":{"line":43,"column":16},"end":{"line":43,"column":36}},"21":{"start":{"line":44,"column":14},"end":{"line":44,"column":28}},"22":{"start":{"line":46,"column":20},"end":{"line":46,"column":118}},"23":{"start":{"line":48,"column":22},"end":{"line":48,"column":57}},"24":{"start":{"line":50,"column":4},"end":{"line":67,"column":5}},"25":{"start":{"line":51,"column":8},"end":{"line":54,"column":11}},"26":{"start":{"line":56,"column":22},"end":{"line":61,"column":10}},"27":{"start":{"line":57,"column":12},"end":{"line":60,"column":85}},"28":{"start":{"line":63,"column":8},"end":{"line":66,"column":11}},"29":{"start":{"line":70,"column":0},"end":{"line":75,"column":2}},"30":{"start":{"line":71,"column":18},"end":{"line":71,"column":124}},"31":{"start":{"line":73,"column":4},"end":{"line":73,"column":20}},"32":{"start":{"line":77,"column":0},"end":{"line":82,"column":2}},"33":{"start":{"line":78,"column":4},"end":{"line":80,"column":7}},"34":{"start":{"line":79,"column":8},"end":{"line":79,"column":47}},"35":{"start":{"line":79,"column":17},"end":{"line":79,"column":47}},"36":{"start":{"line":81,"column":4},"end":{"line":81,"column":36}},"37":{"start":{"line":84,"column":0},"end":{"line":89,"column":2}},"38":{"start":{"line":85,"column":4},"end":{"line":87,"column":7}},"39":{"start":{"line":86,"column":8},"end":{"line":86,"column":47}},"40":{"start":{"line":86,"column":17},"end":{"line":86,"column":47}},"41":{"start":{"line":88,"column":4},"end":{"line":88,"column":36}},"42":{"start":{"line":91,"column":0},"end":{"line":96,"column":2}},"43":{"start":{"line":92,"column":4},"end":{"line":94,"column":7}},"44":{"start":{"line":93,"column":8},"end":{"line":93,"column":47}},"45":{"start":{"line":93,"column":17},"end":{"line":93,"column":47}},"46":{"start":{"line":95,"column":4},"end":{"line":95,"column":36}},"47":{"start":{"line":98,"column":0},"end":{"line":103,"column":2}},"48":{"start":{"line":99,"column":4},"end":{"line":101,"column":7}},"49":{"start":{"line":100,"column":8},"end":{"line":100,"column":47}},"50":{"start":{"line":100,"column":17},"end":{"line":100,"column":47}},"51":{"start":{"line":102,"column":4},"end":{"line":102,"column":36}},"52":{"start":{"line":106,"column":0},"end":{"line":154,"column":2}},"53":{"start":{"line":108,"column":15},"end":{"line":108,"column":44}},"54":{"start":{"line":109,"column":16},"end":{"line":109,"column":17}},"55":{"start":{"line":111,"column":20},"end":{"line":111,"column":37}},"56":{"start":{"line":113,"column":20},"end":{"line":113,"column":50}},"57":{"start":{"line":115,"column":16},"end":{"line":115,"column":36}},"58":{"start":{"line":116,"column":14},"end":{"line":116,"column":28}},"59":{"start":{"line":118,"column":19},"end":{"line":118,"column":133}},"60":{"start":{"line":120,"column":4},"end":{"line":152,"column":5}},"61":{"start":{"line":122,"column":26},"end":{"line":122,"column":60}},"62":{"start":{"line":124,"column":8},"end":{"line":126,"column":11}},"63":{"start":{"line":125,"column":12},"end":{"line":125,"column":41}},"64":{"start":{"line":128,"column":8},"end":{"line":132,"column":11}},"65":{"start":{"line":136,"column":25},"end":{"line":138,"column":10}},"66":{"start":{"line":137,"column":12},"end":{"line":137,"column":83}},"67":{"start":{"line":140,"column":26},"end":{"line":140,"column":62}},"68":{"start":{"line":142,"column":8},"end":{"line":144,"column":11}},"69":{"start":{"line":143,"column":12},"end":{"line":143,"column":41}},"70":{"start":{"line":146,"column":8},"end":{"line":150,"column":11}}},"fnMap":{"0":{"name":"(anonymous_0)","decl":{"start":{"line":4,"column":23},"end":{"line":4,"column":24}},"loc":{"start":{"line":4,"column":43},"end":{"line":35,"column":1}},"line":4},"1":{"name":"(anonymous_1)","decl":{"start":{"line":24,"column":15},"end":{"line":24,"column":16}},"loc":{"start":{"line":24,"column":26},"end":{"line":26,"column":5}},"line":24},"2":{"name":"(anonymous_2)","decl":{"start":{"line":37,"column":29},"end":{"line":37,"column":30}},"loc":{"start":{"line":37,"column":49},"end":{"line":68,"column":1}},"line":37},"3":{"name":"(anonymous_3)","decl":{"start":{"line":56,"column":37},"end":{"line":56,"column":38}},"loc":{"start":{"line":56,"column":46},"end":{"line":61,"column":9}},"line":56},"4":{"name":"(anonymous_4)","decl":{"start":{"line":70,"column":25},"end":{"line":70,"column":26}},"loc":{"start":{"line":70,"column":45},"end":{"line":75,"column":1}},"line":70},"5":{"name":"(anonymous_5)","decl":{"start":{"line":77,"column":30},"end":{"line":77,"column":31}},"loc":{"start":{"line":77,"column":50},"end":{"line":82,"column":1}},"line":77},"6":{"name":"(anonymous_6)","decl":{"start":{"line":78,"column":66},"end":{"line":78,"column":67}},"loc":{"start":{"line":78,"column":86},"end":{"line":80,"column":5}},"line":78},"7":{"name":"(anonymous_7)","decl":{"start":{"line":84,"column":26},"end":{"line":84,"column":27}},"loc":{"start":{"line":84,"column":46},"end":{"line":89,"column":1}},"line":84},"8":{"name":"(anonymous_8)","decl":{"start":{"line":85,"column":66},"end":{"line":85,"column":67}},"loc":{"start":{"line":85,"column":86},"end":{"line":87,"column":5}},"line":85},"9":{"name":"(anonymous_9)","decl":{"start":{"line":91,"column":33},"end":{"line":91,"column":34}},"loc":{"start":{"line":91,"column":53},"end":{"line":96,"column":1}},"line":91},"10":{"name":"(anonymous_10)","decl":{"start":{"line":92,"column":77},"end":{"line":92,"column":78}},"loc":{"start":{"line":92,"column":97},"end":{"line":94,"column":5}},"line":92},"11":{"name":"(anonymous_11)","decl":{"start":{"line":98,"column":29},"end":{"line":98,"column":30}},"loc":{"start":{"line":98,"column":49},"end":{"line":103,"column":1}},"line":98},"12":{"name":"(anonymous_12)","decl":{"start":{"line":99,"column":66},"end":{"line":99,"column":67}},"loc":{"start":{"line":99,"column":86},"end":{"line":101,"column":5}},"line":99},"13":{"name":"(anonymous_13)","decl":{"start":{"line":106,"column":31},"end":{"line":106,"column":32}},"loc":{"start":{"line":106,"column":51},"end":{"line":154,"column":1}},"line":106},"14":{"name":"(anonymous_14)","decl":{"start":{"line":124,"column":19},"end":{"line":124,"column":20}},"loc":{"start":{"line":124,"column":30},"end":{"line":126,"column":9}},"line":124},"15":{"name":"(anonymous_15)","decl":{"start":{"line":136,"column":39},"end":{"line":136,"column":40}},"loc":{"start":{"line":136,"column":48},"end":{"line":138,"column":9}},"line":136},"16":{"name":"(anonymous_16)","decl":{"start":{"line":142,"column":21},"end":{"line":142,"column":22}},"loc":{"start":{"line":142,"column":32},"end":{"line":144,"column":9}},"line":142}},"branchMap":{"0":{"loc":{"start":{"line":5,"column":15},"end":{"line":5,"column":44}},"type":"binary-expr","locations":[{"start":{"line":5,"column":15},"end":{"line":5,"column":39}},{"start":{"line":5,"column":43},"end":{"line":5,"column":44}}],"line":5},"1":{"loc":{"start":{"line":10,"column":20},"end":{"line":10,"column":50}},"type":"binary-expr","locations":[{"start":{"line":10,"column":20},"end":{"line":10,"column":45}},{"start":{"line":10,"column":49},"end":{"line":10,"column":50}}],"line":10},"2":{"loc":{"start":{"line":16,"column":4},"end":{"line":20,"column":5}},"type":"if","locations":[{"start":{"line":16,"column":4},"end":{"line":20,"column":5}},{"start":{"line":18,"column":11},"end":{"line":20,"column":5}}],"line":16},"3":{"loc":{"start":{"line":38,"column":15},"end":{"line":38,"column":44}},"type":"binary-expr","locations":[{"start":{"line":38,"column":15},"end":{"line":38,"column":39}},{"start":{"line":38,"column":43},"end":{"line":38,"column":44}}],"line":38},"4":{"loc":{"start":{"line":41,"column":20},"end":{"line":41,"column":50}},"type":"binary-expr","locations":[{"start":{"line":41,"column":20},"end":{"line":41,"column":45}},{"start":{"line":41,"column":49},"end":{"line":41,"column":50}}],"line":41},"5":{"loc":{"start":{"line":50,"column":4},"end":{"line":67,"column":5}},"type":"if","locations":[{"start":{"line":50,"column":4},"end":{"line":67,"column":5}},{"start":{"line":55,"column":11},"end":{"line":67,"column":5}}],"line":50},"6":{"loc":{"start":{"line":57,"column":19},"end":{"line":60,"column":84}},"type":"binary-expr","locations":[{"start":{"line":57,"column":19},"end":{"line":57,"column":95}},{"start":{"line":58,"column":16},"end":{"line":58,"column":93}},{"start":{"line":59,"column":16},"end":{"line":59,"column":96}},{"start":{"line":60,"column":16},"end":{"line":60,"column":84}}],"line":57},"7":{"loc":{"start":{"line":79,"column":8},"end":{"line":79,"column":47}},"type":"if","locations":[{"start":{"line":79,"column":8},"end":{"line":79,"column":47}},{"start":{},"end":{}}],"line":79},"8":{"loc":{"start":{"line":86,"column":8},"end":{"line":86,"column":47}},"type":"if","locations":[{"start":{"line":86,"column":8},"end":{"line":86,"column":47}},{"start":{},"end":{}}],"line":86},"9":{"loc":{"start":{"line":93,"column":8},"end":{"line":93,"column":47}},"type":"if","locations":[{"start":{"line":93,"column":8},"end":{"line":93,"column":47}},{"start":{},"end":{}}],"line":93},"10":{"loc":{"start":{"line":100,"column":8},"end":{"line":100,"column":47}},"type":"if","locations":[{"start":{"line":100,"column":8},"end":{"line":100,"column":47}},{"start":{},"end":{}}],"line":100},"11":{"loc":{"start":{"line":108,"column":15},"end":{"line":108,"column":44}},"type":"binary-expr","locations":[{"start":{"line":108,"column":15},"end":{"line":108,"column":39}},{"start":{"line":108,"column":43},"end":{"line":108,"column":44}}],"line":108},"12":{"loc":{"start":{"line":113,"column":20},"end":{"line":113,"column":50}},"type":"binary-expr","locations":[{"start":{"line":113,"column":20},"end":{"line":113,"column":45}},{"start":{"line":113,"column":49},"end":{"line":113,"column":50}}],"line":113},"13":{"loc":{"start":{"line":120,"column":4},"end":{"line":152,"column":5}},"type":"if","locations":[{"start":{"line":120,"column":4},"end":{"line":152,"column":5}},{"start":{"line":134,"column":9},"end":{"line":152,"column":5}}],"line":120}},"s":{"0":0,"1":0,"2":0,"3":0,"4":0,"5":0,"6":0,"7":0,"8":0,"9":0,"10":0,"11":0,"12":0,"13":0,"14":0,"15":0,"16":0,"17":0,"18":0,"19":0,"20":0,"21":0,"22":0,"23":0,"24":0,"25":0,"26":0,"27":0,"28":0,"29":0,"30":0,"31":0,"32":0,"33":0,"34":0,"35":0,"36":0,"37":0,"38":0,"39":0,"40":0,"41":0,"42":0,"43":0,"44":0,"45":0,"46":0,"47":0,"48":0,"49":0,"50":0,"51":0,"52":0,"53":0,"54":0,"55":0,"56":0,"57":0,"58":0,"59":0,"60":0,"61":0,"62":0,"63":0,"64":0,"65":0,"66":0,"67":0,"68":0,"69":0,"70":0},"f":{"0":0,"1":0,"2":0,"3":0,"4":0,"5":0,"6":0,"7":0,"8":0,"9":0,"10":0,"11":0,"12":0,"13":0,"14":0,"15":0,"16":0},"b":{"0":[0,0],"1":[0,0],"2":[0,0],"3":[0,0],"4":[0,0],"5":[0,0],"6":[0,0,0,0],"7":[0,0],"8":[0,0],"9":[0,0],"10":[0,0],"11":[0,0],"12":[0,0],"13":[0,0]}}
,"C:\\Users\\ADMIN\\Desktop\\sgu25_doan_ktpm\\server_app\\API\\Controller\\admin\\permission.controller.js": {"path":"C:\\Users\\ADMIN\\Desktop\\sgu25_doan_ktpm\\server_app\\API\\Controller\\admin\\permission.controller.js","statementMap":{"0":{"start":{"line":1,"column":19},"end":{"line":1,"column":56}},"1":{"start":{"line":3,"column":0},"end":{"line":33,"column":2}},"2":{"start":{"line":4,"column":15},"end":{"line":4,"column":44}},"3":{"start":{"line":5,"column":26},"end":{"line":5,"column":42}},"4":{"start":{"line":7,"column":20},"end":{"line":7,"column":50}},"5":{"start":{"line":8,"column":22},"end":{"line":8,"column":76}},"6":{"start":{"line":10,"column":16},"end":{"line":10,"column":36}},"7":{"start":{"line":11,"column":14},"end":{"line":11,"column":28}},"8":{"start":{"line":13,"column":23},"end":{"line":13,"column":46}},"9":{"start":{"line":16,"column":4},"end":{"line":32,"column":5}},"10":{"start":{"line":17,"column":8},"end":{"line":20,"column":11}},"11":{"start":{"line":23,"column":22},"end":{"line":26,"column":10}},"12":{"start":{"line":24,"column":12},"end":{"line":25,"column":83}},"13":{"start":{"line":28,"column":8},"end":{"line":31,"column":11}},"14":{"start":{"line":35,"column":0},"end":{"line":41,"column":2}},"15":{"start":{"line":37,"column":23},"end":{"line":37,"column":46}},"16":{"start":{"line":39,"column":4},"end":{"line":39,"column":25}},"17":{"start":{"line":43,"column":0},"end":{"line":60,"column":2}},"18":{"start":{"line":44,"column":23},"end":{"line":44,"column":46}},"19":{"start":{"line":46,"column":29},"end":{"line":48,"column":6}},"20":{"start":{"line":47,"column":8},"end":{"line":47,"column":82}},"21":{"start":{"line":50,"column":4},"end":{"line":59,"column":5}},"22":{"start":{"line":51,"column":8},"end":{"line":51,"column":46}},"23":{"start":{"line":53,"column":28},"end":{"line":53,"column":44}},"24":{"start":{"line":54,"column":8},"end":{"line":54,"column":108}},"25":{"start":{"line":54,"column":81},"end":{"line":54,"column":104}},"26":{"start":{"line":55,"column":8},"end":{"line":55,"column":50}},"27":{"start":{"line":57,"column":8},"end":{"line":57,"column":29}},"28":{"start":{"line":58,"column":8},"end":{"line":58,"column":52}},"29":{"start":{"line":62,"column":0},"end":{"line":74,"column":2}},"30":{"start":{"line":63,"column":4},"end":{"line":63,"column":27}},"31":{"start":{"line":64,"column":15},"end":{"line":64,"column":27}},"32":{"start":{"line":66,"column":4},"end":{"line":72,"column":7}},"33":{"start":{"line":67,"column":8},"end":{"line":70,"column":9}},"34":{"start":{"line":68,"column":12},"end":{"line":68,"column":35}},"35":{"start":{"line":69,"column":12},"end":{"line":69,"column":19}},"36":{"start":{"line":71,"column":8},"end":{"line":71,"column":40}},"37":{"start":{"line":76,"column":0},"end":{"line":80,"column":2}},"38":{"start":{"line":77,"column":23},"end":{"line":77,"column":71}},"39":{"start":{"line":79,"column":4},"end":{"line":79,"column":25}},"40":{"start":{"line":82,"column":0},"end":{"line":98,"column":2}},"41":{"start":{"line":83,"column":23},"end":{"line":83,"column":46}},"42":{"start":{"line":85,"column":29},"end":{"line":87,"column":6}},"43":{"start":{"line":86,"column":8},"end":{"line":86,"column":107}},"44":{"start":{"line":89,"column":4},"end":{"line":97,"column":5}},"45":{"start":{"line":90,"column":8},"end":{"line":90,"column":46}},"46":{"start":{"line":92,"column":8},"end":{"line":92,"column":108}},"47":{"start":{"line":92,"column":81},"end":{"line":92,"column":104}},"48":{"start":{"line":93,"column":8},"end":{"line":95,"column":11}},"49":{"start":{"line":94,"column":12},"end":{"line":94,"column":51}},"50":{"start":{"line":94,"column":21},"end":{"line":94,"column":51}},"51":{"start":{"line":96,"column":8},"end":{"line":96,"column":54}}},"fnMap":{"0":{"name":"(anonymous_0)","decl":{"start":{"line":3,"column":23},"end":{"line":3,"column":24}},"loc":{"start":{"line":3,"column":43},"end":{"line":33,"column":1}},"line":3},"1":{"name":"(anonymous_1)","decl":{"start":{"line":23,"column":40},"end":{"line":23,"column":41}},"loc":{"start":{"line":23,"column":49},"end":{"line":26,"column":9}},"line":23},"2":{"name":"(anonymous_2)","decl":{"start":{"line":35,"column":21},"end":{"line":35,"column":22}},"loc":{"start":{"line":35,"column":41},"end":{"line":41,"column":1}},"line":35},"3":{"name":"(anonymous_3)","decl":{"start":{"line":43,"column":24},"end":{"line":43,"column":25}},"loc":{"start":{"line":43,"column":44},"end":{"line":60,"column":1}},"line":43},"4":{"name":"(anonymous_4)","decl":{"start":{"line":46,"column"
[...]
,"end":{"line":153,"column":9}},"line":150},"9":{"name":"(anonymous_9)","decl":{"start":{"line":156,"column":26},"end":{"line":156,"column":27}},"loc":{"start":{"line":156,"column":35},"end":{"line":175,"column":9}},"line":156},"10":{"name":"(anonymous_10)","decl":{"start":{"line":185,"column":28},"end":{"line":185,"column":29}},"loc":{"start":{"line":185,"column":48},"end":{"line":208,"column":1}},"line":185},"11":{"name":"(anonymous_11)","decl":{"start":{"line":192,"column":26},"end":{"line":192,"column":27}},"loc":{"start":{"line":192,"column":35},"end":{"line":195,"column":9}},"line":192},"12":{"name":"(anonymous_12)","decl":{"start":{"line":198,"column":57},"end":{"line":198,"column":58}},"loc":{"start":{"line":198,"column":68},"end":{"line":201,"column":9}},"line":198}},"branchMap":{"0":{"loc":{"start":{"line":26,"column":12},"end":{"line":32,"column":13}},"type":"if","locations":[{"start":{"line":26,"column":12},"end":{"line":32,"column":13}},{"start":{},"end":{}}],"line":26},"1":{"loc":{"start":{"line":28,"column":16},"end":{"line":31,"column":17}},"type":"if","locations":[{"start":{"line":28,"column":16},"end":{"line":31,"column":17}},{"start":{},"end":{}}],"line":28},"2":{"loc":{"start":{"line":28,"column":20},"end":{"line":28,"column":104}},"type":"binary-expr","locations":[{"start":{"line":28,"column":20},"end":{"line":28,"column":61}},{"start":{"line":28,"column":65},"end":{"line":28,"column":104}}],"line":28},"3":{"loc":{"start":{"line":29,"column":38},"end":{"line":29,"column":54}},"type":"binary-expr","locations":[{"start":{"line":29,"column":38},"end":{"line":29,"column":49}},{"start":{"line":29,"column":53},"end":{"line":29,"column":54}}],"line":29},"4":{"loc":{"start":{"line":85,"column":17},"end":{"line":85,"column":45}},"type":"binary-expr","locations":[{"start":{"line":85,"column":17},"end":{"line":85,"column":25}},{"start":{"line":85,"column":29},"end":{"line":85,"column":45}}],"line":85},"5":{"loc":{"start":{"line":113,"column":12},"end":{"line":131,"column":13}},"type":"if","locations":[{"start":{"line":113,"column":12},"end":{"line":131,"column":13}},{"start":{},"end":{}}],"line":113},"6":{"loc":{"start":{"line":113,"column":16},"end":{"line":113,"column":48}},"type":"binary-expr","locations":[{"start":{"line":113,"column":16},"end":{"line":113,"column":33}},{"start":{"line":113,"column":37},"end":{"line":113,"column":48}}],"line":113},"7":{"loc":{"start":{"line":117,"column":16},"end":{"line":122,"column":17}},"type":"if","locations":[{"start":{"line":117,"column":16},"end":{"line":122,"column":17}},{"start":{"line":120,"column":23},"end":{"line":122,"column":17}}],"line":117},"8":{"loc":{"start":{"line":117,"column":20},"end":{"line":117,"column":92}},"type":"binary-expr","locations":[{"start":{"line":117,"column":20},"end":{"line":117,"column":57}},{"start":{"line":117,"column":61},"end":{"line":117,"column":92}}],"line":117},"9":{"loc":{"start":{"line":124,"column":16},"end":{"line":130,"column":17}},"type":"if","locations":[{"start":{"line":124,"column":16},"end":{"line":130,"column":17}},{"start":{},"end":{}}],"line":124},"10":{"loc":{"start":{"line":126,"column":20},"end":{"line":129,"column":21}},"type":"if","locations":[{"start":{"line":126,"column":20},"end":{"line":129,"column":21}},{"start":{},"end":{}}],"line":126},"11":{"loc":{"start":{"line":126,"column":24},"end":{"line":126,"column":48}},"type":"binary-expr","locations":[{"start":{"line":126,"column":24},"end":{"line":126,"column":34}},{"start":{"line":126,"column":38},"end":{"line":126,"column":48}}],"line":126},"12":{"loc":{"start":{"line":157,"column":12},"end":{"line":174,"column":13}},"type":"if","locations":[{"start":{"line":157,"column":12},"end":{"line":174,"column":13}},{"start":{},"end":{}}],"line":157},"13":{"loc":{"start":{"line":157,"column":16},"end":{"line":157,"column":48}},"type":"binary-expr","locations":[{"start":{"line":157,"column":16},"end":{"line":157,"column":33}},{"start":{"line":157,"column":37},"end":{"line":157,"column":48}}],"line":157},"14":{"loc":{"start":{"line":161,"column":16},"end":{"line":166,"column":17}},"type":"if","locations":[{"start":{"line":161,"column":16},"end":{"line":166,"column":17}},{"start":{"line":164,"column":23},"end":{"line":166,"column":17}}],"line":161},"15":{"loc":{"start":{"line":161,"column":20},"end":{"line":161,"column":92}},"type":"binary-expr","locations":[{"start":{"line":161,"column":20},"end":{"line":161,"column":57}},{"start":{"line":161,"column":61},"end":{"line":161,"column":92}}],"line":161},"16":{"loc":{"start":{"line":168,"column":16},"end":{"line":173,"column":17}},"type":"if","locations":[{"start":{"line":168,"column":16},"end":{"line":173,"column":17}},{"start":{},"end":{}}],"line":168},"17":{"loc":{"start":{"line":170,"column":20},"end":{"line":172,"column":21}},"type":"if","locations":[{"start":{"line":170,"column":20},"end":{"line":172,"column":21}},{"start":{},"end":{}}],"line":170},"18":{"loc":{"start":{"line":170,"column":24},"end":{"line":170,"column":48}},"type":"binary-expr","locations":[{"start":{"line":170,"column":24},"end":{"line":170,"column":34}},{"start":{"line":170,"column":38},"end":{"line":170,"column":48}}],"line":170},"19":{"loc":{"start":{"line":193,"column":27},"end":{"line":193,"column":59}},"type":"binary-expr","locations":[{"start":{"line":193,"column":27},"end":{"line":193,"column":39}},{"start":{"line":193,"column":43},"end":{"line":193,"column":59}}],"line":193},"20":{"loc":{"start":{"line":194,"column":35},"end":{"line":194,"column":59}},"type":"binary-expr","locations":[{"start":{"line":194,"column":35},"end":{"line":194,"column":54}},{"start":{"line":194,"column":58},"end":{"line":194,"column":59}}],"line":194}},"s":{"0":0,"1":0,"2":0,"3":0,"4":0,"5":0,"6":0,"7":0,"8":0,"9":0,"10":0,"11":0,"12":0,"13":0,"14":0,"15":0,"16":0,"17":0,"18":0,"19":0,"20":0,"21":0,"22":0,"23":0,"24":0,"25":0,"26":0,"27":0,"28":0,"29":0,"30":0,"31":0,"32":0,"33":0,"34":0,"35":0,"36":0,"37":0,"38":0,"39":0,"40":0,"41":0,"42":0,"43":0,"44":0,"45":0,"46":0,"47":0,"48":0,"49":0,"50":0,"51":0,"52":0,"53":0,"54":0,"55":0,"56":0,"57":0,"58":0,"59":0,"60":0,"61":0,"62":0,"63":0,"64":0,"65":0,"66":0,"67":0,"68":0,"69":0,"70":0,"71":0,"72":0,"73":0,"74":0,"75":0,"76":0,"77":0,"78":0,"79":0,"80":0,"81":0,"82":0,"83":0,"84":0,"85":0},"f":{"0":0,"1":0,"2":0,"3":0,"4":0,"5":0,"6":0,"7":0,"8":0,"9":0,"10":0,"11":0,"12":0},"b":{"0":[0,0],"1":[0,0],"2":[0,0],"3":[0,0],"4":[0,0],"5":[0,0],"6":[0,0],"7":[0,0],"8":[0,0],"9":[0,0],"10":[0,0],"11":[0,0],"12":[0,0],"13":[0,0],"14":[0,0],"15":[0,0],"16":[0,0],"17":[0,0],"18":[0,0],"19":[0,0],"20":[0,0]}}
,"C:\\Users\\ADMIN\\Desktop\\sgu25_doan_ktpm\\server_app\\API\\Router\\admin\\order.router.js": {"path":"C:\\Users\\ADMIN\\Desktop\\sgu25_doan_ktpm\\server_app\\API\\Router\\admin\\order.router.js","statementMap":{"0":{"start":{"line":1,"column":14},"end":{"line":1,"column":32}},"1":{"start":{"line":3,"column":13},"end":{"line":3,"column":29}},"2":{"start":{"line":5,"column":14},"end":{"line":5,"column":64}},"3":{"start":{"line":7,"column":0},"end":{"line":7,"column":29}},"4":{"start":{"line":9,"column":0},"end":{"line":9,"column":41}},"5":{"start":{"line":11,"column":0},"end":{"line":11,"column":50}},"6":{"start":{"line":13,"column":0},"end":{"line":13,"column":50}},"7":{"start":{"line":14,"column":0},"end":{"line":14,"column":48}},"8":{"start":{"line":15,"column":0},"end":{"line":15,"column":42}},"9":{"start":{"line":16,"column":0},"end":{"line":16,"column":56}},"10":{"start":{"line":18,"column":0},"end":{"line":18,"column":50}},"11":{"start":{"line":20,"column":0},"end":{"line":20,"column":24}}},"fnMap":{},"branchMap":{},"s":{"0":0,"1":0,"2":0,"3":0,"4":0,"5":0,"6":0,"7":0,"8":0,"9":0,"10":0,"11":0},"f":{},"b":{}}
,"C:\\Users\\ADMIN\\Desktop\\sgu25_doan_ktpm\\server_app\\API\\Router\\admin\\permission.router.js": {"path":"C:\\Users\\ADMIN\\Desktop\\sgu25_doan_ktpm\\server_app\\API\\Router\\admin\\permission.router.js","statementMap":{"0":{"start":{"line":1,"column":14},"end":{"line":1,"column":32}},"1":{"start":{"line":3,"column":13},"end":{"line":3,"column":29}},"2":{"start":{"line":5,"column":19},"end":{"line":5,"column":74}},"3":{"start":{"line":7,"column":0},"end":{"line":7,"column":34}},"4":{"start":{"line":8,"column":0},"end":{"line":8,"column":35}},"5":{"start":{"line":9,"column":0},"end":{"line":9,"column":39}},"6":{"start":{"line":11,"column":0},"end":{"line":11,"column":42}},"7":{"start":{"line":13,"column":0},"end":{"line":13,"column":44}},"8":{"start":{"line":14,"column":0},"end":{"line":14,"column":41}},"9":{"start":{"line":17,"column":0},"end":{"line":17,"column":24}}},"fnMap":{},"branchMap":{},"s":{"0":0,"1":0,"2":0,"3":0,"4":0,"5":0,"6":0,"7":0,"8":0,"9":0},"f":{},"b":{}}
,"C:\\Users\\ADMIN\\Desktop\\sgu25_doan_ktpm\\server_app\\API\\Router\\admin\\product.router.js": {"path":"C:\\Users\\ADMIN\\Desktop\\sgu25_doan_ktpm\\server_app\\API\\Router\\admin\\product.router.js","statementMap":{"0":{"start":{"line":1,"column":14},"end":{"line":1,"column":32}},"1":{"start":{"line":3,"column":13},"end":{"line":3,"column":29}},"2":{"start":{"line":5,"column":17},"end":{"line":5,"column":69}},"3":{"start":{"line":7,"column":0},"end":{"line":7,"column":32}},"4":{"start":{"line":8,"column":0},"end":{"line":8,"column":37}},"5":{"start":{"line":10,"column":0},"end":{"line":10,"column":40}},"6":{"start":{"line":12,"column":0},"end":{"line":12,"column":41}},"7":{"start":{"line":14,"column":0},"end":{"line":14,"column":42}},"8":{"start":{"line":17,"column":0},"end":{"line":17,"column":24}}},"fnMap":{},"branchMap":{},"s":{"0":0,"1":0,"2":0,"3":0,"4":0,"5":0,"6":0,"7":0,"8":0},"f":{},"b":{}}
,"C:\\Users\\ADMIN\\Desktop\\sgu25_doan_ktpm\\server_app\\API\\Router\\admin\\sale.router.js": {"path":"C:\\Users\\ADMIN\\Desktop\\sgu25_doan_ktpm\\server_app\\API\\Router\\admin\\sale.router.js","statementMap":{"0":{"start":{"line":1,"column":14},"end":{"line":1,"column":32}},"1":{"start":{"line":3,"column":13},"end":{"line":3,"column":29}},"2":{"start":{"line":5,"column":13},"end":{"line":5,"column":62}},"3":{"start":{"line":7,"column":0},"end":{"line":7,"column":28}},"4":{"start":{"line":9,"column":0},"end":{"line":9,"column":30}},"5":{"start":{"line":11,"column":0},"end":{"line":11,"column":32}},"6":{"start":{"line":13,"column":0},"end":{"line":13,"column":34}},"7":{"start":{"line":15,"column":0},"end":{"line":15,"column":39}},"8":{"start":{"line":17,"column":0},"end":{"line":17,"column":41}},"9":{"start":{"line":19,"column":0},"end":{"line":19,"column":24}}},"fnMap":{},"branchMap":{},"s":{"0":0,"1":0,"2":0,"3":0,"4":0,"5":0,"6":0,"7":0,"8":0,"9":0},"f":{},"b":{}}
,"C:\\Users\\ADMIN\\Desktop\\sgu25_doan_ktpm\\server_app\\API\\Router\\admin\\user.router.js": {"path":"C:\\Users\\ADMIN\\Desktop\\sgu25_doan_ktpm\\server_app\\API\\Router\\admin\\user.router.js","statementMap":{"0":{"start":{"line":1,"column":14},"end":{"line":1,"column":32}},"1":{"start":{"line":3,"column":13},"end":{"line":3,"column":29}},"2":{"start":{"line":5,"column":13},"end":{"line":5,"column":62}},"3":{"start":{"line":7,"column":0},"end":{"line":7,"column":28}},"4":{"start":{"line":8,"column":0},"end":{"line":8,"column":33}},"5":{"start":{"line":10,"column":0},"end":{"line":10,"column":36}},"6":{"start":{"line":12,"column":0},"end":{"line":12,"column":34}},"7":{"start":{"line":14,"column":0},"end":{"line":14,"column":37}},"8":{"start":{"line":16,"column":0},"end":{"line":16,"column":38}},"9":{"start":{"line":19,"column":0},"end":{"line":19,"column":24}}},"fnMap":{},"branchMap":{},"s":{"0":0,"1":0,"2":0,"3":0,"4":0,"5":0,"6":0,"7":0,"8":0,"9":0},"f":{},"b":{}}
,"C:\\Users\\ADMIN\\Desktop\\sgu25_doan_ktpm\\server_app\\Models\\cart.js": {"path":"C:\\Users\\ADMIN\\Desktop\\sgu25_doan_ktpm\\server_app\\Models\\cart.js","statementMap":{"0":{"start":{"line":1,"column":15},"end":{"line":1,"column":34}},"1":{"start":{"line":3,"column":13},"end":{"line":13,"column":1}},"2":{"start":{"line":15,"column":12},"end":{"line":15,"column":51}},"3":{"start":{"line":17,"column":0},"end":{"line":17,"column":23}}},"fnMap":{},"branchMap":{},"s":{"0":0,"1":0,"2":0,"3":0},"f":{},"b":{}}
,"C:\\Users\\ADMIN\\Desktop\\sgu25_doan_ktpm\\server_app\\Models\\category.js": {"path":"C:\\Users\\ADMIN\\Desktop\\sgu25_doan_ktpm\\server_app\\Models\\category.js","statementMap":{"0":{"start":{"line":1,"column":15},"end":{"line":1,"column":34}},"1":{"start":{"line":3,"column":13},"end":{"line":7,"column":1}},"2":{"start":{"line":9,"column":15},"end":{"line":9,"column":61}},"3":{"start":{"line":11,"column":0},"end":{"line":11,"column":26}}},"fnMap":{},"branchMap":{},"s":{"0":6,"1":6,"2":6,"3":6},"f":{},"b":{},"_coverageSchema":"1a1c01bbd47fc00a2c39e90264f33305004495a9","hash":"16c51e78607c9cc8e52af2bed779e175c66d74e4"}
,"C:\\Users\\ADMIN\\Desktop\\sgu25_doan_ktpm\\server_app\\Models\\comment.js": {"path":"C:\\Users\\ADMIN\\Desktop\\sgu25_doan_ktpm\\server_app\\Models\\comment.js","statementMap":{"0":{"start":{"line":1,"column":15},"end":{"line":1,"column":34}},"1":{"start":{"line":3,"column":13},"end":{"line":13,"column":1}},"2":{"start":{"line":15,"column":14},"end":{"line":15,"column":58}},"3":{"start":{"line":17,"column":0},"end":{"line":17,"column":25}}},"fnMap":{},"branchMap":{},"s":{"0":1,"1":1,"2":1,"3":1},"f":{},"b":{},"_coverageSchema":"1a1c01bbd47fc00a2c39e90264f33305004495a9","hash":"a2a5dede65d64c117709252230e8d7e45c761521"}
,"C:\\Users\\ADMIN\\Desktop\\sgu25_doan_ktpm\\server_app\\Models\\coupon.js": {"path":"C:\\Users\\ADMIN\\Desktop\\sgu25_doan_ktpm\\server_app\\Models\\coupon.js","statementMap":{"0":{"start":{"line":1,"column":15},"end":{"line":1,"column":34}},"1":{"start":{"line":3,"column":13},"end":{"line":10,"column":1}},"2":{"start":{"line":12,"column":13},"end":{"line":12,"column":55}},"3":{"start":{"line":14,"column":0},"end":{"line":14,"column":24}}},"fnMap":{},"branchMap":{},"s":{"0":2,"1":2,"2":2,"3":2},"f":{},"b":{},"_coverageSchema":"1a1c01bbd47fc00a2c39e90264f33305004495a9","hash":"1653d4602562eff5ed6b6ade8f6e008e0c149901"}
,"C:\\Users\\ADMIN\\Desktop\\sgu25_doan_ktpm\\server_app\\Models\\delivery.js": {"path":"C:\\Users\\ADMIN\\Desktop\\sgu25_doan_ktpm\\server_app\\Models\\delivery.js","statementMap":{"0":{"start":{"line":1,"column":15},"end":{"line":1,"column":34}},"1":{"start":{"line":3,"column":13},"end":{"line":12,"column":1}},"2":{"start":{"line":14,"column":15},"end":{"line":14,"column":61}},"3":{"start":{"line":16,"column":0},"end":{"line":16,"column":26}}},"fnMap":{},"branchMap":{},"s":{"0":0,"1":0,"2":0,"3":0},"f":{},"b":{}}
,"C:\\Users\\ADMIN\\Desktop\\sgu25_doan_ktpm\\server_app\\Models\\detail_order.js": {"path":"C:\\Users\\ADMIN\\Desktop\\sgu25_doan_ktpm\\server_app\\Models\\detail_order.js","statementMap":{"0":{"start":{"line":1,"column":15},"end":{"line":1,"column":34}},"1":{"start":{"line":3,"column":13},"end":{"line":18,"column":1}},"2":{"start":{"line":20,"column":19},"end":{"line":20,"column":73}},"3":{"start":{"line":22,"column":0},"end":{"line":22,"column":30}}},"fnMap":{},"branchMap":{},"s":{"0":1,"1":1,"2":1,"3":1},"f":{},"b":{},"_coverageSchema":"1a1c01bbd47fc00a2c39e90264f33305004495a9","hash":"053e0eb7954049a42d2ecf96902cdacc4bc666c8"}
,"C:\\Users\\ADMIN\\Desktop\\sgu25_doan_ktpm\\server_app\\Models\\favorite.js": {"path":"C:\\Users\\ADMIN\\Desktop\\sgu25_doan_ktpm\\server_app\\Models\\favorite.js","statementMap":{"0":{"start":{"line":1,"column":15},"end":{"line":1,"column":34}},"1":{"start":{"line":3,"column":13},"end":{"line":12,"column":2}},"2":{"start":{"line":14,"column":15},"end":{"line":14,"column":61}},"3":{"start":{"line":16,"column":0},"end":{"line":16,"column":26}}},"fnMap":{},"branchMap":{},"s":{"0":0,"1":0,"2":0,"3":0},"f":{},"b":{}}
,"C:\\Users\\ADMIN\\Desktop\\sgu25_doan_ktpm\\server_app\\Models\\note.js": {"path":"C:\\Users\\ADMIN\\Desktop\\sgu25_doan_ktpm\\server_app\\Models\\note.js","statementMap":{"0":{"start":{"line":1,"column":15},"end":{"line":1,"column":34}},"1":{"start":{"line":3,"column":13},"end":{"line":8,"column":1}},"2":{"start":{"line":10,"column":11},"end":{"line":10,"column":49}},"3":{"start":{"line":12,"column":0},"end":{"line":12,"column":22}}},"fnMap":{},"branchMap":{},"s":{"0":1,"1":1,"2":1,"3":1},"f":{},"b":{},"_coverageSchema":"1a1c01bbd47fc00a2c39e90264f33305004495a9","hash":"0505c8a4506047a8f1ac3047f0ce0d14c58a0de7"}
,"C:\\Users\\ADMIN\\Desktop\\sgu25_doan_ktpm\\server_app\\Models\\order.js": {"path":"C:\\Users\\ADMIN\\Desktop\\sgu25_doan_ktpm\\server_app\\Models\\order.js","statementMap":{"0":{"start":{"line":1,"column":15},"end":{"line":1,"column":34}},"1":{"start":{"line":3,"column":13},"end":{"line":25,"column":1}},"2":{"start":{"line":27,"column":12},"end":{"line":27,"column":52}},"3":{"start":{"line":29,"column":0},"end":{"line":29,"column":23}}},"fnMap":{},"branchMap":{},"s":{"0":3,"1":3,"2":3,"3":3},"f":{},"b":{},"_coverageSchema":"1a1c01bbd47fc00a2c39e90264f33305004495a9","hash":"f8fd1dbe1942a7a1801acca09386eb9c1aba1c0f"}
,"C:\\Users\\ADMIN\\Desktop\\sgu25_doan_ktpm\\server_app\\Models\\payment.js": {"path":"C:\\Users\\ADMIN\\Desktop\\sgu25_doan_ktpm\\server_app\\Models\\payment.js","statementMap":{"0":{"start":{"line":1,"column":15},"end":{"line":1,"column":34}},"1":{"start":{"line":3,"column":13},"end":{"line":7,"column":1}},"2":{"start":{"line":9,"column":14},"end":{"line":9,"column":58}},"3":{"start":{"line":11,"column":0},"end":{"line":11,"column":25}}},"fnMap":{},"branchMap":{},"s":{"0":2,"1":2,"2":2,"3":2},"f":{},"b":{},"_coverageSchema":"1a1c01bbd47fc00a2c39e90264f33305004495a9","hash":"e61fbafa79109132954cea71e556964ce59f0180"}
,"C:\\Users\\ADMIN\\Desktop\\sgu25_doan_ktpm\\server_app\\Models\\permission.js": {"path":"C:\\Users\\ADMIN\\Desktop\\sgu25_doan_ktpm\\server_app\\Models\\permission.js","statementMap":{"0":{"start":{"line":2,"column":17},"end":{"line":2,"column":36}},"1":{"start":{"line":4,"column":25},"end":{"line":6,"column":2}},"2":{"start":{"line":8,"column":19},"end":{"line":8,"column":79}},"3":{"start":{"line":10,"column":0},"end":{"line":10,"column":28}}},"fnMap":{},"branchMap":{},"s":{"0":1,"1":1,"2":1,"3":1},"f":{},"b":{},"_coverageSchema":"1a1c01bbd47fc00a2c39e90264f33305004495a9","hash":"206e7e9c21be45a5b81358aaaad5b44828cea01e"}
,"C:\\Users\\ADMIN\\Desktop\\sgu25_doan_ktpm\\server_app\\Models\\product.js": {"path":"C:\\Users\\ADMIN\\Desktop\\sgu25_doan_ktpm\\server_app\\Models\\product.js","statementMap":{"0":{"start":{"line":1,"column":15},"end":{"line":1,"column":34}},"1":{"start":{"line":3,"column":13},"end":{"line":19,"column":1}},"2":{"start":{"line":21,"column":15},"end":{"line":21,"column":60}},"3":{"start":{"line":23,"column":0},"end":{"line":23,"column":26}}},"fnMap":{},"branchMap":{},"s":{"0":5,"1":5,"2":5,"3":5},"f":{},"b":{},"_coverageSchema":"1a1c01bbd47fc00a2c39e90264f33305004495a9","hash":"5329dceea3079d1d38ef1654cb2300119b56ea17"}
,"C:\\Users\\ADMIN\\Desktop\\sgu25_doan_ktpm\\server_app\\Models\\sale.js": {"path":"C:\\Users\\ADMIN\\Desktop\\sgu25_doan_ktpm\\server_app\\Models\\sale.js","statementMap":{"0":{"start":{"line":1,"column":15},"end":{"line":1,"column":34}},"1":{"start":{"line":3,"column":13},"end":{"line":15,"column":1}},"2":{"start":{"line":17,"column":11},"end":{"line":17,"column":49}},"3":{"start":{"line":19,"column":0},"end":{"line":19,"column":22}}},"fnMap":{},"branchMap":{},"s":{"0":0,"1":0,"2":0,"3":0},"f":{},"b":{}}
,"C:\\Users\\ADMIN\\Desktop\\sgu25_doan_ktpm\\server_app\\Models\\user.js": {"path":"C:\\Users\\ADMIN\\Desktop\\sgu25_doan_ktpm\\server_app\\Models\\user.js","statementMap":{"0":{"start":{"line":1,"column":15},"end":{"line":1,"column":34}},"1":{"start":{"line":3,"column":13},"end":{"line":17,"column":1}},"2":{"start":{"line":19,"column":12},"end":{"line":19,"column":51}},"3":{"start":{"line":21,"column":0},"end":{"line":21,"column":23}}},"fnMap":{},"branchMap":{},"s":{"0":7,"1":7,"2":7,"3":7},"f":{},"b":{},"_coverageSchema":"1a1c01bbd47fc00a2c39e90264f33305004495a9","hash":"1d86734b46930fc2bf08ea864d313121a4125a2e"}
}
