{"C:\\Users\\ADMIN\\Desktop\\sgu25_doan_ktpm\\server_app\\API\\Controller\\category.controller.js": {"path":"C:\\Users\\ADMIN\\Desktop\\sgu25_doan_ktpm\\server_app\\API\\Controller\\category.controller.js","statementMap":{"0":{"start":{"line":1,"column":17},"end":{"line":1,"column":49}},"1":{"start":{"line":3,"column":0},"end":{"line":10,"column":2}},"2":{"start":{"line":5,"column":21},"end":{"line":5,"column":42}},"3":{"start":{"line":8,"column":4},"end":{"line":8,"column":23}}},"fnMap":{"0":{"name":"(anonymous_0)","decl":{"start":{"line":3,"column":23},"end":{"line":3,"column":24}},"loc":{"start":{"line":3,"column":43},"end":{"line":10,"column":1}},"line":3}},"branchMap":{},"s":{"0":0,"1":0,"2":0,"3":0},"f":{"0":0},"b":{}}
,"C:\\Users\\ADMIN\\Desktop\\sgu25_doan_ktpm\\server_app\\API\\Controller\\comment.controller.js": {"path":"C:\\Users\\ADMIN\\Desktop\\sgu25_doan_ktpm\\server_app\\API\\Controller\\comment.controller.js","statementMap":{"0":{"start":{"line":2,"column":16},"end":{"line":2,"column":47}},"1":{"start":{"line":3,"column":14},"end":{"line":3,"column":42}},"2":{"start":{"line":7,"column":0},"end":{"line":15,"column":1}},"3":{"start":{"line":9,"column":23},"end":{"line":9,"column":36}},"4":{"start":{"line":11,"column":28},"end":{"line":11,"column":94}},"5":{"start":{"line":13,"column":4},"end":{"line":13,"column":29}},"6":{"start":{"line":19,"column":0},"end":{"line":35,"column":1}},"7":{"start":{"line":21,"column":23},"end":{"line":21,"column":36}},"8":{"start":{"line":24,"column":17},"end":{"line":29,"column":5}},"9":{"start":{"line":31,"column":4},"end":{"line":31,"column":30}},"10":{"start":{"line":33,"column":4},"end":{"line":33,"column":26}}},"fnMap":{"0":{"name":"(anonymous_0)","decl":{"start":{"line":7,"column":23},"end":{"line":7,"column":24}},"loc":{"start":{"line":7,"column":43},"end":{"line":15,"column":1}},"line":7},"1":{"name":"(anonymous_1)","decl":{"start":{"line":19,"column":30},"end":{"line":19,"column":31}},"loc":{"start":{"line":19,"column":50},"end":{"line":35,"column":1}},"line":19}},"branchMap":{},"s":{"0":0,"1":0,"2":0,"3":0,"4":0,"5":0,"6":0,"7":0,"8":0,"9":0,"10":0},"f":{"0":0,"1":0},"b":{}}
,"C:\\Users\\ADMIN\\Desktop\\sgu25_doan_ktpm\\server_app\\API\\Controller\\delivery.controller.js": {"path":"C:\\Users\\ADMIN\\Desktop\\sgu25_doan_ktpm\\server_app\\API\\Controller\\delivery.controller.js","statementMap":{"0":{"start":{"line":2,"column":17},"end":{"line":2,"column":49}},"1":{"start":{"line":4,"column":0},"end":{"line":10,"column":1}},"2":{"start":{"line":6,"column":21},"end":{"line":6,"column":52}},"3":{"start":{"line":8,"column":4},"end":{"line":8,"column":22}},"4":{"start":{"line":12,"column":0},"end":{"line":20,"column":1}},"5":{"start":{"line":14,"column":15},"end":{"line":14,"column":28}},"6":{"start":{"line":16,"column":21},"end":{"line":16,"column":64}},"7":{"start":{"line":18,"column":4},"end":{"line":18,"column":22}}},"fnMap":{"0":{"name":"(anonymous_0)","decl":{"start":{"line":4,"column":31},"end":{"line":4,"column":32}},"loc":{"start":{"line":4,"column":51},"end":{"line":10,"column":1}},"line":4},"1":{"name":"(anonymous_1)","decl":{"start":{"line":12,"column":30},"end":{"line":12,"column":31}},"loc":{"start":{"line":12,"column":50},"end":{"line":20,"column":1}},"line":12}},"branchMap":{},"s":{"0":0,"1":0,"2":0,"3":0,"4":0,"5":0,"6":0,"7":0},"f":{"0":0,"1":0},"b":{}}
,"C:\\Users\\ADMIN\\Desktop\\sgu25_doan_ktpm\\server_app\\API\\Controller\\detail_order.controller.js": {"path":"C:\\Users\\ADMIN\\Desktop\\sgu25_doan_ktpm\\server_app\\API\\Controller\\detail_order.controller.js","statementMap":{"0":{"start":{"line":2,"column":21},"end":{"line":2,"column":57}},"1":{"start":{"line":6,"column":0},"end":{"line":14,"column":1}},"2":{"start":{"line":8,"column":21},"end":{"line":8,"column":34}},"3":{"start":{"line":10,"column":25},"end":{"line":10,"column":95}},"4":{"start":{"line":12,"column":4},"end":{"line":12,"column":26}},"5":{"start":{"line":17,"column":0},"end":{"line":23,"column":1}},"6":{"start":{"line":19,"column":25},"end":{"line":19,"column":60}},"7":{"start":{"line":21,"column":4},"end":{"line":21,"column":26}}},"fnMap":{"0":{"name":"(anonymous_0)","decl":{"start":{"line":6,"column":24},"end":{"line":6,"column":25}},"loc":{"start":{"line":6,"column":44},"end":{"line":14,"column":1}},"line":6},"1":{"name":"(anonymous_1)","decl":{"start":{"line":17,"column":35},"end":{"line":17,"column":36}},"loc":{"start":{"line":17,"column":55},"end":{"line":23,"column":1}},"line":17}},"branchMap":{},"s":{"0":0,"1":0,"2":0,"3":0,"4":0,"5":0,"6":0,"7":0},"f":{"0":0,"1":0},"b":{}}
,"C:\\Users\\ADMIN\\Desktop\\sgu25_doan_ktpm\\server_app\\API\\Controller\\note.controller.js": {"path":"C:\\Users\\ADMIN\\Desktop\\sgu25_doan_ktpm\\server_app\\API\\Controller\\note.controller.js","statementMap":{"0":{"start":{"line":1,"column":13},"end":{"line":1,"column":41}},"1":{"start":{"line":3,"column":0},"end":{"line":9,"column":1}},"2":{"start":{"line":5,"column":17},"end":{"line":5,"column":44}},"3":{"start":{"line":7,"column":4},"end":{"line":7,"column":18}},"4":{"start":{"line":11,"column":0},"end":{"line":19,"column":1}},"5":{"start":{"line":13,"column":15},"end":{"line":13,"column":28}},"6":{"start":{"line":15,"column":17},"end":{"line":15,"column":48}},"7":{"start":{"line":17,"column":4},"end":{"line":17,"column":18}}},"fnMap":{"0":{"name":"(anonymous_0)","decl":{"start":{"line":3,"column":31},"end":{"line":3,"column":32}},"loc":{"start":{"line":3,"column":51},"end":{"line":9,"column":1}},"line":3},"1":{"name":"(anonymous_1)","decl":{"start":{"line":11,"column":30},"end":{"line":11,"column":31}},"loc":{"start":{"line":11,"column":50},"end":{"line":19,"column":1}},"line":11}},"branchMap":{},"s":{"0":0,"1":0,"2":0,"3":0,"4":0,"5":0,"6":0,"7":0},"f":{"0":0,"1":0},"b":{}}
,"C:\\Users\\ADMIN\\Desktop\\sgu25_doan_ktpm\\server_app\\API\\Controller\\order.controller.js": {"path":"C:\\Users\\ADMIN\\Desktop\\sgu25_doan_ktpm\\server_app\\API\\Controller\\order.controller.js","statementMap":{"0":{"start":{"line":2,"column":15},"end":{"line":2,"column":38}},"1":{"start":{"line":3,"column":15},"end":{"line":3,"column":32}},"2":{"start":{"line":5,"column":14},"end":{"line":5,"column":43}},"3":{"start":{"line":6,"column":21},"end":{"line":6,"column":57}},"4":{"start":{"line":7,"column":13},"end":{"line":7,"column":41}},"5":{"start":{"line":8,"column":16},"end":{"line":8,"column":47}},"6":{"start":{"line":11,"column":0},"end":{"line":17,"column":1}},"7":{"start":{"line":13,"column":18},"end":{"line":13,"column":46}},"8":{"start":{"line":15,"column":4},"end":{"line":15,"column":19}},"9":{"start":{"line":19,"column":0},"end":{"line":48,"column":1}},"10":{"start":{"line":21,"column":18},"end":{"line":21,"column":97}},"11":{"start":{"line":24,"column":21},"end":{"line":25,"column":344}},"12":{"start":{"line":27,"column":22},"end":{"line":27,"column":24}},"13":{"start":{"line":29,"column":4},"end":{"line":38,"column":5}},"14":{"start":{"line":29,"column":17},"end":{"line":29,"column":18}},"15":{"start":{"line":30,"column":8},"end":{"line":37,"column":18}},"16":{"start":{"line":40,"column":23},"end":{"line":41,"column":170}},"17":{"start":{"line":44,"column":4},"end":{"line":44,"column":73}},"18":{"start":{"line":46,"column":4},"end":{"line":46,"column":36}},"19":{"start":{"line":50,"column":0},"end":{"line":58,"column":1}},"20":{"start":{"line":52,"column":20},"end":{"line":52,"column":33}},"21":{"start":{"line":54,"column":18},"end":{"line":54,"column":80}},"22":{"start":{"line":56,"column":4},"end":{"line":56,"column":19}},"23":{"start":{"line":60,"column":0},"end":{"line":68,"column":1}},"24":{"start":{"line":62,"column":21},"end":{"line":62,"column":34}},"25":{"start":{"line":64,"column":18},"end":{"line":64,"column":103}},"26":{"start":{"line":66,"column":4},"end":{"line":66,"column":19}},"27":{"start":{"line":70,"column":0},"end":{"line":104,"column":1}},"28":{"start":{"line":72,"column":22},"end":{"line":72,"column":56}},"29":{"start":{"line":73,"column":22},"end":{"line":73,"column":40}},"30":{"start":{"line":74,"column":19},"end":{"line":74,"column":34}},"31":{"start":{"line":75,"column":22},"end":{"line":75,"column":40}},"32":{"start":{"line":76,"column":22},"end":{"line":76,"column":40}},"33":{"start":{"line":77,"column":25},"end":{"line":77,"column":46}},"34":{"start":{"line":78,"column":20},"end":{"line":78,"column":36}},"35":{"start":{"line":79,"column":20},"end":{"line":79,"column":36}},"36":{"start":{"line":80,"column":22},"end":{"line":80,"column":40}},"37":{"start":{"line":81,"column":22},"end":{"line":81,"column":40}},"38":{"start":{"line":82,"column":24},"end":{"line":82,"column":44}},"39":{"start":{"line":83,"column":20},"end":{"line":83,"column":36}},"40":{"start":{"line":84,"column":22},"end":{"line":84,"column":40}},"41":{"start":{"line":85,"column":25},"end":{"line":85,"column":46}},"42":{"start":{"line":86,"column":20},"end":{"line":86,"column":36}},"43":{"start":{"line":88,"column":16},"end":{"line":88,"column":333}},"44":{"start":{"line":90,"column":20},"end":{"line":92,"column":22}},"45":{"start":{"line":94,"column":4},"end":{"line":97,"column":5}},"46":{"start":{"line":95,"column":8},"end":{"line":95,"column":50}},"47":{"start":{"line":96,"column":8},"end":{"line":96,"column":15}},"48":{"start":{"line":98,"column":4},"end":{"line":102,"column":5}},"49":{"start":{"line":99,"column":8},"end":{"line":99,"column":30}},"50":{"start":{"line":101,"column":8},"end":{"line":101,"column":39}},"51":{"start":{"line":199,"column":0},"end":{"line":206,"column":1}},"52":{"start":{"line":200,"column":4},"end":{"line":205,"column":5}},"53":{"start":{"line":201,"column":25},"end":{"line":201,"column":47}},"54":{"start":{"line":202,"column":8},"end":{"line":202,"column":27}},"55":{"start":{"line":204,"column":8},"end":{"line":204,"column":55}},"56":{"start":{"line":209,"column":0},"end":{"line":226,"column":1}},"57":{"start":{"line":210,"column":4},"end":{"line":225,"column":5}},"58":{"start":{"line":212,"column":23},"end":{"line":217,"column":10}},"59":{"start":{"line":219,"column":8},"end":{"line":222,"column":11}},"60":{"start":{"line":224,"column":8},"end":{"line":224,"column":55}},"61":{"start":{"line":229,"column":0},"end":{"line":245,"column":1}},"62":{"start":{"line":230,"column":4},"end":{"line":244,"column":5}},"63":{"start":{"line":232,"column":29},"end":{"line":232,"column":55}},"64":{"start":{"line":235,"column":30},"end":{"line":235,"column":63}},"65":{"start":{"line":237,"column":8},"end":{"line":241,"column":11}},"66":{"start":{"line":243,"column":8},"end":{"line":243,"column":55}}},"fnMap":{"0":{"name":"(anonymous_0)","decl":{"start":{"line":11,"column":28},"end":{"line":11,"column":29}},"loc":{"start":{"line":11,"column":48},"end":{"line":17,"column":1}},"line":11},"1":{"name":"(anonymous_1)","decl":{"start":{"line":19,"column":27},"end":{"line":19,"column":28}},"loc":{"start":{"line":19,"column":47},"end":{"line":48,"column":1}},"line":19},"2":{"name":"(anonymous_2)","decl":{"start":{"line":50,"column":27},"end":{"line":50,"column":28}},"loc":{"start":{"line":50,"column":47},"end":{"line":58,"column":1}},"line":50},"3":{"name":"(anonymous_3)","decl":{"start":{"line":60,"column":28},"end":{"line":60,"column":29}},"loc":{"start":{"line":60,"column":48},"end":{"line":68,"column":1}},"line":60},"4":{"name":"(anonymous_4)","decl":{"start":{"line":70,"column":27},"end":{"line":70,"column":28}},"loc":{"start":{"line":70,"column":47},"end":{"line":104,"column":1}},"line":70},"5":{"name":"(anonymous_5)","decl":{"start":{"line":199,"column":30},"end":{"line":199,"column":31}},"loc":{"start":{"line":199,"column":50},"end":{"line":206,"column":1}},"line":199},"6":{"name":"(anonymous_6)","decl":{"start":{"line":209,"column":38},"end":{"line":209,"column":39}},"loc":{"start":{"line":209,"column":58},"end":{"line":226,"column":1}},"line":209},"7":{"name":"(anonymous_7)","decl":{"start":{"line":229,"column":34},"end":{"line":229,"column":35}},"loc":{"start":{"line":229,"column":54},"end":{"line":245,"column":1}},"line":229}},"branchMap":{"0":{"loc":{"start":{"line":94,"column":4},"end":{"line":97,"column":5}},"type":"if","locations":[{"start":{"line":94,"column":4},"end":{"line":97,"column":5}},{"start":{},"end":{}}],"line":94},"1":{"loc":{"start":{"line":98,"column":4},"end":{"line":102,"column":5}},"type":"if","locations":[{"start":{"line":98,"column":4},"end":{"line":102,"column":5}},{"start":{"line":100,"column":11},"end":{"line":102,"column":5}}],"line":98}},"s":{"0":0,"1":0,"2":0,"3":0,"4":0,"5":0,"6":0,"7":0,"8":0,"9":0,"10":0,"11":0,"12":0,"13":0,"14":0,"15":0,"16":0,"17":0,"18":0,"19":0,"20":0,"21":0,"22":0,"23":0,"24":0,"25":0,"26":0,"27":0,"28":0,"29":0,"30":0,"31":0,"32":0,"33":0,"34":0,"35":0,"36":0,"37":0,"38":0,"39":0,"40":0,"41":0,"42":0,"43":0,"44":0,"45":0,"46":0,"47":0,"48":0,"49":0,"50":0,"51":0,"52":0,"53":0,"54":0,"55":0,"56":0,"57":0,"58":0,"59":0,"60":0,"61":0,"62":0,"63":0,"64":0,"65":0,"66":0},"f":{"0":0,"1":0,"2":0,"3":0,"4":0,"5":0,"6":0,"7":0},"b":{"0":[0,0],"1":[0,0]}}
,"C:\\Users\\ADMIN\\Desktop\\sgu25_doan_ktpm\\server_app\\API\\Controller\\product.controller.js": {"path":"C:\\Users\\ADMIN\\Desktop\\sgu25_doan_ktpm\\server_app\\API\\Controller\\product.controller.js","statementMap":{"0":{"start":{"line":2,"column":17},"end":{"line":2,"column":48}},"1":{"start":{"line":3,"column":17},"end":{"line":3,"column":49}},"2":{"start":{"line":6,"column":0},"end":{"line":11,"column":1}},"3":{"start":{"line":8,"column":21},"end":{"line":8,"column":42}},"4":{"start":{"line":10,"column":4},"end":{"line":10,"column":22}},"5":{"start":{"line":14,"column":0},"end":{"line":22,"column":1}},"6":{"start":{"line":16,"column":19},"end":{"line":16,"column":35}},"7":{"start":{"line":18,"column":21},"end":{"line":18,"column":60}},"8":{"start":{"line":20,"column":4},"end":{"line":20,"column":22}},"9":{"start":{"line":25,"column":0},"end":{"line":38,"column":1}},"10":{"start":{"line":27,"column":24},"end":{"line":27,"column":45}},"11":{"start":{"line":31,"column":4},"end":{"line":35,"column":5}},"12":{"start":{"line":32,"column":8},"end":{"line":32,"column":49}},"13":{"start":{"line":34,"column":8},"end":{"line":34,"column":77}},"14":{"start":{"line":37,"column":4},"end":{"line":37,"column":31}},"15":{"start":{"line":41,"column":0},"end":{"line":49,"column":1}},"16":{"start":{"line":43,"column":15},"end":{"line":43,"column":28}},"17":{"start":{"line":45,"column":20},"end":{"line":45,"column":55}},"18":{"start":{"line":47,"column":4},"end":{"line":47,"column":21}},"19":{"start":{"line":53,"column":0},"end":{"line":96,"column":1}},"20":{"start":{"line":56,"column":17},"end":{"line":56,"column":46}},"21":{"start":{"line":59,"column":26},"end":{"line":59,"column":56}},"22":{"start":{"line":62,"column":26},"end":{"line":62,"column":42}},"23":{"start":{"line":65,"column":21},"end":{"line":65,"column":39}},"24":{"start":{"line":68,"column":16},"end":{"line":68,"column":42}},"25":{"start":{"line":69,"column":14},"end":{"line":69,"column":34}},"26":{"start":{"line":74,"column":4},"end":{"line":78,"column":5}},"27":{"start":{"line":75,"column":8},"end":{"line":75,"column":40}},"28":{"start":{"line":77,"column":8},"end":{"line":77,"column":65}},"29":{"start":{"line":80,"column":29},"end":{"line":80,"column":55}},"30":{"start":{"line":83,"column":4},"end":{"line":94,"column":5}},"31":{"start":{"line":85,"column":8},"end":{"line":85,"column":36}},"32":{"start":{"line":88,"column":22},"end":{"line":91,"column":10}},"33":{"start":{"line":89,"column":12},"end":{"line":90,"column":89}},"34":{"start":{"line":93,"column":8},"end":{"line":93,"column":25}},"35":{"start":{"line":99,"column":0},"end":{"line":121,"column":1}},"36":{"start":{"line":101,"column":17},"end":{"line":101,"column":31}},"37":{"start":{"line":103,"column":18},"end":{"line":103,"column":33}},"38":{"start":{"line":105,"column":19},"end":{"line":105,"column":35}},"39":{"start":{"line":108,"column":18},"end":{"line":108,"column":36}},"40":{"start":{"line":109,"column":16},"end":{"line":109,"column":28}},"41":{"start":{"line":111,"column":21},"end":{"line":111,"column":42}},"42":{"start":{"line":113,"column":20},"end":{"line":115,"column":6}},"43":{"start":{"line":114,"column":8},"end":{"line":114,"column":84}},"44":{"start":{"line":117,"column":31},"end":{"line":117,"column":56}},"45":{"start":{"line":119,"column":4},"end":{"line":119,"column":32}}},"fnMap":{"0":{"name":"(anonymous_0)","decl":{"start":{"line":6,"column":23},"end":{"line":6,"column":24}},"loc":{"start":{"line":6,"column":43},"end":{"line":11,"column":1}},"line":6},"1":{"name":"(anonymous_1)","decl":{"start":{"line":14,"column":24},"end":{"line":14,"column":25}},"loc":{"start":{"line":14,"column":44},"end":{"line":22,"column":1}},"line":14},"2":{"name":"(anonymous_2)","decl":{"start":{"line":25,"column":26},"end":{"line":25,"column":27}},"loc":{"start":{"line":25,"column":46},"end":{"line":38,"column":1}},"line":25},"3":{"name":"(anonymous_3)","decl":{"start":{"line":41,"column":24},"end":{"line":41,"column":25}},"loc":{"start":{"line":41,"column":44},"end":{"line":49,"column":1}},"line":41},"4":{"name":"(anonymous_4)","decl":{"start":{"line":53,"column":28},"end":{"line":53,"column":29}},"loc":{"start":{"line":53,"column":48},"end":{"line":96,"column":1}},"line":53},"5":{"name":"(anonymous_5)","decl":{"start":{"line":88,"column":48},"end":{"line":88,"column":49}},"loc":{"start":{"line":88,"column":57},"end":{"line":91,"column":9}},"line":88},"6":{"name":"(anonymous_6)","decl":{"start":{"line":99,"column":23},"end":{"line":99,"column":24}},"loc":{"start":{"line":99,"column":43},"end":{"line":121,"column":1}},"line":99},"7":{"name":"(anonymous_7)","decl":{"start":{"line":113,"column":36},"end":{"line":113,"column":37}},"loc":{"start":{"line":113,"column":45},"end":{"line":115,"column":5}},"line":113}},"branchMap":{"0":{"loc":{"start":{"line":31,"column":4},"end":{"line":35,"column":5}},"type":"if","locations":[{"start":{"line":31,"column":4},"end":{"line":35,"column":5}},{"start":{"line":33,"column":9},"end":{"line":35,"column":5}}],"line":31},"1":{"loc":{"start":{"line":56,"column":17},"end":{"line":56,"column":46}},"type":"binary-expr","locations":[{"start":{"line":56,"column":17},"end":{"line":56,"column":41}},{"start":{"line":56,"column":45},"end":{"line":56,"column":46}}],"line":56},"2":{"loc":{"start":{"line":59,"column":26},"end":{"line":59,"column":56}},"type":"binary-expr","locations":[{"start":{"line":59,"column":26},"end":{"line":59,"column":51}},{"start":{"line":59,"column":55},"end":{"line":59,"column":56}}],"line":59},"3":{"loc":{"start":{"line":74,"column":4},"end":{"line":78,"column":5}},"type":"if","locations":[{"start":{"line":74,"column":4},"end":{"line":78,"column":5}},{"start":{"line":76,"column":9},"end":{"line":78,"column":5}}],"line":74},"4":{"loc":{"start":{"line":83,"column":4},"end":{"line":94,"column":5}},"type":"if","locations":[{"start":{"line":83,"column":4},"end":{"line":94,"column":5}},{"start":{"line":87,"column":9},"end":{"line":94,"column":5}}],"line":83},"5":{"loc":{"start":{"line":89,"column":19},"end":{"line":90,"column":89}},"type":"binary-expr","locations":[{"start":{"line":89,"column":19},"end":{"line":89,"column":95}},{"start":{"line":90,"column":12},"end":{"line":90,"column":89}}],"line":89}},"s":{"0":0,"1":0,"2":0,"3":0,"4":0,"5":0,"6":0,"7":0,"8":0,"9":0,"10":0,"11":0,"12":0,"13":0,"14":0,"15":0,"16":0,"17":0,"18":0,"19":0,"20":0,"21":0,"22":0,"23":0,"24":0,"25":0,"26":0,"27":0,"28":0,"29":0,"30":0,"31":0,"32":0,"33":0,"34":0,"35":0,"36":0,"37":0,"38":0,"39":0,"40":0,"41":0,"42":0,"43":0,"44":0,"45":0},"f":{"0":0,"1":0,"2":0,"3":0,"4":0,"5":0,"6":0,"7":0},"b":{"0":[0,0],"1":[0,0],"2":[0,0],"3":[0,0],"4":[0,0],"5":[0,0]}}
,"C:\\Users\\ADMIN\\Desktop\\sgu25_doan_ktpm\\server_app\\API\\Controller\\stripe.controller.js": {"path":"C:\\Users\\ADMIN\\Desktop\\sgu25_doan_ktpm\\server_app\\API\\Controller\\stripe.controller.js","statementMap":{"0":{"start":{"line":1,"column":0},"end":{"line":1,"column":27}},"1":{"start":{"line":2,"column":15},"end":{"line":2,"column":63}},"2":{"start":{"line":4,"column":25},"end":{"line":108,"column":1}},"3":{"start":{"line":7,"column":8},"end":{"line":39,"column":9}},"4":{"start":{"line":8,"column":49},"end":{"line":8,"column":57}},"5":{"start":{"line":11,"column":12},"end":{"line":15,"column":13}},"6":{"start":{"line":12,"column":16},"end":{"line":14,"column":19}},"7":{"start":{"line":18,"column":34},"end":{"line":27,"column":14}},"8":{"start":{"line":29,"column":12},"end":{"line":32,"column":15}},"9":{"start":{"line":35,"column":12},"end":{"line":35,"column":67}},"10":{"start":{"line":36,"column":12},"end":{"line":38,"column":15}},"11":{"start":{"line":44,"column":8},"end":{"line":65,"column":9}},"12":{"start":{"line":45,"column":40},"end":{"line":45,"column":48}},"13":{"start":{"line":47,"column":12},"end":{"line":51,"column":13}},"14":{"start":{"line":48,"column":16},"end":{"line":50,"column":19}},"15":{"start":{"line":53,"column":34},"end":{"line":53,"column":87}},"16":{"start":{"line":55,"column":12},"end":{"line":58,"column":15}},"17":{"start":{"line":61,"column":12},"end":{"line":61,"column":62}},"18":{"start":{"line":62,"column":12},"end":{"line":64,"column":15}},"19":{"start":{"line":70,"column":8},"end":{"line":106,"column":9}},"20":{"start":{"line":71,"column":24},"end":{"line":71,"column":55}},"21":{"start":{"line":74,"column":12},"end":{"line":79,"column":13}},"22":{"start":{"line":75,"column":16},"end":{"line":75,"column":105}},"23":{"start":{"line":77,"column":16},"end":{"line":77,"column":83}},"24":{"start":{"line":78,"column":16},"end":{"line":78,"column":77}},"25":{"start":{"line":82,"column":12},"end":{"line":97,"column":13}},"26":{"start":{"line":84,"column":42},"end":{"line":84,"column":59}},"27":{"start":{"line":85,"column":20},"end":{"line":85,"column":72}},"28":{"start":{"line":87,"column":20},"end":{"line":87,"column":26}},"29":{"start":{"line":90,"column":42},"end":{"line":90,"column":59}},"30":{"start":{"line":91,"column":20},"end":{"line":91,"column":69}},"31":{"start":{"line":93,"column":20},"end":{"line":93,"column":26}},"32":{"start":{"line":96,"column":20},"end":{"line":96,"column":70}},"33":{"start":{"line":99,"column":12},"end":{"line":99,"column":53}},"34":{"start":{"line":102,"column":12},"end":{"line":102,"column":51}},"35":{"start":{"line":103,"column":12},"end":{"line":105,"column":15}},"36":{"start":{"line":110,"column":0},"end":{"line":110,"column":34}}},"fnMap":{"0":{"name":"(anonymous_0)","decl":{"start":{"line":6,"column":25},"end":{"line":6,"column":26}},"loc":{"start":{"line":6,"column":45},"end":{"line":40,"column":5}},"line":6},"1":{"name":"(anonymous_1)","decl":{"start":{"line":43,"column":20},"end":{"line":43,"column":21}},"loc":{"start":{"line":43,"column":40},"end":{"line":66,"column":5}},"line":43},"2":{"name":"(anonymous_2)","decl":{"start":{"line":69,"column":19},"end":{"line":69,"column":20}},"loc":{"start":{"line":69,"column":39},"end":{"line":107,"column":5}},"line":69}},"branchMap":{"0":{"loc":{"start":{"line":8,"column":28},"end":{"line":8,"column":44}},"type":"default-arg","locations":[{"start":{"line":8,"column":39},"end":{"line":8,"column":44}}],"line":8},"1":{"loc":{"start":{"line":11,"column":12},"end":{"line":15,"column":13}},"type":"if","locations":[{"start":{"line":11,"column":12},"end":{"line":15,"column":13}},{"start":{},"end":{}}],"line":11},"2":{"loc":{"start":{"line":11,"column":16},"end":{"line":11,"column":37}},"type":"binary-expr","locations":[{"start":{"line":11,"column":16},"end":{"line":11,"column":23}},{"start":{"line":11,"column":27},"end":{"line":11,"column":37}}],"line":11},"3":{"loc":{"start":{"line":47,"column":12},"end":{"line":51,"column":13}},"type":"if","locations":[{"start":{"line":47,"column":12},"end":{"line":51,"column":13}},{"start":{},"end":{}}],"line":47},"4":{"loc":{"start":{"line":82,"column":12},"end":{"line":97,"column":13}},"type":"switch","locations":[{"start":{"line":83,"column":16},"end":{"line":87,"column":26}},{"start":{"line":89,"column":16},"end":{"line":93,"column":26}},{"start":{"line":95,"column":16},"end":{"line":96,"column":70}}],"line":82}},"s":{"0":0,"1":0,"2":0,"3":0,"4":0,"5":0,"6":0,"7":0,"8":0,"9":0,"10":0,"11":0,"12":0,"13":0,"14":0,"15":0,"16":0,"17":0,"18":0,"19":0,"20":0,"21":0,"22":0,"23":0,"24":0,"25":0,"26":0,"27":0,"28":0,"29":0,"30":0,"31":0,"32":0,"33":0,"34":0,"35":0,"36":0},"f":{"0":0,"1":0,"2":0},"b":{"0":[0],"1":[0,0],"2":[0,0],"3":[0,0],"4":[0,0,0]}}
,"C:\\Users\\ADMIN\\Desktop\\sgu25_doan_ktpm\\server_app\\API\\Controller\\user.controller.js": {"path":"C:\\Users\\ADMIN\\Desktop\\sgu25_doan_ktpm\\server_app\\API\\Controller\\user.controller.js","statementMap":{"0":{"start":{"line":1,"column":14},"end":{"line":1,"column":42}},"1":{"start":{"line":2,"column":15},"end":{"line":2,"column":34}},"2":{"start":{"line":5,"column":0},"end":{"line":11,"column":1}},"3":{"start":{"line":7,"column":17},"end":{"line":7,"column":35}},"4":{"start":{"line":9,"column":4},"end":{"line":9,"column":18}},"5":{"start":{"line":13,"column":0},"end":{"line":21,"column":1}},"6":{"start":{"line":15,"column":15},"end":{"line":15,"column":28}},"7":{"start":{"line":17,"column":17},"end":{"line":17,"column":49}},"8":{"start":{"line":19,"column":4},"end":{"line":19,"column":18}},"9":{"start":{"line":23,"column":0},"end":{"line":73,"column":1}},"10":{"start":{"line":25,"column":21},"end":{"line":25,"column":39}},"11":{"start":{"line":26,"column":21},"end":{"line":26,"column":39}},"12":{"start":{"line":28,"column":4},"end":{"line":28,"column":38}},"13":{"start":{"line":29,"column":4},"end":{"line":29,"column":54}},"14":{"start":{"line":30,"column":4},"end":{"line":30,"column":48}},"15":{"start":{"line":32,"column":18},"end":{"line":32,"column":63}},"16":{"start":{"line":34,"column":17},"end":{"line":34,"column":52}},"17":{"start":{"line":36,"column":4},"end":{"line":36,"column":85}},"18":{"start":{"line":37,"column":4},"end":{"line":41,"column":5}},"19":{"start":{"line":38,"column":8},"end":{"line":38,"column":56}},"20":{"start":{"line":39,"column":8},"end":{"line":39,"column":59}},"21":{"start":{"line":40,"column":8},"end":{"line":40,"column":112}},"22":{"start":{"line":43,"column":4},"end":{"line":71,"column":5}},"23":{"start":{"line":44,"column":8},"end":{"line":44,"column":42}},"24":{"start":{"line":45,"column":8},"end":{"line":45,"column":39}},"25":{"start":{"line":48,"column":33},"end":{"line":48,"column":101}},"26":{"start":{"line":50,"column":32},"end":{"line":50,"column":37}},"27":{"start":{"line":52,"column":8},"end":{"line":60,"column":9}},"28":{"start":{"line":54,"column":12},"end":{"line":54,"column":49}},"29":{"start":{"line":55,"column":12},"end":{"line":55,"column":78}},"30":{"start":{"line":58,"column":12},"end":{"line":58,"column":52}},"31":{"start":{"line":59,"column":12},"end":{"line":59,"column":61}},"32":{"start":{"line":62,"column":8},"end":{"line":62,"column":68}},"33":{"start":{"line":64,"column":8},"end":{"line":70,"column":9}},"34":{"start":{"line":65,"column":12},"end":{"line":65,"column":47}},"35":{"start":{"line":66,"column":12},"end":{"line":66,"column":26}},"36":{"start":{"line":68,"column":12},"end":{"line":68,"column":39}},"37":{"start":{"line":69,"column":12},"end":{"line":69,"column":36}},"38":{"start":{"line":75,"column":0},"end":{"line":96,"column":1}},"39":{"start":{"line":77,"column":17},"end":{"line":77,"column":69}},"40":{"start":{"line":79,"column":4},"end":{"line":94,"column":5}},"41":{"start":{"line":80,"column":8},"end":{"line":80,"column":42}},"42":{"start":{"line":83,"column":21},"end":{"line":83,"column":43}},"43":{"start":{"line":84,"column":31},"end":{"line":84,"column":73}},"44":{"start":{"line":87,"column":28},"end":{"line":90,"column":9}},"45":{"start":{"line":92,"column":8},"end":{"line":92,"column":39}},"46":{"start":{"line":93,"column":8},"end":{"line":93,"column":37}},"47":{"start":{"line":98,"column":0},"end":{"line":115,"column":1}},"48":{"start":{"line":100,"column":17},"end":{"line":100,"column":59}},"49":{"start":{"line":102,"column":4},"end":{"line":102,"column":37}},"50":{"start":{"line":103,"column":4},"end":{"line":103,"column":37}},"51":{"start":{"line":106,"column":4},"end":{"line":109,"column":5}},"52":{"start":{"line":107,"column":21},"end":{"line":107,"column":43}},"53":{"start":{"line":108,"column":8},"end":{"line":108,"column":67}},"54":{"start":{"line":111,"column":4},"end":{"line":111,"column":15}},"55":{"start":{"line":113,"column":4},"end":{"line":113,"column":26}},"56":{"start":{"line":117,"column":0},"end":{"line":178,"column":1}},"57":{"start":{"line":119,"column":49},"end":{"line":119,"column":57}},"58":{"start":{"line":121,"column":4},"end":{"line":121,"column":48}},"59":{"start":{"line":122,"column":4},"end":{"line":122,"column":35}},"60":{"start":{"line":123,"column":4},"end":{"line":123,"column":45}},"61":{"start":{"line":124,"column":4},"end":{"line":124,"column":45}},"62":{"start":{"line":126,"column":4},"end":{"line":176,"column":5}},"63":{"start":{"line":128,"column":21},"end":{"line":128,"column":57}},"64":{"start":{"line":130,"column":8},"end":{"line":132,"column":9}},"65":{"start":{"line":131,"column":12},"end":{"line":131,"column":85}},"66":{"start":{"line":134,"column":8},"end":{"line":134,"column":49}},"67":{"start":{"line":135,"column":8},"end":{"line":135,"column":61}},"68":{"start":{"line":138,"column":33},"end":{"line":138,"column":101}},"69":{"start":{"line":139,"column":35},"end":{"line":139,"column":40}},"70":{"start":{"line":141,"column":8},"end":{"line":149,"column":9}},"71":{"start":{"line":143,"column":12},"end":{"line":143,"column":55}},"72":{"start":{"line":144,"column":12},"end":{"line":144,"column":84}},"73":{"start":{"line":147,"column":12},"end":{"line":147,"column":55}},"74":{"start":{"line":148,"column":12},"end":{"line":148,"column":67}},"75":{"start":{"line":151,"column":8},"end":{"line":151,"column":66}},"76":{"start":{"line":153,"column":8},"end":{"line":155,"column":9}},"77":{"start":{"line":154,"column":12},"end":{"line":154,"column":82}},"78":{"start":{"line":158,"column":21},"end":{"line":158,"column":43}},"79":{"start":{"line":159,"column":34},"end":{"line":159,"column":70}},"80":{"start":{"line":161,"column":8},"end":{"line":161,"column":62}},"81":{"start":{"line":164,"column":8},"end":{"line":167,"column":9}},"82":{"start":{"line":169,"column":8},"end":{"line":169,"column":52}},"83":{"start":{"line":171,"column":8},"end":{"line":171,"column":71}},"84":{"start":{"line":174,"column":8},"end":{"line":174,"column":56}},"85":{"start":{"line":175,"column":8},"end":{"line":175,"column":79}}},"fnMap":{"0":{"name":"(anonymous_0)","decl":{"start":{"line":5,"column":23},"end":{"line":5,"column":24}},"loc":{"start":{"line":5,"column":42},"end":{"line":11,"column":1}},"line":5},"1":{"name":"(anonymous_1)","decl":{"start":{"line":13,"column":22},"end":{"line":13,"column":23}},"loc":{"start":{"line":13,"column":41},"end":{"line":21,"column":1}},"line":13},"2":{"name":"(anonymous_2)","decl":{"start":{"line":23,"column":24},"end":{"line":23,"column":25}},"loc":{"start":{"line":23,"column":43},"end":{"line":73,"column":1}},"line":23},"3":{"name":"(anonymous_3)","decl":{"start":{"line":75,"column":27},"end":{"line":75,"column":28}},"loc":{"start":{"line":75,"column":46},"end":{"line":96,"column":1}},"line":75},"4":{"name":"(anonymous_4)","decl":{"start":{"line":98,"column":29},"end":{"line":98,"column":30}},"loc":{"start":{"line":98,"column":48},"end":{"line":115,"column":1}},"line":98},"5":{"name":"(anonymous_5)","decl":{"start":{"line":117,"column":33},"end":{"line":117,"column":34}},"loc":{"start":{"line":117,"column":52},"end":{"line":178,"column":1}},"line":117}},"branchMap":{"0":{"loc":{"start":{"line":36,"column":34},"end":{"line":36,"column":84}},"type":"cond-expr","locations":[{"start":{"line":36,"column":41},"end":{"line":36,"column":75}},{"start":{"line":36,"column":78},"end":{"line":36,"column":84}}],"line":36},"1":{"loc":{"start":{"line":37,"column":4},"end":{"line":41,"column":5}},"type":"if","locations":[{"start":{"line":37,"column":4},"end":{"line":41,"column":5}},{"start":{},"end":{}}],"line":37},"2":{"loc":{"start":{"line":40,"column":43},"end":{"line":40,"column":111}},"type":"binary-expr","locations":[{"start":{"line":40,"column":43},"end":{"line":40,"column":75}},{"start":{"line":40,"column":79},"end":{"line":40,"column":111}}],"line":40},"3":{"loc":{"start":{"line":43,"column":4},"end":{"line":71,"column":5}},"type":"if","locations":[{"start":{"line":43,"column":4},"end":{"line":71,"column":5}},{"start":{"line":46,"column":11},"end":{"line":71,"column":5}}],"line":43},"4":{"loc":{"start":{"line":48,"column":33},"end":{"line":48,"column":101}},"type":"binary-expr","locations":[{"start":{"line":48,"column":33},"end":{"line":48,"column":65}},{"start":{"line":48,"column":69},"end":{"line":48,"column":101}}],"line":48},"5":{"loc":{"start":{"line":52,"column":8},"end":{"line":60,"column":9}},"type":"if","locations":[{"start":{"line":52,"column":8},"end":{"line":60,"column":9}},{"start":{"line":56,"column":15},"end":{"line":60,"column":9}}],"line":52},"6":{"loc":{"start":{"line":64,"column":8},"end":{"line":70,"column":9}},"type":"if","locations":[{"start":{"line":64,"column":8},"end":{"line":70,"column":9}},{"start":{"line":67,"column":15},"end":{"line":70,"column":9}}],"line":64},"7":{"loc":{"start":{"line":79,"column":4},"end":{"line":94,"column":5}},"type":"if","locations":[{"start":{"line":79,"column":4},"end":{"line":94,"column":5}},{"start":{"line":81,"column":11},"end":{"line":94,"column":5}}],"line":79},"8":{"loc":{"start":{"line":106,"column":4},"end":{"line":109,"column":5}},"type":"if","locations":[{"start":{"line":106,"column":4},"end":{"line":109,"column":5}},{"start":{},"end":{}}],"line":106},"9":{"loc":{"start":{"line":130,"column":8},"end":{"line":132,"column":9}},"type":"if","locations":[{"start":{"line":130,"column":8},"end":{"line":132,"column":9}},{"start":{},"end":{}}],"line":130},"10":{"loc":{"start":{"line":138,"column":33},"end":{"line":138,"column":101}},"type":"binary-expr","locations":[{"start":{"line":138,"column":33},"end":{"line":138,"column":65}},{"start":{"line":138,"column":69},"end":{"line":138,"column":101}}],"line":138},"11":{"loc":{"start":{"line":141,"column":8},"end":{"line":149,"column":9}},"type":"if","locations":[{"start":{"line":141,"column":8},"end":{"line":149,"column":9}},{"start":{"line":145,"column":15},"end":{"line":149,"column":9}}],"line":141},"12":{"loc":{"start":{"line":153,"column":8},"end":{"line":155,"column":9}},"type":"if","locations":[{"start":{"line":153,"column":8},"end":{"line":155,"column":9}},{"start":{},"end":{}}],"line":153}},"s":{"0":0,"1":0,"2":0,"3":0,"4":0,"5":0,"6":0,"7":0,"8":0,"9":0,"10":0,"11":0,"12":0,"13":0,"14":0,"15":0,"16":0,"17":0,"18":0,"19":0,"20":0,"21":0,"22":0,"23":0,"24":0,"25":0,"26":0,"27":0,"28":0,"29":0,"30":0,"31":0,"32":0,"33":0,"34":0,"35":0,"36":0,"37":0,"38":0,"39":0,"40":0,"41":0,"42":0,"43":0,"44":0,"45":0,"46":0,"47":0,"48":0,"49":0,"50":0,"51":0,"52":0,"53":0,"54":0,"55":0,"56":0,"57":0,"58":0,"59":0,"60":0,"61":0,"62":0,"63":0,"64":0,"65":0,"66":0,"67":0,"68":0,"69":0,"70":0,"71":0,"72":0,"73":0,"74":0,"75":0,"76":0,"77":0,"78":0,"79":0,"80":0,"81":0,"82":0,"83":0,"84":0,"85":0},"f":{"0":0,"1":0,"2":0,"3":0,"4":0,"5":0},"b":{"0":[0,0],"1":[0,0],"2":[0,0],"3":[0,0],"4":[0,0],"5":[0,0],"6":[0,0],"7":[0,0],"8":[0,0],"9":[0,0],"10":[0,0],"11":[0,0],"12":[0,0]}}
,"C:\\Users\\ADMIN\\Desktop\\sgu25_doan_ktpm\\server_app\\API\\Controller\\admin\\category.controller.js": {"path":"C:\\Users\\ADMIN\\Desktop\\sgu25_doan_ktpm\\server_app\\API\\Controller\\admin\\category.controller.js","statementMap":{"0":{"start":{"line":1,"column":17},"end":{"line":1,"column":52}},"1":{"start":{"line":2,"column":16},"end":{"line":2,"column":50}},"2":{"start":{"line":4,"column":0},"end":{"line":34,"column":1}},"3":{"start":{"line":5,"column":15},"end":{"line":5,"column":44}},"4":{"start":{"line":6,"column":26},"end":{"line":6,"column":42}},"5":{"start":{"line":8,"column":20},"end":{"line":8,"column":50}},"6":{"start":{"line":9,"column":22},"end":{"line":9,"column":74}},"7":{"start":{"line":11,"column":16},"end":{"line":11,"column":36}},"8":{"start":{"line":12,"column":14},"end":{"line":12,"column":28}},"9":{"start":{"line":14,"column":23},"end":{"line":14,"column":44}},"10":{"start":{"line":17,"column":4},"end":{"line":33,"column":5}},"11":{"start":{"line":18,"column":8},"end":{"line":21,"column":10}},"12":{"start":{"line":24,"column":22},"end":{"line":27,"column":10}},"13":{"start":{"line":25,"column":12},"end":{"line":26,"column":82}},"14":{"start":{"line":29,"column":8},"end":{"line":32,"column":10}},"15":{"start":{"line":36,"column":0},"end":{"line":53,"column":1}},"16":{"start":{"line":37,"column":21},"end":{"line":37,"column":42}},"17":{"start":{"line":39,"column":27},"end":{"line":41,"column":6}},"18":{"start":{"line":40,"column":8},"end":{"line":40,"column":79}},"19":{"start":{"line":43,"column":4},"end":{"line":52,"column":5}},"20":{"start":{"line":44,"column":8},"end":{"line":44,"column":44}},"21":{"start":{"line":46,"column":26},"end":{"line":46,"column":40}},"22":{"start":{"line":47,"column":8},"end":{"line":47,"column":106}},"23":{"start":{"line":47,"column":81},"end":{"line":47,"column":103}},"24":{"start":{"line":48,"column":8},"end":{"line":48,"column":45}},"25":{"start":{"line":50,"column":8},"end":{"line":50,"column":27}},"26":{"start":{"line":51,"column":8},"end":{"line":51,"column":51}},"27":{"start":{"line":55,"column":0},"end":{"line":67,"column":1}},"28":{"start":{"line":56,"column":4},"end":{"line":56,"column":26}},"29":{"start":{"line":57,"column":15},"end":{"line":57,"column":27}},"30":{"start":{"line":59,"column":4},"end":{"line":65,"column":6}},"31":{"start":{"line":60,"column":8},"end":{"line":63,"column":9}},"32":{"start":{"line":61,"column":12},"end":{"line":61,"column":34}},"33":{"start":{"line":62,"column":12},"end":{"line":62,"column":19}},"34":{"start":{"line":64,"column":8},"end":{"line":64,"column":39}},"35":{"start":{"line":70,"column":0},"end":{"line":105,"column":1}},"36":{"start":{"line":71,"column":15},"end":{"line":71,"column":44}},"37":{"start":{"line":72,"column":26},"end":{"line":72,"column":42}},"38":{"start":{"line":74,"column":20},"end":{"line":74,"column":50}},"39":{"start":{"line":77,"column":16},"end":{"line":77,"column":36}},"40":{"start":{"line":78,"column":14},"end":{"line":78,"column":28}},"41":{"start":{"line":80,"column":21},"end":{"line":80,"column":72}},"42":{"start":{"line":83,"column":19},"end":{"line":83,"column":92}},"43":{"start":{"line":84,"column":22},"end":{"line":84,"column":58}},"44":{"start":{"line":86,"column":4},"end":{"line":104,"column":5}},"45":{"start":{"line":87,"column":8},"end":{"line":90,"column":10}},"46":{"start":{"line":93,"column":22},"end":{"line":98,"column":10}},"47":{"start":{"line":94,"column":12},"end":{"line":96,"column":82}},"48":{"start":{"line":100,"column":8},"end":{"line":103,"column":10}},"49":{"start":{"line":107,"column":0},"end":{"line":123,"column":1}},"50":{"start":{"line":108,"column":21},"end":{"line":108,"column":42}},"51":{"start":{"line":110,"column":27},"end":{"line":112,"column":6}},"52":{"start":{"line":111,"column":8},"end":{"line":111,"column":104}},"53":{"start":{"line":114,"column":4},"end":{"line":122,"column":5}},"54":{"start":{"line":115,"column":8},"end":{"line":115,"column":44}},"55":{"start":{"line":117,"column":8},"end":{"line":117,"column":106}},"56":{"start":{"line":117,"column":81},"end":{"line":117,"column":103}},"57":{"start":{"line":118,"column":8},"end":{"line":120,"column":11}},"58":{"start":{"line":119,"column":12},"end":{"line":119,"column":51}},"59":{"start":{"line":119,"column":21},"end":{"line":119,"column":51}},"60":{"start":{"line":121,"column":8},"end":{"line":121,"column":53}},"61":{"start":{"line":125,"column":0},"end":{"line":129,"column":1}},"62":{"start":{"line":126,"column":21},"end":{"line":126,"column":67}},"63":{"start":{"line":128,"column":4},"end":{"line":128,"column":22}}},"fnMap":{"0":{"name":"(anonymous_0)","decl":{"start":{"line":4,"column":23},"end":{"line":4,"column":24}},"loc":{"start":{"line":4,"column":43},"end":{"line":34,"column":1}},"line":4},"1":{"name":"(anonymous_1)","decl":{"start":{"line":24,"column":40},"end":{"line":24,"column":41}},"loc":{"start":{"line":24,"column":49},"end":{"line":27,"column":9}},"line":24},"2":{"name":"(anonymous_2)","decl":{"start":{"line":36,"column":24},"end":{"line":36,"column":25}},"loc":{"start":{"line":36,"column":44},"end":{"line":53,"column":1}},"line":36},"3":{"name":"(anonymous_3)","decl":{"start":{"line":39,"column":43},"end":{"line":39,"column":44}},"loc":{"start":{"line":39,"column":50},"end":{"line":41,"column":5}},"line":39},"4":{"name":"(anonymous_4)","decl":{"start":{"line":47,"column":74},"end":{"line":47,"column":75}},"loc":{"start":{"line":47,"column":79},"end":{"line":47,"column":105}},"line":47},"5":{"name":"(anonymous_5)","decl":{"start":{"line":55,"column":24},"end":{"line":55,"column":25}},"loc":{"start":{"line":55,"column":44},"end":{"line":67,"column":1}},"line":55},"6":{"name":"(anonymous_6)","decl":{"start":{"line":59,"column":42},"end":{"line":59,"column":43}},"loc":{"start":{"line":59,"column":51},"end":{"line":65,"column":5}},"line":59},"7":{"name":"(anonymous_7)","decl":{"start":{"line":70,"column":31},"end":{"line":70,"column":32}},"loc":{"start":{"line":70,"column":51},"end":{"line":105,"column":1}},"line":70},"8":{"name":"(anonymous_8)","decl":{"start":{"line":93,"column":38},"end":{"line":93,"column":39}},"loc":{"start":{"line":93,"column":47},"end":{"line":98,"column":9}},"line":93},"9":{"name":"(anonymous_9)","decl":{"start":{"line":107,"column":24},"end":{"line":107,"column":25}},"loc":{"start":{"line":107,"column":44},"end":{"line":123,"column":1}},"line":107},"10":{"name":"(anonymous_10)","decl":{"start":{"line":110,"column":43},"end":{"line":110,"column":44}},"loc":{"start":{"line":110,"column":50},"end":{"line":112,"column":5}},"line":110},"11":{"name":"(anonymous_11)","decl":{"start":{"line":117,"column":74},"end":{"line":117,"column":75}},"loc":{"start":{"line":117,"column":79},"end":{"line":117,"column":105}},"line":117},"12":{"name":"(anonymous_12)","decl":{"start":{"line":118,"column":86},"end":{"line":118,"column":87}},"loc":{"start":{"line":118,"column":106},"end":{"line":120,"column":9}},"line":118},"13":{"name":"(anonymous_13)","decl":{"start":{"line":125,"column":24},"end":{"line":125,"column":25}},"loc":{"start":{"line":125,"column":44},"end":{"line":129,"column":1}},"line":125}},"branchMap":{"0":{"loc":{"start":{"line":5,"column":15},"end":{"line":5,"column":44}},"type":"binary-expr","locations":[{"start":{"line":5,"column":15},"end":{"line":5,"column":39}},{"start":{"line":5,"column":43},"end":{"line":5,"column":44}}],"line":5},"1":{"loc":{"start":{"line":8,"column":20},"end":{"line":8,"column":50}},"type":"binary-expr","locations":[{"start":{"line":8,"column":20},"end":{"line":8,"column":45}},{"start":{"line":8,"column":49},"end":{"line":8,"column":50}}],"line":8},"2":{"loc":{"start":{"line":17,"column":4},"end":{"line":33,"column":5}},"type":"if","locations":[{"start":{"line":17,"column":4},"end":{"line":33,"column":5}},{"start":{"line":23,"column":11},"end":{"line":33,"column":5}}],"line":17},"3":{"loc":{"start":{"line":25,"column":19},"end":{"line":26,"column":82}},"type":"binary-expr","locations":[{"start":{"line":25,"column":19},"end":{"line":25,"column":91}},{"start":{"line":26,"column":16},"end":{"line":26,"column":82}}],"line":25},"4":{"loc":{"start":{"line":43,"column":4},"end":{"line":52,"column":5}},"type":"if","locations":[{"start":{"line":43,"column":4},"end":{"line":52,"column":5}},{"start":{"line":45,"column":11},"end":{"line":52,"column":5}}],"line":43},"5":{"loc":{"start":{"line":60,"column":8},"end":{"line":63,"column":9}},"type":"if","locations":[{"start":{"line":60,"column":8},"end":{"line":63,"column":9}},{"start":{},"end":{}}],"line":60},"6":{"loc":{"start":{"line":71,"column":15},"end":{"line":71,"column":44}},"type":"binary-expr","locations":[{"start":{"line":71,"column":15},"end":{"line":71,"column":39}},{"start":{"line":71,"column":43},"end":{"line":71,"column":44}}],"line":71},"7":{"loc":{"start":{"line":74,"column":20},"end":{"line":74,"column":50}},"type":"binary-expr","locations":[{"start":{"line":74,"column":20},"end":{"line":74,"column":45}},{"start":{"line":74,"column":49},"end":{"line":74,"column":50}}],"line":74},"8":{"loc":{"start":{"line":86,"column":4},"end":{"line":104,"column":5}},"type":"if","locations":[{"start":{"line":86,"column":4},"end":{"line":104,"column":5}},{"start":{"line":92,"column":11},"end":{"line":104,"column":5}}],"line":86},"9":{"loc":{"start":{"line":94,"column":19},"end":{"line":96,"column":82}},"type":"binary-expr","locations":[{"start":{"line":94,"column":19},"end":{"line":94,"column":95}},{"start":{"line":95,"column":16},"end":{"line":95,"column":93}},{"start":{"line":96,"column":16},"end":{"line":96,"column":82}}],"line":94},"10":{"loc":{"start":{"line":111,"column":15},"end":{"line":111,"column":104}},"type":"binary-expr","locations":[{"start":{"line":111,"column":15},"end":{"line":111,"column":79}},{"start":{"line":111,"column":83},"end":{"line":111,"column":104}}],"line":111},"11":{"loc":{"start":{"line":114,"column":4},"end":{"line":122,"column":5}},"type":"if","locations":[{"start":{"line":114,"column":4},"end":{"line":122,"column":5}},{"start":{"line":116,"column":11},"end":{"line":122,"column":5}}],"line":114},"12":{"loc":{"start":{"line":119,"column":12},"end":{"line":119,"column":51}},"type":"if","locations":[{"start":{"line":119,"column":12},"end":{"line":119,"column":51}},{"start":{},"end":{}}],"line":119}},"s":{"0":0,"1":0,"2":0,"3":0,"4":0,"5":0,"6":0,"7":0,"8":0,"9":0,"10":0,"11":0,"12":0,"13":0,"14":0,"15":0,"16":0,"17":0,"18":0,"19":0,"20":0,"21":0,"22":0,"23":0,"24":0,"25":0,"26":0,"27":0,"28":0,"29":0,"30":0,"31":0,"32":0,"33":0,"34":0,"35":0,"36":0,"37":0,"38":0,"39":0,"40":0,"41":0,"42":0,"43":0,"44":0,"45":0,"46":0,"47":0,"48":0,"49":0,"50":0,"51":0,"52":0,"53":0,"54":0,"55":0,"56":0,"57":0,"58":0,"59":0,"60":0,"61":0,"62":0,"63":0},"f":{"0":0,"1":0,"2":0,"3":0,"4":0,"5":0,"6":0,"7":0,"8":0,"9":0,"10":0,"11":0,"12":0,"13":0},"b":{"0":[0,0],"1":[0,0],"2":[0,0],"3":[0,0],"4":[0,0],"5":[0,0],"6":[0,0],"7":[0,0],"8":[0,0],"9":[0,0,0],"10":[0,0],"11":[0,0],"12":[0,0]}}
,"C:\\Users\\ADMIN\\Desktop\\sgu25_doan_ktpm\\server_app\\API\\Controller\\admin\\coupon.controller.js": {"path":"C:\\Users\\ADMIN\\Desktop\\sgu25_doan_ktpm\\server_app\\API\\Controller\\admin\\coupon.controller.js","statementMap":{"0":{"start":{"line":1,"column":15},"end":{"line":1,"column":48}},"1":{"start":{"line":2,"column":14},"end":{"line":2,"column":46}},"2":{"start":{"line":4,"column":0},"end":{"line":35,"column":1}},"3":{"start":{"line":6,"column":15},"end":{"line":6,"column":44}},"4":{"start":{"line":7,"column":26},"end":{"line":7,"column":42}},"5":{"start":{"line":9,"column":20},"end":{"line":9,"column":50}},"6":{"start":{"line":10,"column":22},"end":{"line":10,"column":72}},"7":{"start":{"line":12,"column":16},"end":{"line":12,"column":36}},"8":{"start":{"line":13,"column":14},"end":{"line":13,"column":28}},"9":{"start":{"line":15,"column":19},"end":{"line":15,"column":38}},"10":{"start":{"line":17,"column":4},"end":{"line":33,"column":5}},"11":{"start":{"line":18,"column":8},"end":{"line":21,"column":10}},"12":{"start":{"line":24,"column":22},"end":{"line":27,"column":10}},"13":{"start":{"line":25,"column":12},"end":{"line":26,"column":89}},"14":{"start":{"line":29,"column":8},"end":{"line":32,"column":10}},"15":{"start":{"line":37,"column":0},"end":{"line":43,"column":1}},"16":{"start":{"line":39,"column":4},"end":{"line":39,"column":33}},"17":{"start":{"line":41,"column":4},"end":{"line":41,"column":46}},"18":{"start":{"line":45,"column":0},"end":{"line":60,"column":1}},"19":{"start":{"line":47,"column":15},"end":{"line":47,"column":28}},"20":{"start":{"line":49,"column":19},"end":{"line":49,"column":52}},"21":{"start":{"line":51,"column":4},"end":{"line":51,"column":31}},"22":{"start":{"line":52,"column":4},"end":{"line":52,"column":33}},"23":{"start":{"line":53,"column":4},"end":{"line":53,"column":41}},"24":{"start":{"line":54,"column":4},"end":{"line":54,"column":39}},"25":{"start":{"line":56,"column":4},"end":{"line":56,"column":17}},"26":{"start":{"line":58,"column":4},"end":{"line":58,"column":50}},"27":{"start":{"line":62,"column":0},"end":{"line":70,"column":1}},"28":{"start":{"line":64,"column":15},"end":{"line":64,"column":28}},"29":{"start":{"line":66,"column":4},"end":{"line":66,"column":39}},"30":{"start":{"line":68,"column":4},"end":{"line":68,"column":26}},"31":{"start":{"line":72,"column":0},"end":{"line":80,"column":1}},"32":{"start":{"line":74,"column":15},"end":{"line":74,"column":28}},"33":{"start":{"line":76,"column":19},"end":{"line":76,"column":52}},"34":{"start":{"line":78,"column":4},"end":{"line":78,"column":20}},"35":{"start":{"line":82,"column":0},"end":{"line":197,"column":1}},"36":{"start":{"line":84,"column":17},"end":{"line":84,"column":31}},"37":{"start":{"line":85,"column":20},"end":{"line":85,"column":37}},"38":{"start":{"line":86,"column":25},"end":{"line":86,"column":47}},"39":{"start":{"line":88,"column":4},"end":{"line":88,"column":39}},"40":{"start":{"line":89,"column":4},"end":{"line":89,"column":40}},"41":{"start":{"line":90,"column":4},"end":{"line":90,"column":36}},"42":{"start":{"line":91,"column":4},"end":{"line":91,"column":46}},"43":{"start":{"line":93,"column":19},"end":{"line":93,"column":49}},"44":{"start":{"line":95,"column":4},"end":{"line":95,"column":43}},"45":{"start":{"line":97,"column":4},"end":{"line":100,"column":5}},"46":{"start":{"line":98,"column":8},"end":{"line":98,"column":44}},"47":{"start":{"line":99,"column":8},"end":{"line":99,"column":50}},"48":{"start":{"line":102,"column":24},"end":{"line":102,"column":88}},"49":{"start":{"line":104,"column":4},"end":{"line":104,"column":49}},"50":{"start":{"line":106,"column":4},"end":{"line":109,"column":5}},"51":{"start":{"line":107,"column":8},"end":{"line":107,"column":48}},"52":{"start":{"line":108,"column":8},"end":{"line":108,"column":60}},"53":{"start":{"line":112,"column":4},"end":{"line":192,"column":5}},"54":{"start":{"line":113,"column":25},"end":{"line":113,"column":54}},"55":{"start":{"line":114,"column":28},"end":{"line":114,"column":52}},"56":{"start":{"line":116,"column":8},"end":{"line":116,"column":64}},"57":{"start":{"line":117,"column":8},"end":{"line":117,"column":59}},"58":{"start":{"line":120,"column":28},"end":{"line":134,"column":9}},"59":{"start":{"line":121,"column":29},"end":{"line":121,"column":59}},"60":{"start":{"line":122,"column":25},"end":{"line":122,"column":45}},"61":{"start":{"line":124,"column":12},"end":{"line":131,"column":13}},"62":{"start":{"line":125,"column":16},"end":{"line":125,"column":38}},"63":{"start":{"line":126,"column":19},"end":{"line":131,"column":13}},"64":{"start":{"line":127,"column":16},"end":{"line":127,"column":41}},"65":{"start":{"line":128,"column":19},"end":{"line":131,"column":13}},"66":{"start":{"line":130,"column":16},"end":{"line":130,"column":38}},"67":{"start":{"line":133,"column":12},"end":{"line":133,"column":25}},"68":{"start":{"line":136,"column":22},"end":{"line":136,"column":26}},"69":{"start":{"line":137,"column":27},"end":{"line":137,"column":29}},"70":{"start":{"line":140,"column":27},"end":{"line":140,"column":100}},"71":{"start":{"line":141,"column":8},"end":{"line":179,"column":9}},"72":{"start":{"line":142,"column":30},"end":{"line":142,"column":94}},"73":{"start":{"line":143,"column":30},"end":{"line":143,"column":94}},"74":{"start":{"line":145,"column":12},"end":{"line":145,"column":70}},"75":{"start":{"line":147,"column":12},"end":{"line":150,"column":13}},"76":{"start":{"line":148,"column":16},"end":{"line":148,"column":31}},"77":{"start":{"line":149,"column":16},"end":{"line":149,"column":165}},"78":{"start":{"line":154,"column":29},"end":{"line":154,"column":100}},"79":{"start":{"line":155,"column":12},"end":{"line":178,"column":13}},"80":{"start":{"line":156,"column":34},"end":{"line":156,"column":96}},"81":{"start":{"line":158,"column":16},"end":{"line":158,"column":64}},"82":{"start":{"line":160,"column":16},"end":{"line":163,"column":17}},"83":{"start":{"line":161,"column":20},"end":{"line":161,"column":35}},"84":{"start":{"line":162,"column":20},"end":{"line":162,"column":111}},"85":{"start":{"line":167,"column":33},"end":{"line":167,"column":113}},"86":{"start":{"line":168,"column":16},"end":{"line":177,"column":17}},"87":{"start":{"line":169,"column":38},"end":{"line":169,"column":175}},"88":{"start":{"line":171,"column":20},"end":{"line":171,"column":65}},"89":{"start":{"line":173,"column":20},"end":{"line":176,"column":21}},"90":{"start":{"line":174,"column":24},"end":{"line":174,"column":39}},"91":{"start":{"line":175,"column":24},"end":{"line":175,"column":112}},"92":{"start":{"line":184,"column":8},"end":{"line":191,"column":9}},"93":{"start":{"line":185,"column":12},"end":{"line":185,"column":75}},"94":{"start":{"line":186,"column":12},"end":{"line":190,"column":14}},"95":{"start":{"line":194,"column":4},"end":{"line":194,"column":49}},"96":{"start":{"line":195,"column":4},"end":{"line":195,"column":51}},"97":{"start":{"line":199,"column":0},"end":{"line":211,"column":1}},"98":{"start":{"line":201,"column":15},"end":{"line":201,"column":28}},"99":{"start":{"line":203,"column":19},"end":{"line":203,"column":52}},"100":{"start":{"line":205,"column":4},"end":{"line":205,"column":45}},"101":{"start":{"line":207,"column":4},"end":{"line":207,"column":17}},"102":{"start":{"line":209,"column":4},"end":{"line":209,"column":26}}},"fnMap":{"0":{"name":"(anonymous_0)","decl":{"start":{"line":4,"column":23},"end":{"line":4,"column":24}},"loc":{"start":{"line":4,"column":43},"end":{"line":35,"column":1}},"line":4},"1":{"name":"(anonymous_1)","decl":{"start":{"line":24,"column":36},"end":{"line":24,"column":37}},"loc":{"start":{"line":24,"column":45},"end":{"line":27,"column":9}},"line":24},"2":{"name":"(anonymous_2)","decl":{"start":{"line":37,"column":24},"end":{"line":37,"column":25}},"loc":{"start":{"line":37,"column":44},"end":{"line":43,"column":1}},"line":37},"3":{"name":"(anonymous_3)","decl":{"start":{"line":45,"column":24},"end":{"line":45,"column":25}},"loc":{"start":{"line":45,"column":44},"end":{"line":60,"column":1}},"line":45},"4":{"name":"(anonymous_4)","decl":{"start":{"line":62,"column":24},"end":{"line":62,"column":25}},"loc":{"start":{"line":62,"column":44},"end":{"line":70,"column":1}},"line":62},"5":{"name":"(anonymous_5)","decl":{"start":{"line":72,"column":24},"end":{"line":72,"column":25}},"loc":{"start":{"line":72,"column":44},"end":{"line":80,"column":1}},"line":72},"6":{"name":"(anonymous_6)","decl":{"start":{"line":82,"column":26},"end":{"line":82,"column":27}},"loc":{"start":{"line":82,"column":46},"end":{"line":197,"column":1}},"line":82},"7":{"name":"(anonymous_7)","decl":{"start":{"line":120,"column":28},"end":{"line":120,"column":29}},"loc":{"start":{"line":120,"column":43},"end":{"line":134,"column":9}},"line":120},"8":{"name":"(anonymous_8)","decl":{"start":{"line":199,"column":30},"end":{"line":199,"column":31}},"loc":{"start":{"line":199,"column":50},"end":{"line":211,"column":1}},"line":199}},"branchMap":{"0":{"loc":{"start":{"line":6,"column":15},"end":{"line":6,"column":44}},"type":"binary-expr","locations":[{"start":{"line":6,"column":15},"end":{"line":6,"column":39}},{"start":{"line":6,"column":43},"end":{"line":6,"column":44}}],"line":6},"1":{"loc":{"start":{"line":9,"column":20},"end":{"line":9,"column":50}},"type":"binary-expr","locations":[{"start":{"line":9,"column":20},"end":{"line":9,"column":45}},{"start":{"line":9,"column":49},"end":{"line":9,"column":50}}],"line":9},"2":{"loc":{"start":{"line":17,"column":4},"end":{"line":33,"column":5}},"type":"if","locations":[{"start":{"line":17,"column":4},"end":{"line":33,"column":5}},{"start":{"line":23,"column":11},"end":{"line":33,"column":5}}],"line":17},"3":{"loc":{"start":{"line":25,"column":19},"end":{"line":26,"column":89}},"type":"binary-expr","locations":[{"start":{"line":25,"column":19},"end":{"line":25,"column":87}},{"start":{"line":26,"column":16},"end":{"line":26,"column":89}}],"line":25},"4":{"loc":{"start":{"line":97,"column":4},"end":{"line":100,"column":5}},"type":"if","locations":[{"start":{"line":97,"column":4},"end":{"line":100,"column":5}},{"start":{},"end":{}}],"line":97},"5":{"loc":{"start":{"line":106,"column":4},"end":{"line":109,"column":5}},"type":"if","locations":[{"start":{"line":106,"column":4},"end":{"line":109,"column":5}},{"start":{},"end":{}}],"line":106},"6":{"loc":{"start":{"line":112,"column":4},"end":{"line":192,"column":5}},"type":"if","locations":[{"start":{"line":112,"column":4},"end":{"line":192,"column":5}},{"start":{},"end":{}}],"line":112},"7":{"loc":{"start":{"line":112,"column":8},"end":{"line":112,"column":39}},"type":"binary-expr","locations":[{"start":{"line":112,"column":8},"end":{"line":112,"column":23}},{"start":{"line":112,"column":27},"end":{"line":112,"column":39}}],"line":112},"8":{"loc":{"start":{"line":124,"column":12},"end":{"line":131,"column":13}},"type":"if","locations":[{"start":{"line":124,"column":12},"end":{"line":131,"column":13}},{"start":{"line":126,"column":19},"end":{"line":131,"column":13}}],"line":124},"9":{"loc":{"start":{"line":124,"column":16},"end":{"line":124,"column":66}},"type":"binary-expr","locations":[{"start":{"line":124,"column":16},"end":{"line":124,"column":39}},{"start":{"line":124,"column":43},"end":{"line":124,"column":66}}],"line":124},"10":{"loc":{"start":{"line":126,"column":19},"end":{"line":131,"column":13}},"type":"if","locations":[{"start":{"line":126,"column":19},"end":{"line":131,"column":13}},{"start":{"line":128,"column":19},"end":{"line":131,"column":13}}],"line":126},"11":{"loc":{"start":{"line":126,"column":23},"end":{"line":126,"column":78}},"type":"binary-expr","locations":[{"start":{"line":126,"column":23},"end":{"line":126,"column":50}},{"start":{"line":126,"column":54},"end":{"line":126,"column":78}}],"line":126},"12":{"loc":{"start":{"line":128,"column":19},"end":{"line":131,"column":13}},"type":"if","locations":[{"start":{"line":128,"column":19},"end":{"line":131,"column":13}},{"start":{},"end":{}}],"line":128},"13":{"loc":{"start":{"line":141,"column":8},"end":{"line":179,"column":9}},"type":"if","locations":[{"start":{"line":141,"column":8},"end":{"line":179,"column":9}},{"start":{"line":153,"column":13},"end":{"line":179,"column":9}}],"line":141},"14":{"loc":{"start":{"line":142,"column":59},"end":{"line":142,"column":92}},"type":"cond-expr","locations":[{"start":{"line":142,"column":84},"end":{"line":142,"column":87}},{"start":{"line":142,"column":90},"end":{"line":142,"column":92}}],"line":142},"15":{"loc":{"start":{"line":143,"column":59},"end":{"line":143,"column":92}},"type":"cond-expr","locations":[{"start":{"line":143,"column":84},"end":{"line":143,"column":87}},{"start":{"line":143,"column":90},"end":{"line":143,"column":92}}],"line":143},"16":{"loc":{"start":{"line":147,"column":12},"end":{"line":150,"column":13}},"type":"if","locations":[{"start":{"line":147,"column":12},"end":{"line":150,"column":13}},{"start":{},"end":{}}],"line":147},"17":{"loc":{"start":{"line":147,"column":16},"end":{"line":147,"column":66}},"type":"binary-expr","locations":[{"start":{"line":147,"column":16},"end":{"line":147,"column":39}},{"start":{"line":147,"column":43},"end":{"line":147,"column":66}}],"line":147},"18":{"loc":{"start":{"line":155,"column":12},"end":{"line":178,"column":13}},"type":"if","locations":[{"start":{"line":155,"column":12},"end":{"line":178,"column":13}},{"start":{"line":166,"column":17},"end":{"line":178,"column":13}}],"line":155},"19":{"loc":{"start":{"line":156,"column":61},"end":{"line":156,"column":94}},"type":"cond-expr","locations":[{"start":{"line":156,"column":86},"end":{"line":156,"column":89}},{"start":{"line":156,"column":92},"end":{"line":156,"column":94}}],"line":156},"20":{"loc":{"start":{"line":160,"column":16},"end":{"line":163,"column":17}},"type":"if","locations":[{"start":{"line":160,"column":16},"end":{"line":163,"column":17}},{"start":{},"end":{}}],"line":160},"21":{"loc":{"start":{"line":168,"column":16},"end":{"line":177,"column":17}},"type":"if","locations":[{"start":{"line":168,"column":16},"end":{"line":177,"column":17}},{"start":{},"end":{}}],"line":168},"22":{"loc":{"start":{"line":169,"column":65},"end":{"line":169,"column":173}},"type":"cond-expr","locations":[{"start":{"line":169,"column":93},"end":{"line":169,"column":96}},{"start":{"line":169,"column":99},"end":{"line":169,"column":173}}],"line":169},"23":{"loc":{"start":{"line":169,"column":99},"end":{"line":169,"column":173}},"type":"cond-expr","locations":[{"start":{"line":169,"column":161},"end":{"line":169,"column":168}},{"start":{"line":169,"column":171},"end":{"line":169,"column":173}}],"line":169},"24":{"loc":{"start":{"line":169,"column":99},"end":{"line":169,"column":158}},"type":"binary-expr","locations":[{"start":{"line":169,"column":99},"end":{"line":169,"column":128}},{"start":{"line":169,"column":132},"end":{"line":169,"column":158}}],"line":169},"25":{"loc":{"start":{"line":173,"column":20},"end":{"line":176,"column":21}},"type":"if","locations":[{"start":{"line":173,"column":20},"end":{"line":176,"column":21}},{"start":{},"end":{}}],"line":173},"26":{"loc":{"start":{"line":184,"column":8},"end":{"line":191,"column":9}},"type":"if","locations":[{"start":{"line":184,"column":8},"end":{"line":191,"column":9}},{"start":{},"end":{}}],"line":184}},"s":{"0":0,"1":0,"2":0,"3":0,"4":0,"5":0,"6":0,"7":0,"8":0,"9":0,"10":0,"11":0,"12":0,"13":0,"14":0,"15":0,"16":0,"17":0,"18":0,"19":0,"20":0,"21":0,"22":0,"23":0,"24":0,"25":0,"26":0,"27":0,"28":0,"29":0,"30":0,"31":0,"32":0,"33":0,"34":0,"35":0,"36":0,"37":0,"38":0,"39":0,"40":0,"41":0,"42":0,"43":0,"44":0,"45":0,"46":0,"47":0,"48":0,"49":0,"50":0,"51":0,"52":0,"53":0,"54":0,"55":0,"56":0,"57":0,"58":0,"59":0,"60":0,"61":0,"62":0,"63":0,"64":0,"65":0,"66":0,"67":0,"68":0,"69":0,"70":0,"71":0,"72":0,"73":0,"74":0,"75":0,"76":0,"77":0,"78":0,"79":0,"80":0,"81":0,"82":0,"83":0,"84":0,"85":0,"86":0,"87":0,"88":0,"89":0,"90":0,"91":0,"92":0,"93":0,"94":0,"95":0,"96":0,"97":0,"98":0,"99":0,"100":0,"101":0,"102":0},"f":{"0":0,"1":0,"2":0,"3":0,"4":0,"5":0,"6":0,"7":0,"8":0},"b":{"0":[0,0],"1":[0,0],"2":[0,0],"3":[0,0],"4":[0,0],"5":[0,0],"6":[0,0],"7":[0,0],"8":[0,0],"9":[0,0],"10":[0,0],"11":[0,0],"12":[0,0],"13":[0,0],"14":[0,0],"15":[0,0],"16":[0,0],"17":[0,0],"18":[0,0],"19":[0,0],"20":[0,0],"21":[0,0],"22":[0,0],"23":[0,0],"24":[0,0],"25":[0,0],"26":[0,0]}}
,"C:\\Users\\ADMIN\\Desktop\\sgu25_doan_ktpm\\server_app\\API\\Controller\\admin\\order.controller.js": {"path":"C:\\Users\\ADMIN\\Desktop\\sgu25_doan_ktpm\\server_app\\API\\Controller\\admin\\order.controller.js","statementMap":{"0":{"start":{"line":1,"column":14},"end":{"line":1,"column":46}},"1":{"start":{"line":2,"column":23},"end":{"line":2,"column":62}},"2":{"start":{"line":3,"column":16},"end":{"line":3,"column":50}},"3":{"start":{"line":4,"column":17},"end":{"line":4,"column":52}},"4":{"start":{"line":6,"column":0},"end":{"line":37,"column":1}},"5":{"start":{"line":7,"column":15},"end":{"line":7,"column":44}},"6":{"start":{"line":8,"column":16},"end":{"line":8,"column":17}},"7":{"start":{"line":10,"column":19},"end":{"line":10,"column":35}},"8":{"start":{"line":12,"column":20},"end":{"line":12,"column":50}},"9":{"start":{"line":14,"column":16},"end":{"line":14,"column":36}},"10":{"start":{"line":15,"column":14},"end":{"line":15,"column":28}},"11":{"start":{"line":18,"column":4},"end":{"line":22,"column":5}},"12":{"start":{"line":19,"column":8},"end":{"line":19,"column":135}},"13":{"start":{"line":21,"column":8},"end":{"line":21,"column":117}},"14":{"start":{"line":24,"column":22},"end":{"line":24,"column":56}},"15":{"start":{"line":26,"column":4},"end":{"line":28,"column":6}},"16":{"start":{"line":27,"column":8},"end":{"line":27,"column":37}},"17":{"start":{"line":30,"column":4},"end":{"line":34,"column":6}},"18":{"start":{"line":39,"column":0},"end":{"line":70,"column":1}},"19":{"start":{"line":40,"column":15},"end":{"line":40,"column":44}},"20":{"start":{"line":41,"column":26},"end":{"line":41,"column":42}},"21":{"start":{"line":43,"column":20},"end":{"line":43,"column":50}},"22":{"start":{"line":45,"column":16},"end":{"line":45,"column":36}},"23":{"start":{"line":46,"column":14},"end":{"line":46,"column":28}},"24":{"start":{"line":48,"column":20},"end":{"line":48,"column":118}},"25":{"start":{"line":50,"column":22},"end":{"line":50,"column":57}},"26":{"start":{"line":52,"column":4},"end":{"line":69,"column":5}},"27":{"start":{"line":53,"column":8},"end":{"line":56,"column":10}},"28":{"start":{"line":58,"column":22},"end":{"line":63,"column":10}},"29":{"start":{"line":59,"column":12},"end":{"line":62,"column":84}},"30":{"start":{"line":65,"column":8},"end":{"line":68,"column":10}},"31":{"start":{"line":72,"column":0},"end":{"line":77,"column":1}},"32":{"start":{"line":73,"column":18},"end":{"line":73,"column":124}},"33":{"start":{"line":75,"column":4},"end":{"line":75,"column":19}},"34":{"start":{"line":79,"column":0},"end":{"line":84,"column":1}},"35":{"start":{"line":80,"column":4},"end":{"line":82,"column":7}},"36":{"start":{"line":81,"column":8},"end":{"line":81,"column":47}},"37":{"start":{"line":81,"column":17},"end":{"line":81,"column":47}},"38":{"start":{"line":83,"column":4},"end":{"line":83,"column":35}},"39":{"start":{"line":86,"column":0},"end":{"line":91,"column":1}},"40":{"start":{"line":87,"column":4},"end":{"line":89,"column":7}},"41":{"start":{"line":88,"column":8},"end":{"line":88,"column":47}},"42":{"start":{"line":88,"column":17},"end":{"line":88,"column":47}},"43":{"start":{"line":90,"column":4},"end":{"line":90,"column":35}},"44":{"start":{"line":93,"column":0},"end":{"line":98,"column":1}},"45":{"start":{"line":94,"column":4},"end":{"line":96,"column":7}},"46":{"start":{"line":95,"column":8},"end":{"line":95,"column":47}},"47":{"start":{"line":95,"column":17},"end":{"line":95,"column":47}},"48":{"start":{"line":97,"column":4},"end":{"line":97,"column":35}},"49":{"start":{"line":100,"column":0},"end":{"line":105,"column":1}},"50":{"start":{"line":101,"column":4},"end":{"line":103,"column":7}},"51":{"start":{"line":102,"column":8},"end":{"line":102,"column":47}},"52":{"start":{"line":102,"column":17},"end":{"line":102,"column":47}},"53":{"start":{"line":104,"column":4},"end":{"line":104,"column":35}},"54":{"start":{"line":108,"column":0},"end":{"line":156,"column":1}},"55":{"start":{"line":110,"column":15},"end":{"line":110,"column":44}},"56":{"start":{"line":111,"column":16},"end":{"line":111,"column":17}},"57":{"start":{"line":113,"column":20},"end":{"line":113,"column":37}},"58":{"start":{"line":115,"column":20},"end":{"line":115,"column":50}},"59":{"start":{"line":117,"column":16},"end":{"line":117,"column":36}},"60":{"start":{"line":118,"column":14},"end":{"line":118,"column":28}},"61":{"start":{"line":120,"column":19},"end":{"line":120,"column":133}},"62":{"start":{"line":122,"column":4},"end":{"line":154,"column":5}},"63":{"start":{"line":124,"column":26},"end":{"line":124,"column":60}},"64":{"start":{"line":126,"column":8},"end":{"line":128,"column":10}},"65":{"start":{"line":127,"column":12},"end":{"line":127,"column":41}},"66":{"start":{"line":130,"column":8},"end":{"line":134,"column":10}},"67":{"start":{"line":138,"column":25},"end":{"line":140,"column":10}},"68":{"start":{"line":139,"column":12},"end":{"line":139,"column":82}},"69":{"start":{"line":142,"column":26},"end":{"line":142,"column":62}},"70":{"start":{"line":144,"column":8},"end":{"line":146,"column":10}},"71":{"start":{"line":145,"column":12},"end":{"line":145,"column":41}},"72":{"start":{"line":148,"column":8},"end":{"line":152,"column":10}}},"fnMap":{"0":{"name":"(anonymous_0)","decl":{"start":{"line":6,"column":23},"end":{"line":6,"column":24}},"loc":{"start":{"line":6,"column":43},"end":{"line":37,"column":1}},"line":6},"1":{"name":"(anonymous_1)","decl":{"start":{"line":26,"column":15},"end":{"line":26,"column":16}},"loc":{"start":{"line":26,"column":26},"end":{"line":28,"column":5}},"line":26},"2":{"name":"(anonymous_2)","decl":{"start":{"line":39,"column":29},"end":{"line":39,"column":30}},"loc":{"start":{"line":39,"column":49},"end":{"line":70,"column":1}},"line":39},"3":{"name":"(anonymous_3)","decl":{"start":{"line":58,"column":37},"end":{"line":58,"column":38}},"loc":{"start":{"line":58,"column":46},"end":{"line":63,"column":9}},"line":58},"4":{"name":"(anonymous_4)","decl":{"start":{"line":72,"column":25},"end":{"line":72,"column":26}},"loc":{"start":{"line":72,"column":45},"end":{"line":77,"column":1}},"line":72},"5":{"name":"(anonymous_5)","decl":{"start":{"line":79,"column":30},"end":{"line":79,"column":31}},"loc":{"start":{"line":79,"column":50},"end":{"line":84,"column":1}},"line":79},"6":{"name":"(anonymous_6)","decl":{"start":{"line":80,"column":66},"end":{"line":80,"column":67}},"loc":{"start":{"line":80,"column":86},"end":{"line":82,"column":5}},"line":80},"7":{"name":"(anonymous_7)","decl":{"start":{"line":86,"column":26},"end":{"line":86,"column":27}},"loc":{"start":{"line":86,"column":46},"end":{"line":91,"column":1}},"line":86},"8":{"name":"(anonymous_8)","decl":{"start":{"line":87,"column":66},"end":{"line":87,"column":67}},"loc":{"start":{"line":87,"column":86},"end":{"line":89,"column":5}},"line":87},"9":{"name":"(anonymous_9)","decl":{"start":{"line":93,"column":33},"end":{"line":93,"column":34}},"loc":{"start":{"line":93,"column":53},"end":{"line":98,"column":1}},"line":93},"10":{"name":"(anonymous_10)","decl":{"start":{"line":94,"column":77},"end":{"line":94,"column":78}},"loc":{"start":{"line":94,"column":97},"end":{"line":96,"column":5}},"line":94},"11":{"name":"(anonymous_11)","decl":{"start":{"line":100,"column":29},"end":{"line":100,"column":30}},"loc":{"start":{"line":100,"column":49},"end":{"line":105,"column":1}},"line":100},"12":{"name":"(anonymous_12)","decl":{"start":{"line":101,"column":66},"end":{"line":101,"column":67}},"loc":{"start":{"line":101,"column":86},"end":{"line":103,"column":5}},"line":101},"13":{"name":"(anonymous_13)","decl":{"start":{"line":108,"column":31},"end":{"line":108,"column":32}},"loc":{"start":{"line":108,"column":51},"end":{"line":156,"column":1}},"line":108},"14":{"name":"(anonymous_14)","decl":{"start":{"line":126,"column":19},"end":{"line":126,"column":20}},"loc":{"start":{"line":126,"column":30},"end":{"line":128,"column":9}},"line":126},"15":{"name":"(anonymous_15)","decl":{"start":{"line":138,"column":39},"end":{"line":138,"column":40}},"loc":{"start":{"line":138,"column":48},"end":{"line":140,"column":9}},"line":138},"16":{"name":"(anonymous_16)","decl":{"start":{"line":144,"column":21},"end":{"line":144,"column":22}},"loc":{"start":{"line":144,"column":32},"end":{"line":146,"column":9}},"line":144}},"branchMap":{"0":{"loc":{"start":{"line":7,"column":15},"end":{"line":7,"column":44}},"type":"binary-expr","locations":[{"start":{"line":7,"column":15},"end":{"line":7,"column":39}},{"start":{"line":7,"column":43},"end":{"line":7,"column":44}}],"line":7},"1":{"loc":{"start":{"line":12,"column":20},"end":{"line":12,"column":50}},"type":"binary-expr","locations":[{"start":{"line":12,"column":20},"end":{"line":12,"column":45}},{"start":{"line":12,"column":49},"end":{"line":12,"column":50}}],"line":12},"2":{"loc":{"start":{"line":18,"column":4},"end":{"line":22,"column":5}},"type":"if","locations":[{"start":{"line":18,"column":4},"end":{"line":22,"column":5}},{"start":{"line":20,"column":11},"end":{"line":22,"column":5}}],"line":18},"3":{"loc":{"start":{"line":40,"column":15},"end":{"line":40,"column":44}},"type":"binary-expr","locations":[{"start":{"line":40,"column":15},"end":{"line":40,"column":39}},{"start":{"line":40,"column":43},"end":{"line":40,"column":44}}],"line":40},"4":{"loc":{"start":{"line":43,"column":20},"end":{"line":43,"column":50}},"type":"binary-expr","locations":[{"start":{"line":43,"column":20},"end":{"line":43,"column":45}},{"start":{"line":43,"column":49},"end":{"line":43,"column":50}}],"line":43},"5":{"loc":{"start":{"line":52,"column":4},"end":{"line":69,"column":5}},"type":"if","locations":[{"start":{"line":52,"column":4},"end":{"line":69,"column":5}},{"start":{"line":57,"column":11},"end":{"line":69,"column":5}}],"line":52},"6":{"loc":{"start":{"line":59,"column":19},"end":{"line":62,"column":84}},"type":"binary-expr","locations":[{"start":{"line":59,"column":19},"end":{"line":59,"column":95}},{"start":{"line":60,"column":16},"end":{"line":60,"column":93}},{"start":{"line":61,"column":16},"end":{"line":61,"column":96}},{"start":{"line":62,"column":16},"end":{"line":62,"column":84}}],"line":59},"7":{"loc":{"start":{"line":81,"column":8},"end":{"line":81,"column":47}},"type":"if","locations":[{"start":{"line":81,"column":8},"end":{"line":81,"column":47}},{"start":{},"end":{}}],"line":81},"8":{"loc":{"start":{"line":88,"column":8},"end":{"line":88,"column":47}},"type":"if","locations":[{"start":{"line":88,"column":8},"end":{"line":88,"column":47}},{"start":{},"end":{}}],"line":88},"9":{"loc":{"start":{"line":95,"column":8},"end":{"line":95,"column":47}},"type":"if","locations":[{"start":{"line":95,"column":8},"end":{"line":95,"column":47}},{"start":{},"end":{}}],"line":95},"10":{"loc":{"start":{"line":102,"column":8},"end":{"line":102,"column":47}},"type":"if","locations":[{"start":{"line":102,"column":8},"end":{"line":102,"column":47}},{"start":{},"end":{}}],"line":102},"11":{"loc":{"start":{"line":110,"column":15},"end":{"line":110,"column":44}},"type":"binary-expr","locations":[{"start":{"line":110,"column":15},"end":{"line":110,"column":39}},{"start":{"line":110,"column":43},"end":{"line":110,"column":44}}],"line":110},"12":{"loc":{"start":{"line":115,"column":20},"end":{"line":115,"column":50}},"type":"binary-expr","locations":[{"start":{"line":115,"column":20},"end":{"line":115,"column":45}},{"start":{"line":115,"column":49},"end":{"line":115,"column":50}}],"line":115},"13":{"loc":{"start":{"line":122,"column":4},"end":{"line":154,"column":5}},"type":"if","locations":[{"start":{"line":122,"column":4},"end":{"line":154,"column":5}},{"start":{"line":136,"column":9},"end":{"line":154,"column":5}}],"line":122}},"s":{"0":0,"1":0,"2":0,"3":0,"4":0,"5":0,"6":0,"7":0,"8":0,"9":0,"10":0,"11":0,"12":0,"13":0,"14":0,"15":0,"16":0,"17":0,"18":0,"19":0,"20":0,"21":0,"22":0,"23":0,"24":0,"25":0,"26":0,"27":0,"28":0,"29":0,"30":0,"31":0,"32":0,"33":0,"34":0,"35":0,"36":0,"37":0,"38":0,"39":0,"40":0,"41":0,"42":0,"43":0,"44":0,"45":0,"46":0,"47":0,"48":0,"49":0,"50":0,"51":0,"52":0,"53":0,"54":0,"55":0,"56":0,"57":0,"58":0,"59":0,"60":0,"61":0,"62":0,"63":0,"64":0,"65":0,"66":0,"67":0,"68":0,"69":0,"70":0,"71":0,"72":0},"f":{"0":0,"1":0,"2":0,"3":0,"4":0,"5":0,"6":0,"7":0,"8":0,"9":0,"10":0,"11":0,"12":0,"13":0,"14":0,"15":0,"16":0},"b":{"0":[0,0],"1":[0,0],"2":[0,0],"3":[0,0],"4":[0,0],"5":[0,0],"6":[0,0,0,0],"7":[0,0],"8":[0,0],"9":[0,0],"10":[0,0],"11":[0,0],"12":[0,0],"13":[0,0]}}
,"C:\\Users\\ADMIN\\Desktop\\sgu25_doan_ktpm\\server_app\\API\\Controller\\admin\\permission.controller.js": {"path":"C:\\Users\\ADMIN\\Desktop\\sgu25_doan_ktpm\\server_app\\API\\Controller\\admin\\permission.controller.js","statementMap":{"0":{"start":{"line":1,"column":19},"end":{"line":1,"column":56}},"1":{"start":{"line":3,"column":0},"end":{"line":33,"column":1}},"2":{"start":{"line":4,"column":15},"end":{"line":4,"column":44}},"3":{"start":{"line":5,"column":26},"end":{"line":5,"column":42}},"4":{"start":{"line":7,"column":20},"end":{"line":7,"column":50}},"5":{"start":{"line":8,"column":22},"end":{"line":8,"column":76}},"6":{"start":{"line":10,"column":16},"end":{"line":10,"column":36}},"7":{"start":{"line":11,"column":14},"end":{"line":11,"column":28}},"8":{"start":{"line":13,"column":23},"end":{"line":13,"column":46}},"9":{"start":{"line":16,"column":4},"end":{"line":32,"column":5}},"10":{"start":{"line":17,"column":8},"end":{"line":20,"column":10}},"11":{"start":{"line":23,"column":22},"end":{"line":26,"column":10}},"12":{"start":{"line":24,"column":12},"end":{"line":25,"column":82}},"13":{"start":{"line":28,"column":8},"end":{"line":31,"column":10}},"14":{"start":{"line":35,"column":0},"end":{"line":41,"column":1}},"15":{"start":{"line":37,"column":23},"end":{"line":37,"column":46}},"16":{"start":{"line":39,"column":4},"end":{"line":39,"column":24}},"17":{"start":{"line":43,"column":0},"end":{"line":60,"column":1}},"18":{"start":{"line":44,"column":23},"end":{"line":44,"column":46}},"19":{"start":{"line":46,"column":29},"end":{"line":48,"column":6}},"20":{"start":{"line":47,"column":8},"end":{"line":47,"column":81}},"21":{"start":{"line":50,"column":4},"end":{"line":59,"column":5}},"22":{"start":{"line":51,"column":8},"end":{"line":51,"column":45}},"23":{"start":{"line":53,"column":28},"end":{"line":53,"column":44}},"24":{"start":{"line":54,"column":8},"end":{"line":54,"column":106}},"25":{"start":{"line":54,"column":81},"end":{"line":54,"column":103}},"26":{"start":{"line":55,"column":8},"end":{"line":55,"column":49}},"27":{"start":{"line":57,"column":8},"end":{"line":57,"column":29}},"28":{"start":{"line":58,"column":8},"end":{"line":58,"column":51}},"29":{"start":{"line":62,"column":0},"end":{"line":74,"column":1}},"30":{"start":{"line":63,"column":4},"end":{"line":63,"column":26}},"31":{"start":{"line":64,"column":15},"end":{"line":64,"column":27}},"32":{"start":{"line":66,"column":4},"end":{"line":72,"column":6}},"33":{"start":{"line":67,"column":8},"end":{"line":70,"column":9}},"34":{"start":{"line":68,"column":12},"end":{"line":68,"column":34}},"35":{"start":{"line":69,"column":12},"end":{"line":69,"column":19}},"36":{"start":{"line":71,"column":8},"end":{"line":71,"column":39}},"37":{"start":{"line":76,"column":0},"end":{"line":80,"column":1}},"38":{"start":{"line":77,"column":23},"end":{"line":77,"column":71}},"39":{"start":{"line":79,"column":4},"end":{"line":79,"column":24}},"40":{"start":{"line":82,"column":0},"end":{"line":98,"column":1}},"41":{"start":{"line":83,"column":23},"end":{"line":83,"column":46}},"42":{"start":{"line":85,"column":29},"end":{"line":87,"column":6}},"43":{"start":{"line":86,"column":8},"end":{"line":86,"column":106}},"44":{"start":{"line":89,"column":4},"end":{"line":97,"column":5}},"45":{"start":{"line":90,"column":8},"end":{"line":90,"column":45}},"46":{"start":{"line":92,"column":8},"end":{"line":92,"column":106}},"47":{"start":{"line":92,"column":81},"end":{"line":92,"column":103}},"48":{"start":{"line":93,"column":8},"end":{"line":95,"column":11}},"49":{"start":{"line":94,"column":12},"end":{"line":94,"column":51}},"50":{"start":{"line":94,"column":21},"end":{"line":94,"column":51}},"51":{"start":{"line":96,"column":8},"end":{"line":96,"column":53}}},"fnMap":{"0":{"name":"(anonymous_0)","decl":{"start":{"line":3,"column":23},"end":{"line":3,"column":24}},"loc":{"start":{"line":3,"column":43},"end":{"line":33,"column":1}},"line":3},"1":{"name":"(anonymous_1)","decl":{"start":{"line":23,"column":40},"end":{"line":23,"column":41}},"loc":{"start":{"line":23,"column":49},"end":{"line":26,"column":9}},"line":23},"2":{"name":"(anonymous_2)","decl":{"start":{"line":35,"column":21},"end":{"line":35,"column":22}},"loc":{"start":{"line":35,"column":41},"end":{"line":41,"column":1}},"line":35},"3":{"name":"(anonymous_3)","decl":{"start":{"line":43,"column":24},"end":{"line":43,"column":25}},"loc":{"start":{"line":43,"column":44},"end":
[...]
ne":111,"column":9}},"line":107},"6":{"name":"(anonymous_6)","decl":{"start":{"line":114,"column":26},"end":{"line":114,"column":27}},"loc":{"start":{"line":114,"column":35},"end":{"line":134,"column":9}},"line":114},"7":{"name":"(anonymous_7)","decl":{"start":{"line":144,"column":32},"end":{"line":144,"column":33}},"loc":{"start":{"line":144,"column":52},"end":{"line":184,"column":1}},"line":144},"8":{"name":"(anonymous_8)","decl":{"start":{"line":152,"column":56},"end":{"line":152,"column":57}},"loc":{"start":{"line":152,"column":67},"end":{"line":155,"column":9}},"line":152},"9":{"name":"(anonymous_9)","decl":{"start":{"line":158,"column":26},"end":{"line":158,"column":27}},"loc":{"start":{"line":158,"column":35},"end":{"line":177,"column":9}},"line":158},"10":{"name":"(anonymous_10)","decl":{"start":{"line":187,"column":28},"end":{"line":187,"column":29}},"loc":{"start":{"line":187,"column":48},"end":{"line":210,"column":1}},"line":187},"11":{"name":"(anonymous_11)","decl":{"start":{"line":194,"column":26},"end":{"line":194,"column":27}},"loc":{"start":{"line":194,"column":35},"end":{"line":197,"column":9}},"line":194},"12":{"name":"(anonymous_12)","decl":{"start":{"line":200,"column":57},"end":{"line":200,"column":58}},"loc":{"start":{"line":200,"column":68},"end":{"line":203,"column":9}},"line":200}},"branchMap":{"0":{"loc":{"start":{"line":28,"column":12},"end":{"line":34,"column":13}},"type":"if","locations":[{"start":{"line":28,"column":12},"end":{"line":34,"column":13}},{"start":{},"end":{}}],"line":28},"1":{"loc":{"start":{"line":30,"column":16},"end":{"line":33,"column":17}},"type":"if","locations":[{"start":{"line":30,"column":16},"end":{"line":33,"column":17}},{"start":{},"end":{}}],"line":30},"2":{"loc":{"start":{"line":30,"column":20},"end":{"line":30,"column":104}},"type":"binary-expr","locations":[{"start":{"line":30,"column":20},"end":{"line":30,"column":61}},{"start":{"line":30,"column":65},"end":{"line":30,"column":104}}],"line":30},"3":{"loc":{"start":{"line":31,"column":38},"end":{"line":31,"column":54}},"type":"binary-expr","locations":[{"start":{"line":31,"column":38},"end":{"line":31,"column":49}},{"start":{"line":31,"column":53},"end":{"line":31,"column":54}}],"line":31},"4":{"loc":{"start":{"line":87,"column":17},"end":{"line":87,"column":45}},"type":"binary-expr","locations":[{"start":{"line":87,"column":17},"end":{"line":87,"column":25}},{"start":{"line":87,"column":29},"end":{"line":87,"column":45}}],"line":87},"5":{"loc":{"start":{"line":115,"column":12},"end":{"line":133,"column":13}},"type":"if","locations":[{"start":{"line":115,"column":12},"end":{"line":133,"column":13}},{"start":{},"end":{}}],"line":115},"6":{"loc":{"start":{"line":115,"column":16},"end":{"line":115,"column":48}},"type":"binary-expr","locations":[{"start":{"line":115,"column":16},"end":{"line":115,"column":33}},{"start":{"line":115,"column":37},"end":{"line":115,"column":48}}],"line":115},"7":{"loc":{"start":{"line":119,"column":16},"end":{"line":124,"column":17}},"type":"if","locations":[{"start":{"line":119,"column":16},"end":{"line":124,"column":17}},{"start":{"line":122,"column":23},"end":{"line":124,"column":17}}],"line":119},"8":{"loc":{"start":{"line":119,"column":20},"end":{"line":119,"column":92}},"type":"binary-expr","locations":[{"start":{"line":119,"column":20},"end":{"line":119,"column":57}},{"start":{"line":119,"column":61},"end":{"line":119,"column":92}}],"line":119},"9":{"loc":{"start":{"line":126,"column":16},"end":{"line":132,"column":17}},"type":"if","locations":[{"start":{"line":126,"column":16},"end":{"line":132,"column":17}},{"start":{},"end":{}}],"line":126},"10":{"loc":{"start":{"line":128,"column":20},"end":{"line":131,"column":21}},"type":"if","locations":[{"start":{"line":128,"column":20},"end":{"line":131,"column":21}},{"start":{},"end":{}}],"line":128},"11":{"loc":{"start":{"line":128,"column":24},"end":{"line":128,"column":48}},"type":"binary-expr","locations":[{"start":{"line":128,"column":24},"end":{"line":128,"column":34}},{"start":{"line":128,"column":38},"end":{"line":128,"column":48}}],"line":128},"12":{"loc":{"start":{"line":159,"column":12},"end":{"line":176,"column":13}},"type":"if","locations":[{"start":{"line":159,"column":12},"end":{"line":176,"column":13}},{"start":{},"end":{}}],"line":159},"13":{"loc":{"start":{"line":159,"column":16},"end":{"line":159,"column":48}},"type":"binary-expr","locations":[{"start":{"line":159,"column":16},"end":{"line":159,"column":33}},{"start":{"line":159,"column":37},"end":{"line":159,"column":48}}],"line":159},"14":{"loc":{"start":{"line":163,"column":16},"end":{"line":168,"column":17}},"type":"if","locations":[{"start":{"line":163,"column":16},"end":{"line":168,"column":17}},{"start":{"line":166,"column":23},"end":{"line":168,"column":17}}],"line":163},"15":{"loc":{"start":{"line":163,"column":20},"end":{"line":163,"column":92}},"type":"binary-expr","locations":[{"start":{"line":163,"column":20},"end":{"line":163,"column":57}},{"start":{"line":163,"column":61},"end":{"line":163,"column":92}}],"line":163},"16":{"loc":{"start":{"line":170,"column":16},"end":{"line":175,"column":17}},"type":"if","locations":[{"start":{"line":170,"column":16},"end":{"line":175,"column":17}},{"start":{},"end":{}}],"line":170},"17":{"loc":{"start":{"line":172,"column":20},"end":{"line":174,"column":21}},"type":"if","locations":[{"start":{"line":172,"column":20},"end":{"line":174,"column":21}},{"start":{},"end":{}}],"line":172},"18":{"loc":{"start":{"line":172,"column":24},"end":{"line":172,"column":48}},"type":"binary-expr","locations":[{"start":{"line":172,"column":24},"end":{"line":172,"column":34}},{"start":{"line":172,"column":38},"end":{"line":172,"column":48}}],"line":172},"19":{"loc":{"start":{"line":195,"column":27},"end":{"line":195,"column":59}},"type":"binary-expr","locations":[{"start":{"line":195,"column":27},"end":{"line":195,"column":39}},{"start":{"line":195,"column":43},"end":{"line":195,"column":59}}],"line":195},"20":{"loc":{"start":{"line":196,"column":35},"end":{"line":196,"column":59}},"type":"binary-expr","locations":[{"start":{"line":196,"column":35},"end":{"line":196,"column":54}},{"start":{"line":196,"column":58},"end":{"line":196,"column":59}}],"line":196}},"s":{"0":0,"1":0,"2":0,"3":0,"4":0,"5":0,"6":0,"7":0,"8":0,"9":0,"10":0,"11":0,"12":0,"13":0,"14":0,"15":0,"16":0,"17":0,"18":0,"19":0,"20":0,"21":0,"22":0,"23":0,"24":0,"25":0,"26":0,"27":0,"28":0,"29":0,"30":0,"31":0,"32":0,"33":0,"34":0,"35":0,"36":0,"37":0,"38":0,"39":0,"40":0,"41":0,"42":0,"43":0,"44":0,"45":0,"46":0,"47":0,"48":0,"49":0,"50":0,"51":0,"52":0,"53":0,"54":0,"55":0,"56":0,"57":0,"58":0,"59":0,"60":0,"61":0,"62":0,"63":0,"64":0,"65":0,"66":0,"67":0,"68":0,"69":0,"70":0,"71":0,"72":0,"73":0,"74":0,"75":0,"76":0,"77":0,"78":0,"79":0,"80":0,"81":0,"82":0,"83":0,"84":0,"85":0,"86":0,"87":0},"f":{"0":0,"1":0,"2":0,"3":0,"4":0,"5":0,"6":0,"7":0,"8":0,"9":0,"10":0,"11":0,"12":0},"b":{"0":[0,0],"1":[0,0],"2":[0,0],"3":[0,0],"4":[0,0],"5":[0,0],"6":[0,0],"7":[0,0],"8":[0,0],"9":[0,0],"10":[0,0],"11":[0,0],"12":[0,0],"13":[0,0],"14":[0,0],"15":[0,0],"16":[0,0],"17":[0,0],"18":[0,0],"19":[0,0],"20":[0,0]}}
,"C:\\Users\\ADMIN\\Desktop\\sgu25_doan_ktpm\\server_app\\API\\Router\\admin\\order.router.js": {"path":"C:\\Users\\ADMIN\\Desktop\\sgu25_doan_ktpm\\server_app\\API\\Router\\admin\\order.router.js","statementMap":{"0":{"start":{"line":1,"column":14},"end":{"line":1,"column":32}},"1":{"start":{"line":3,"column":13},"end":{"line":3,"column":29}},"2":{"start":{"line":5,"column":14},"end":{"line":5,"column":64}},"3":{"start":{"line":7,"column":0},"end":{"line":7,"column":28}},"4":{"start":{"line":9,"column":0},"end":{"line":9,"column":40}},"5":{"start":{"line":11,"column":0},"end":{"line":11,"column":49}},"6":{"start":{"line":13,"column":0},"end":{"line":13,"column":49}},"7":{"start":{"line":14,"column":0},"end":{"line":14,"column":47}},"8":{"start":{"line":15,"column":0},"end":{"line":15,"column":41}},"9":{"start":{"line":16,"column":0},"end":{"line":16,"column":55}},"10":{"start":{"line":18,"column":0},"end":{"line":18,"column":49}},"11":{"start":{"line":20,"column":0},"end":{"line":20,"column":23}}},"fnMap":{},"branchMap":{},"s":{"0":0,"1":0,"2":0,"3":0,"4":0,"5":0,"6":0,"7":0,"8":0,"9":0,"10":0,"11":0},"f":{},"b":{}}
,"C:\\Users\\ADMIN\\Desktop\\sgu25_doan_ktpm\\server_app\\API\\Router\\admin\\permission.router.js": {"path":"C:\\Users\\ADMIN\\Desktop\\sgu25_doan_ktpm\\server_app\\API\\Router\\admin\\permission.router.js","statementMap":{"0":{"start":{"line":1,"column":14},"end":{"line":1,"column":32}},"1":{"start":{"line":3,"column":13},"end":{"line":3,"column":29}},"2":{"start":{"line":5,"column":19},"end":{"line":5,"column":74}},"3":{"start":{"line":7,"column":0},"end":{"line":7,"column":33}},"4":{"start":{"line":8,"column":0},"end":{"line":8,"column":34}},"5":{"start":{"line":9,"column":0},"end":{"line":9,"column":38}},"6":{"start":{"line":11,"column":0},"end":{"line":11,"column":41}},"7":{"start":{"line":13,"column":0},"end":{"line":13,"column":43}},"8":{"start":{"line":14,"column":0},"end":{"line":14,"column":40}},"9":{"start":{"line":17,"column":0},"end":{"line":17,"column":23}}},"fnMap":{},"branchMap":{},"s":{"0":0,"1":0,"2":0,"3":0,"4":0,"5":0,"6":0,"7":0,"8":0,"9":0},"f":{},"b":{}}
,"C:\\Users\\ADMIN\\Desktop\\sgu25_doan_ktpm\\server_app\\API\\Router\\admin\\product.router.js": {"path":"C:\\Users\\ADMIN\\Desktop\\sgu25_doan_ktpm\\server_app\\API\\Router\\admin\\product.router.js","statementMap":{"0":{"start":{"line":1,"column":14},"end":{"line":1,"column":32}},"1":{"start":{"line":3,"column":13},"end":{"line":3,"column":29}},"2":{"start":{"line":5,"column":17},"end":{"line":5,"column":69}},"3":{"start":{"line":7,"column":0},"end":{"line":7,"column":31}},"4":{"start":{"line":8,"column":0},"end":{"line":8,"column":36}},"5":{"start":{"line":10,"column":0},"end":{"line":10,"column":39}},"6":{"start":{"line":12,"column":0},"end":{"line":12,"column":40}},"7":{"start":{"line":14,"column":0},"end":{"line":14,"column":41}},"8":{"start":{"line":17,"column":0},"end":{"line":17,"column":23}}},"fnMap":{},"branchMap":{},"s":{"0":0,"1":0,"2":0,"3":0,"4":0,"5":0,"6":0,"7":0,"8":0},"f":{},"b":{}}
,"C:\\Users\\ADMIN\\Desktop\\sgu25_doan_ktpm\\server_app\\API\\Router\\admin\\sale.router.js": {"path":"C:\\Users\\ADMIN\\Desktop\\sgu25_doan_ktpm\\server_app\\API\\Router\\admin\\sale.router.js","statementMap":{"0":{"start":{"line":1,"column":14},"end":{"line":1,"column":32}},"1":{"start":{"line":3,"column":13},"end":{"line":3,"column":29}},"2":{"start":{"line":5,"column":13},"end":{"line":5,"column":62}},"3":{"start":{"line":7,"column":0},"end":{"line":7,"column":27}},"4":{"start":{"line":9,"column":0},"end":{"line":9,"column":29}},"5":{"start":{"line":11,"column":0},"end":{"line":11,"column":31}},"6":{"start":{"line":13,"column":0},"end":{"line":13,"column":33}},"7":{"start":{"line":15,"column":0},"end":{"line":15,"column":38}},"8":{"start":{"line":17,"column":0},"end":{"line":17,"column":40}},"9":{"start":{"line":19,"column":0},"end":{"line":19,"column":23}}},"fnMap":{},"branchMap":{},"s":{"0":0,"1":0,"2":0,"3":0,"4":0,"5":0,"6":0,"7":0,"8":0,"9":0},"f":{},"b":{}}
,"C:\\Users\\ADMIN\\Desktop\\sgu25_doan_ktpm\\server_app\\API\\Router\\admin\\user.router.js": {"path":"C:\\Users\\ADMIN\\Desktop\\sgu25_doan_ktpm\\server_app\\API\\Router\\admin\\user.router.js","statementMap":{"0":{"start":{"line":1,"column":14},"end":{"line":1,"column":32}},"1":{"start":{"line":3,"column":13},"end":{"line":3,"column":29}},"2":{"start":{"line":5,"column":13},"end":{"line":5,"column":62}},"3":{"start":{"line":7,"column":0},"end":{"line":7,"column":27}},"4":{"start":{"line":8,"column":0},"end":{"line":8,"column":32}},"5":{"start":{"line":10,"column":0},"end":{"line":10,"column":35}},"6":{"start":{"line":12,"column":0},"end":{"line":12,"column":33}},"7":{"start":{"line":14,"column":0},"end":{"line":14,"column":36}},"8":{"start":{"line":16,"column":0},"end":{"line":16,"column":37}},"9":{"start":{"line":19,"column":0},"end":{"line":19,"column":23}}},"fnMap":{},"branchMap":{},"s":{"0":0,"1":0,"2":0,"3":0,"4":0,"5":0,"6":0,"7":0,"8":0,"9":0},"f":{},"b":{}}
,"C:\\Users\\ADMIN\\Desktop\\sgu25_doan_ktpm\\server_app\\Models\\cart.js": {"path":"C:\\Users\\ADMIN\\Desktop\\sgu25_doan_ktpm\\server_app\\Models\\cart.js","statementMap":{"0":{"start":{"line":1,"column":15},"end":{"line":1,"column":34}},"1":{"start":{"line":3,"column":13},"end":{"line":13,"column":1}},"2":{"start":{"line":15,"column":12},"end":{"line":15,"column":51}},"3":{"start":{"line":17,"column":0},"end":{"line":17,"column":23}}},"fnMap":{},"branchMap":{},"s":{"0":0,"1":0,"2":0,"3":0},"f":{},"b":{}}
,"C:\\Users\\ADMIN\\Desktop\\sgu25_doan_ktpm\\server_app\\Models\\category.js": {"path":"C:\\Users\\ADMIN\\Desktop\\sgu25_doan_ktpm\\server_app\\Models\\category.js","statementMap":{"0":{"start":{"line":1,"column":15},"end":{"line":1,"column":34}},"1":{"start":{"line":3,"column":13},"end":{"line":7,"column":1}},"2":{"start":{"line":9,"column":15},"end":{"line":9,"column":61}},"3":{"start":{"line":11,"column":0},"end":{"line":11,"column":26}}},"fnMap":{},"branchMap":{},"s":{"0":3,"1":3,"2":3,"3":3},"f":{},"b":{},"_coverageSchema":"1a1c01bbd47fc00a2c39e90264f33305004495a9","hash":"16c51e78607c9cc8e52af2bed779e175c66d74e4"}
,"C:\\Users\\ADMIN\\Desktop\\sgu25_doan_ktpm\\server_app\\Models\\comment.js": {"path":"C:\\Users\\ADMIN\\Desktop\\sgu25_doan_ktpm\\server_app\\Models\\comment.js","statementMap":{"0":{"start":{"line":1,"column":15},"end":{"line":1,"column":34}},"1":{"start":{"line":3,"column":13},"end":{"line":13,"column":1}},"2":{"start":{"line":15,"column":14},"end":{"line":15,"column":58}},"3":{"start":{"line":17,"column":0},"end":{"line":17,"column":25}}},"fnMap":{},"branchMap":{},"s":{"0":0,"1":0,"2":0,"3":0},"f":{},"b":{}}
,"C:\\Users\\ADMIN\\Desktop\\sgu25_doan_ktpm\\server_app\\Models\\coupon.js": {"path":"C:\\Users\\ADMIN\\Desktop\\sgu25_doan_ktpm\\server_app\\Models\\coupon.js","statementMap":{"0":{"start":{"line":1,"column":15},"end":{"line":1,"column":34}},"1":{"start":{"line":3,"column":13},"end":{"line":10,"column":1}},"2":{"start":{"line":12,"column":13},"end":{"line":12,"column":55}},"3":{"start":{"line":14,"column":0},"end":{"line":14,"column":24}}},"fnMap":{},"branchMap":{},"s":{"0":0,"1":0,"2":0,"3":0},"f":{},"b":{}}
,"C:\\Users\\ADMIN\\Desktop\\sgu25_doan_ktpm\\server_app\\Models\\delivery.js": {"path":"C:\\Users\\ADMIN\\Desktop\\sgu25_doan_ktpm\\server_app\\Models\\delivery.js","statementMap":{"0":{"start":{"line":1,"column":15},"end":{"line":1,"column":34}},"1":{"start":{"line":3,"column":13},"end":{"line":12,"column":1}},"2":{"start":{"line":14,"column":15},"end":{"line":14,"column":61}},"3":{"start":{"line":16,"column":0},"end":{"line":16,"column":26}}},"fnMap":{},"branchMap":{},"s":{"0":0,"1":0,"2":0,"3":0},"f":{},"b":{}}
,"C:\\Users\\ADMIN\\Desktop\\sgu25_doan_ktpm\\server_app\\Models\\detail_order.js": {"path":"C:\\Users\\ADMIN\\Desktop\\sgu25_doan_ktpm\\server_app\\Models\\detail_order.js","statementMap":{"0":{"start":{"line":1,"column":15},"end":{"line":1,"column":34}},"1":{"start":{"line":3,"column":13},"end":{"line":18,"column":1}},"2":{"start":{"line":20,"column":19},"end":{"line":20,"column":73}},"3":{"start":{"line":22,"column":0},"end":{"line":22,"column":30}}},"fnMap":{},"branchMap":{},"s":{"0":1,"1":1,"2":1,"3":1},"f":{},"b":{},"_coverageSchema":"1a1c01bbd47fc00a2c39e90264f33305004495a9","hash":"053e0eb7954049a42d2ecf96902cdacc4bc666c8"}
,"C:\\Users\\ADMIN\\Desktop\\sgu25_doan_ktpm\\server_app\\Models\\favorite.js": {"path":"C:\\Users\\ADMIN\\Desktop\\sgu25_doan_ktpm\\server_app\\Models\\favorite.js","statementMap":{"0":{"start":{"line":1,"column":15},"end":{"line":1,"column":34}},"1":{"start":{"line":3,"column":13},"end":{"line":12,"column":2}},"2":{"start":{"line":14,"column":15},"end":{"line":14,"column":61}},"3":{"start":{"line":16,"column":0},"end":{"line":16,"column":26}}},"fnMap":{},"branchMap":{},"s":{"0":0,"1":0,"2":0,"3":0},"f":{},"b":{}}
,"C:\\Users\\ADMIN\\Desktop\\sgu25_doan_ktpm\\server_app\\Models\\note.js": {"path":"C:\\Users\\ADMIN\\Desktop\\sgu25_doan_ktpm\\server_app\\Models\\note.js","statementMap":{"0":{"start":{"line":1,"column":15},"end":{"line":1,"column":34}},"1":{"start":{"line":3,"column":13},"end":{"line":8,"column":1}},"2":{"start":{"line":10,"column":11},"end":{"line":10,"column":49}},"3":{"start":{"line":12,"column":0},"end":{"line":12,"column":22}}},"fnMap":{},"branchMap":{},"s":{"0":0,"1":0,"2":0,"3":0},"f":{},"b":{}}
,"C:\\Users\\ADMIN\\Desktop\\sgu25_doan_ktpm\\server_app\\Models\\order.js": {"path":"C:\\Users\\ADMIN\\Desktop\\sgu25_doan_ktpm\\server_app\\Models\\order.js","statementMap":{"0":{"start":{"line":1,"column":15},"end":{"line":1,"column":34}},"1":{"start":{"line":3,"column":13},"end":{"line":25,"column":1}},"2":{"start":{"line":27,"column":12},"end":{"line":27,"column":52}},"3":{"start":{"line":29,"column":0},"end":{"line":29,"column":23}}},"fnMap":{},"branchMap":{},"s":{"0":2,"1":2,"2":2,"3":2},"f":{},"b":{},"_coverageSchema":"1a1c01bbd47fc00a2c39e90264f33305004495a9","hash":"f8fd1dbe1942a7a1801acca09386eb9c1aba1c0f"}
,"C:\\Users\\ADMIN\\Desktop\\sgu25_doan_ktpm\\server_app\\Models\\payment.js": {"path":"C:\\Users\\ADMIN\\Desktop\\sgu25_doan_ktpm\\server_app\\Models\\payment.js","statementMap":{"0":{"start":{"line":1,"column":15},"end":{"line":1,"column":34}},"1":{"start":{"line":3,"column":13},"end":{"line":7,"column":1}},"2":{"start":{"line":9,"column":14},"end":{"line":9,"column":58}},"3":{"start":{"line":11,"column":0},"end":{"line":11,"column":25}}},"fnMap":{},"branchMap":{},"s":{"0":0,"1":0,"2":0,"3":0},"f":{},"b":{}}
,"C:\\Users\\ADMIN\\Desktop\\sgu25_doan_ktpm\\server_app\\Models\\permission.js": {"path":"C:\\Users\\ADMIN\\Desktop\\sgu25_doan_ktpm\\server_app\\Models\\permission.js","statementMap":{"0":{"start":{"line":2,"column":17},"end":{"line":2,"column":36}},"1":{"start":{"line":4,"column":25},"end":{"line":6,"column":2}},"2":{"start":{"line":8,"column":19},"end":{"line":8,"column":79}},"3":{"start":{"line":10,"column":0},"end":{"line":10,"column":28}}},"fnMap":{},"branchMap":{},"s":{"0":0,"1":0,"2":0,"3":0},"f":{},"b":{}}
,"C:\\Users\\ADMIN\\Desktop\\sgu25_doan_ktpm\\server_app\\Models\\product.js": {"path":"C:\\Users\\ADMIN\\Desktop\\sgu25_doan_ktpm\\server_app\\Models\\product.js","statementMap":{"0":{"start":{"line":1,"column":15},"end":{"line":1,"column":34}},"1":{"start":{"line":3,"column":13},"end":{"line":19,"column":1}},"2":{"start":{"line":21,"column":15},"end":{"line":21,"column":60}},"3":{"start":{"line":23,"column":0},"end":{"line":23,"column":26}}},"fnMap":{},"branchMap":{},"s":{"0":3,"1":3,"2":3,"3":3},"f":{},"b":{},"_coverageSchema":"1a1c01bbd47fc00a2c39e90264f33305004495a9","hash":"5329dceea3079d1d38ef1654cb2300119b56ea17"}
,"C:\\Users\\ADMIN\\Desktop\\sgu25_doan_ktpm\\server_app\\Models\\sale.js": {"path":"C:\\Users\\ADMIN\\Desktop\\sgu25_doan_ktpm\\server_app\\Models\\sale.js","statementMap":{"0":{"start":{"line":1,"column":15},"end":{"line":1,"column":34}},"1":{"start":{"line":3,"column":13},"end":{"line":15,"column":1}},"2":{"start":{"line":17,"column":11},"end":{"line":17,"column":49}},"3":{"start":{"line":19,"column":0},"end":{"line":19,"column":22}}},"fnMap":{},"branchMap":{},"s":{"0":0,"1":0,"2":0,"3":0},"f":{},"b":{}}
,"C:\\Users\\ADMIN\\Desktop\\sgu25_doan_ktpm\\server_app\\Models\\user.js": {"path":"C:\\Users\\ADMIN\\Desktop\\sgu25_doan_ktpm\\server_app\\Models\\user.js","statementMap":{"0":{"start":{"line":1,"column":15},"end":{"line":1,"column":34}},"1":{"start":{"line":3,"column":13},"end":{"line":17,"column":1}},"2":{"start":{"line":19,"column":12},"end":{"line":19,"column":51}},"3":{"start":{"line":21,"column":0},"end":{"line":21,"column":23}}},"fnMap":{},"branchMap":{},"s":{"0":4,"1":4,"2":4,"3":4},"f":{},"b":{},"_coverageSchema":"1a1c01bbd47fc00a2c39e90264f33305004495a9","hash":"1d86734b46930fc2bf08ea864d313121a4125a2e"}
}
